<?xml version="1.0" encoding="UTF-8"?>
<testng-results skipped="0" failed="0" total="543" passed="543">
  <reporter-output>
  </reporter-output>
  <suite name="Surefire suite" duration-ms="9570" started-at="2016-09-20T05:49:57Z" finished-at="2016-09-20T05:50:07Z">
    <groups>
    </groups>
    <test name="Surefire test" duration-ms="9570" started-at="2016-09-20T05:49:57Z" finished-at="2016-09-20T05:50:07Z">
      <class name="io.swagger.codegen.tizen.TizenClientOptionsTest">
        <test-method status="PASS" signature="checkOptionsHelp()[pri:0, instance:io.swagger.codegen.tizen.TizenClientOptionsTest@eafc191]" name="checkOptionsHelp" duration-ms="4" started-at="2016-09-20T11:20:06Z" description="check if all options described in documentation are presented in test case" finished-at="2016-09-20T11:20:06Z">
          <reporter-output>
          </reporter-output>
        </test-method> <!-- checkOptionsHelp -->
        <test-method status="PASS" signature="checkOptionsProcessing()[pri:0, instance:io.swagger.codegen.tizen.TizenClientOptionsTest@eafc191]" name="checkOptionsProcessing" duration-ms="80" started-at="2016-09-20T11:20:06Z" finished-at="2016-09-20T11:20:06Z">
          <reporter-output>
          </reporter-output>
        </test-method> <!-- checkOptionsProcessing -->
      </class> <!-- io.swagger.codegen.tizen.TizenClientOptionsTest -->
      <class name="io.swagger.codegen.InlineModelResolverTest">
        <test-method status="PASS" signature="notResolveNonModelBodyParameter()[pri:0, instance:io.swagger.codegen.InlineModelResolverTest@7a9273a8]" name="notResolveNonModelBodyParameter" duration-ms="3" started-at="2016-09-20T11:20:02Z" finished-at="2016-09-20T11:20:02Z">
          <reporter-output>
          </reporter-output>
        </test-method> <!-- notResolveNonModelBodyParameter -->
        <test-method status="PASS" signature="resolveInlineArrayBodyParameter()[pri:0, instance:io.swagger.codegen.InlineModelResolverTest@7a9273a8]" name="resolveInlineArrayBodyParameter" duration-ms="1" started-at="2016-09-20T11:20:02Z" finished-at="2016-09-20T11:20:02Z">
          <reporter-output>
          </reporter-output>
        </test-method> <!-- resolveInlineArrayBodyParameter -->
        <test-method status="PASS" signature="resolveInlineArrayModelWithoutTitle()[pri:0, instance:io.swagger.codegen.InlineModelResolverTest@7a9273a8]" name="resolveInlineArrayModelWithoutTitle" duration-ms="1" started-at="2016-09-20T11:20:02Z" finished-at="2016-09-20T11:20:02Z">
          <reporter-output>
          </reporter-output>
        </test-method> <!-- resolveInlineArrayModelWithoutTitle -->
        <test-method status="PASS" signature="resolveInlineArrayModelWithTitle()[pri:0, instance:io.swagger.codegen.InlineModelResolverTest@7a9273a8]" name="resolveInlineArrayModelWithTitle" duration-ms="0" started-at="2016-09-20T11:20:02Z" finished-at="2016-09-20T11:20:02Z">
          <reporter-output>
          </reporter-output>
        </test-method> <!-- resolveInlineArrayModelWithTitle -->
        <test-method status="PASS" signature="resolveInlineArrayResponseWithTitle()[pri:0, instance:io.swagger.codegen.InlineModelResolverTest@7a9273a8]" name="resolveInlineArrayResponseWithTitle" duration-ms="0" started-at="2016-09-20T11:20:02Z" finished-at="2016-09-20T11:20:02Z">
          <reporter-output>
          </reporter-output>
        </test-method> <!-- resolveInlineArrayResponseWithTitle -->
        <test-method status="PASS" signature="resolveInlineBodyParameter()[pri:0, instance:io.swagger.codegen.InlineModelResolverTest@7a9273a8]" name="resolveInlineBodyParameter" duration-ms="1" started-at="2016-09-20T11:20:02Z" finished-at="2016-09-20T11:20:02Z">
          <reporter-output>
          </reporter-output>
        </test-method> <!-- resolveInlineBodyParameter -->
        <test-method status="PASS" signature="resolveInlineArrayResponse()[pri:0, instance:io.swagger.codegen.InlineModelResolverTest@7a9273a8]" name="resolveInlineArrayResponse" duration-ms="0" started-at="2016-09-20T11:20:02Z" finished-at="2016-09-20T11:20:02Z">
          <reporter-output>
          </reporter-output>
        </test-method> <!-- resolveInlineArrayResponse -->
        <test-method status="PASS" signature="resolveInlineBodyParameterWithTitle()[pri:0, instance:io.swagger.codegen.InlineModelResolverTest@7a9273a8]" name="resolveInlineBodyParameterWithTitle" duration-ms="0" started-at="2016-09-20T11:20:02Z" finished-at="2016-09-20T11:20:02Z">
          <reporter-output>
          </reporter-output>
        </test-method> <!-- resolveInlineBodyParameterWithTitle -->
        <test-method status="PASS" signature="resolveInlineModel2DifferentInnerModelsWIthSameTitle()[pri:0, instance:io.swagger.codegen.InlineModelResolverTest@7a9273a8]" name="resolveInlineModel2DifferentInnerModelsWIthSameTitle" duration-ms="0" started-at="2016-09-20T11:20:02Z" finished-at="2016-09-20T11:20:02Z">
          <reporter-output>
          </reporter-output>
        </test-method> <!-- resolveInlineModel2DifferentInnerModelsWIthSameTitle -->
        <test-method status="PASS" signature="resolveInlineModel2EqualInnerModels()[pri:0, instance:io.swagger.codegen.InlineModelResolverTest@7a9273a8]" name="resolveInlineModel2EqualInnerModels" duration-ms="1" started-at="2016-09-20T11:20:02Z" finished-at="2016-09-20T11:20:02Z">
          <reporter-output>
          </reporter-output>
        </test-method> <!-- resolveInlineModel2EqualInnerModels -->
        <test-method status="PASS" signature="resolveInlineModelTestWithTitle()[pri:0, instance:io.swagger.codegen.InlineModelResolverTest@7a9273a8]" name="resolveInlineModelTestWithTitle" duration-ms="0" started-at="2016-09-20T11:20:02Z" finished-at="2016-09-20T11:20:02Z">
          <reporter-output>
          </reporter-output>
        </test-method> <!-- resolveInlineModelTestWithTitle -->
        <test-method status="PASS" signature="resolveInlineModelTestWithoutTitle()[pri:0, instance:io.swagger.codegen.InlineModelResolverTest@7a9273a8]" name="resolveInlineModelTestWithoutTitle" duration-ms="0" started-at="2016-09-20T11:20:02Z" finished-at="2016-09-20T11:20:02Z">
          <reporter-output>
          </reporter-output>
        </test-method> <!-- resolveInlineModelTestWithoutTitle -->
        <test-method status="PASS" signature="testArbitraryObjectBodyParam()[pri:0, instance:io.swagger.codegen.InlineModelResolverTest@7a9273a8]" name="testArbitraryObjectBodyParam" duration-ms="0" started-at="2016-09-20T11:20:02Z" finished-at="2016-09-20T11:20:02Z">
          <reporter-output>
          </reporter-output>
        </test-method> <!-- testArbitraryObjectBodyParam -->
        <test-method status="PASS" signature="testArbitraryObjectBodyParamArrayInline()[pri:0, instance:io.swagger.codegen.InlineModelResolverTest@7a9273a8]" name="testArbitraryObjectBodyParamArrayInline" duration-ms="4" started-at="2016-09-20T11:20:02Z" finished-at="2016-09-20T11:20:02Z">
          <reporter-output>
          </reporter-output>
        </test-method> <!-- testArbitraryObjectBodyParamArrayInline -->
        <test-method status="PASS" signature="testArbitraryObjectBodyParamWithArray()[pri:0, instance:io.swagger.codegen.InlineModelResolverTest@7a9273a8]" name="testArbitraryObjectBodyParamWithArray" duration-ms="0" started-at="2016-09-20T11:20:02Z" finished-at="2016-09-20T11:20:02Z">
          <reporter-output>
          </reporter-output>
        </test-method> <!-- testArbitraryObjectBodyParamWithArray -->
        <test-method status="PASS" signature="testArbitraryObjectModelWithArrayInlineWithTitle()[pri:0, instance:io.swagger.codegen.InlineModelResolverTest@7a9273a8]" name="testArbitraryObjectModelWithArrayInlineWithTitle" duration-ms="1" started-at="2016-09-20T11:20:02Z" finished-at="2016-09-20T11:20:02Z">
          <reporter-output>
          </reporter-output>
        </test-method> <!-- testArbitraryObjectModelWithArrayInlineWithTitle -->
        <test-method status="PASS" signature="testArbitraryObjectBodyParamInline()[pri:0, instance:io.swagger.codegen.InlineModelResolverTest@7a9273a8]" name="testArbitraryObjectBodyParamInline" duration-ms="0" started-at="2016-09-20T11:20:02Z" finished-at="2016-09-20T11:20:02Z">
          <reporter-output>
          </reporter-output>
        </test-method> <!-- testArbitraryObjectBodyParamInline -->
        <test-method status="PASS" signature="testArbitraryObjectModelInline()[pri:0, instance:io.swagger.codegen.InlineModelResolverTest@7a9273a8]" name="testArbitraryObjectModelInline" duration-ms="0" started-at="2016-09-20T11:20:02Z" finished-at="2016-09-20T11:20:02Z">
          <reporter-output>
          </reporter-output>
        </test-method> <!-- testArbitraryObjectModelInline -->
        <test-method status="PASS" signature="testArbitraryObjectResponseMapInline()[pri:0, instance:io.swagger.codegen.InlineModelResolverTest@7a9273a8]" name="testArbitraryObjectResponseMapInline" duration-ms="1" started-at="2016-09-20T11:20:02Z" finished-at="2016-09-20T11:20:02Z">
          <reporter-output>
          </reporter-output>
        </test-method> <!-- testArbitraryObjectResponseMapInline -->
        <test-method status="PASS" signature="testArbitraryObjectResponseArrayInline()[pri:0, instance:io.swagger.codegen.InlineModelResolverTest@7a9273a8]" name="testArbitraryObjectResponseArrayInline" duration-ms="0" started-at="2016-09-20T11:20:02Z" finished-at="2016-09-20T11:20:02Z">
          <reporter-output>
          </reporter-output>
        </test-method> <!-- testArbitraryObjectResponseArrayInline -->
        <test-method status="PASS" signature="testArbitraryObjectResponseArray()[pri:0, instance:io.swagger.codegen.InlineModelResolverTest@7a9273a8]" name="testArbitraryObjectResponseArray" duration-ms="0" started-at="2016-09-20T11:20:02Z" finished-at="2016-09-20T11:20:02Z">
          <reporter-output>
          </reporter-output>
        </test-method> <!-- testArbitraryObjectResponseArray -->
        <test-method status="PASS" signature="testArbitraryObjectModelWithArrayInlineWithoutTitle()[pri:0, instance:io.swagger.codegen.InlineModelResolverTest@7a9273a8]" name="testArbitraryObjectModelWithArrayInlineWithoutTitle" duration-ms="0" started-at="2016-09-20T11:20:02Z" finished-at="2016-09-20T11:20:02Z">
          <reporter-output>
          </reporter-output>
        </test-method> <!-- testArbitraryObjectModelWithArrayInlineWithoutTitle -->
        <test-method status="PASS" signature="testArbitraryObjectResponse()[pri:0, instance:io.swagger.codegen.InlineModelResolverTest@7a9273a8]" name="testArbitraryObjectResponse" duration-ms="0" started-at="2016-09-20T11:20:02Z" finished-at="2016-09-20T11:20:02Z">
          <reporter-output>
          </reporter-output>
        </test-method> <!-- testArbitraryObjectResponse -->
        <test-method status="PASS" signature="testArrayResponse()[pri:0, instance:io.swagger.codegen.InlineModelResolverTest@7a9273a8]" name="testArrayResponse" duration-ms="0" started-at="2016-09-20T11:20:02Z" finished-at="2016-09-20T11:20:02Z">
          <reporter-output>
          </reporter-output>
        </test-method> <!-- testArrayResponse -->
        <test-method status="PASS" signature="testBasicInput()[pri:0, instance:io.swagger.codegen.InlineModelResolverTest@7a9273a8]" name="testBasicInput" duration-ms="5" started-at="2016-09-20T11:20:02Z" finished-at="2016-09-20T11:20:02Z">
          <reporter-output>
          </reporter-output>
        </test-method> <!-- testBasicInput -->
        <test-method status="PASS" signature="testInlineMapResponse()[pri:0, instance:io.swagger.codegen.InlineModelResolverTest@7a9273a8]" name="testInlineMapResponse" duration-ms="0" started-at="2016-09-20T11:20:02Z" finished-at="2016-09-20T11:20:02Z">
          <reporter-output>
          </reporter-output>
        </test-method> <!-- testInlineMapResponse -->
        <test-method status="PASS" signature="testInlineResponseModelWithTitle()[pri:0, instance:io.swagger.codegen.InlineModelResolverTest@7a9273a8]" name="testInlineResponseModelWithTitle" duration-ms="0" started-at="2016-09-20T11:20:02Z" finished-at="2016-09-20T11:20:02Z">
          <reporter-output>
          </reporter-output>
        </test-method> <!-- testInlineResponseModelWithTitle -->
        <test-method status="PASS" signature="testInlineResponseModel()[pri:0, instance:io.swagger.codegen.InlineModelResolverTest@7a9273a8]" name="testInlineResponseModel" duration-ms="0" started-at="2016-09-20T11:20:02Z" finished-at="2016-09-20T11:20:02Z">
          <reporter-output>
          </reporter-output>
        </test-method> <!-- testInlineResponseModel -->
        <test-method status="PASS" signature="testInlineMapResponseWithObjectProperty()[pri:0, instance:io.swagger.codegen.InlineModelResolverTest@7a9273a8]" name="testInlineMapResponseWithObjectProperty" duration-ms="0" started-at="2016-09-20T11:20:02Z" finished-at="2016-09-20T11:20:02Z">
          <reporter-output>
          </reporter-output>
        </test-method> <!-- testInlineMapResponseWithObjectProperty -->
      </class> <!-- io.swagger.codegen.InlineModelResolverTest -->
      <class name="io.swagger.codegen.scala.ScalaModelTest">
        <test-method status="PASS" signature="arrayModelTest()[pri:0, instance:io.swagger.codegen.scala.ScalaModelTest@5ed828d]" name="arrayModelTest" duration-ms="4" started-at="2016-09-20T11:20:04Z" description="convert an array model" finished-at="2016-09-20T11:20:04Z">
          <reporter-output>
          </reporter-output>
        </test-method> <!-- arrayModelTest -->
        <test-method status="PASS" signature="complexListPropertyTest()[pri:0, instance:io.swagger.codegen.scala.ScalaModelTest@5ed828d]" name="complexListPropertyTest" duration-ms="1" started-at="2016-09-20T11:20:04Z" description="convert a model with complex list property" finished-at="2016-09-20T11:20:04Z">
          <reporter-output>
          </reporter-output>
        </test-method> <!-- complexListPropertyTest -->
        <test-method status="PASS" signature="complexMapPropertyTest()[pri:0, instance:io.swagger.codegen.scala.ScalaModelTest@5ed828d]" name="complexMapPropertyTest" duration-ms="1" started-at="2016-09-20T11:20:04Z" description="convert a model with complex map property" finished-at="2016-09-20T11:20:04Z">
          <reporter-output>
          </reporter-output>
        </test-method> <!-- complexMapPropertyTest -->
        <test-method status="PASS" signature="complexPropertyTest()[pri:0, instance:io.swagger.codegen.scala.ScalaModelTest@5ed828d]" name="complexPropertyTest" duration-ms="1" started-at="2016-09-20T11:20:04Z" description="convert a model with complex properties" finished-at="2016-09-20T11:20:04Z">
          <reporter-output>
          </reporter-output>
        </test-method> <!-- complexPropertyTest -->
        <test-method status="PASS" signature="listPropertyTest()[pri:0, instance:io.swagger.codegen.scala.ScalaModelTest@5ed828d]" name="listPropertyTest" duration-ms="2" started-at="2016-09-20T11:20:04Z" description="convert a model with list property" finished-at="2016-09-20T11:20:04Z">
          <reporter-output>
          </reporter-output>
        </test-method> <!-- listPropertyTest -->
        <test-method status="PASS" signature="mapModelTest()[pri:0, instance:io.swagger.codegen.scala.ScalaModelTest@5ed828d]" name="mapModelTest" duration-ms="1" started-at="2016-09-20T11:20:04Z" description="convert an map model" finished-at="2016-09-20T11:20:04Z">
          <reporter-output>
          </reporter-output>
        </test-method> <!-- mapModelTest -->
        <test-method status="PASS" signature="mapPropertyTest()[pri:0, instance:io.swagger.codegen.scala.ScalaModelTest@5ed828d]" name="mapPropertyTest" duration-ms="1" started-at="2016-09-20T11:20:04Z" description="convert a model with a map property" finished-at="2016-09-20T11:20:04Z">
          <reporter-output>
          </reporter-output>
        </test-method> <!-- mapPropertyTest -->
        <test-method status="PASS" signature="simpleModelTest()[pri:0, instance:io.swagger.codegen.scala.ScalaModelTest@5ed828d]" name="simpleModelTest" duration-ms="1" started-at="2016-09-20T11:20:04Z" description="convert a simple scala model" finished-at="2016-09-20T11:20:04Z">
          <reporter-output>
          </reporter-output>
        </test-method> <!-- simpleModelTest -->
      </class> <!-- io.swagger.codegen.scala.ScalaModelTest -->
      <class name="io.swagger.codegen.statichtml.StaticHtmlOptionsTest">
        <test-method status="PASS" signature="checkOptionsHelp()[pri:0, instance:io.swagger.codegen.statichtml.StaticHtmlOptionsTest@63440df3]" name="checkOptionsHelp" duration-ms="2" started-at="2016-09-20T11:20:05Z" description="check if all options described in documentation are presented in test case" finished-at="2016-09-20T11:20:05Z">
          <reporter-output>
          </reporter-output>
        </test-method> <!-- checkOptionsHelp -->
        <test-method status="PASS" signature="checkOptionsProcessing()[pri:0, instance:io.swagger.codegen.statichtml.StaticHtmlOptionsTest@63440df3]" name="checkOptionsProcessing" duration-ms="73" started-at="2016-09-20T11:20:05Z" finished-at="2016-09-20T11:20:06Z">
          <reporter-output>
          </reporter-output>
        </test-method> <!-- checkOptionsProcessing -->
      </class> <!-- io.swagger.codegen.statichtml.StaticHtmlOptionsTest -->
      <class name="io.swagger.codegen.jaxrs.JaxRSServerOptionsTest">
        <test-method status="PASS" signature="checkOptionsHelp()[pri:0, instance:io.swagger.codegen.jaxrs.JaxRSServerOptionsTest@59906517]" name="checkOptionsHelp" duration-ms="5" started-at="2016-09-20T11:20:02Z" description="check if all options described in documentation are presented in test case" finished-at="2016-09-20T11:20:02Z">
          <reporter-output>
          </reporter-output>
        </test-method> <!-- checkOptionsHelp -->
        <test-method status="PASS" signature="checkOptionsProcessing()[pri:0, instance:io.swagger.codegen.jaxrs.JaxRSServerOptionsTest@59906517]" name="checkOptionsProcessing" duration-ms="135" started-at="2016-09-20T11:20:02Z" finished-at="2016-09-20T11:20:03Z">
          <reporter-output>
          </reporter-output>
        </test-method> <!-- checkOptionsProcessing -->
      </class> <!-- io.swagger.codegen.jaxrs.JaxRSServerOptionsTest -->
      <class name="io.swagger.codegen.java.JavaModelEnumTest">
        <test-method status="PASS" signature="converterTest()[pri:0, instance:io.swagger.codegen.java.JavaModelEnumTest@1500955a]" name="converterTest" duration-ms="2" started-at="2016-09-20T11:20:02Z" description="convert a java model with an enum" finished-at="2016-09-20T11:20:02Z">
          <reporter-output>
          </reporter-output>
        </test-method> <!-- converterTest -->
        <test-method status="PASS" signature="overrideEnumTest()[pri:0, instance:io.swagger.codegen.java.JavaModelEnumTest@1500955a]" name="overrideEnumTest" duration-ms="2" started-at="2016-09-20T11:20:02Z" description="not override identical parent enums" finished-at="2016-09-20T11:20:02Z">
          <reporter-output>
          </reporter-output>
        </test-method> <!-- overrideEnumTest -->
      </class> <!-- io.swagger.codegen.java.JavaModelEnumTest -->
      <class name="io.swagger.codegen.java.JavaInheritanceTest">
        <test-method status="PASS" signature="javaInheritanceTest()[pri:0, instance:io.swagger.codegen.java.JavaInheritanceTest@7ce6a65d]" name="javaInheritanceTest" duration-ms="4" started-at="2016-09-20T11:20:02Z" description="convert a composed model with parent" finished-at="2016-09-20T11:20:02Z">
          <reporter-output>
          </reporter-output>
        </test-method> <!-- javaInheritanceTest -->
        <test-method status="PASS" signature="javaInheritanceWithDiscriminatorTest()[pri:0, instance:io.swagger.codegen.java.JavaInheritanceTest@7ce6a65d]" name="javaInheritanceWithDiscriminatorTest" duration-ms="0" started-at="2016-09-20T11:20:02Z" description="convert a composed model with discriminator" finished-at="2016-09-20T11:20:02Z">
          <reporter-output>
          </reporter-output>
        </test-method> <!-- javaInheritanceWithDiscriminatorTest -->
      </class> <!-- io.swagger.codegen.java.JavaInheritanceTest -->
      <class name="io.swagger.codegen.android.AndroidClientOptionsTest">
        <test-method status="PASS" signature="checkOptionsHelp()[pri:0, instance:io.swagger.codegen.android.AndroidClientOptionsTest@ea1a8d5]" name="checkOptionsHelp" duration-ms="9" started-at="2016-09-20T11:19:58Z" description="check if all options described in documentation are presented in test case" finished-at="2016-09-20T11:19:58Z">
          <reporter-output>
          </reporter-output>
        </test-method> <!-- checkOptionsHelp -->
        <test-method status="PASS" signature="checkOptionsProcessing()[pri:0, instance:io.swagger.codegen.android.AndroidClientOptionsTest@ea1a8d5]" name="checkOptionsProcessing" duration-ms="58" started-at="2016-09-20T11:19:58Z" finished-at="2016-09-20T11:19:58Z">
          <reporter-output>
          </reporter-output>
        </test-method> <!-- checkOptionsProcessing -->
      </class> <!-- io.swagger.codegen.android.AndroidClientOptionsTest -->
      <class name="io.swagger.codegen.SwaggerMigratorTest">
        <test-method status="PASS" signature="swaggerMigratorTest()[pri:0, instance:io.swagger.codegen.SwaggerMigratorTest@4d3167f4]" name="swaggerMigratorTest" duration-ms="164" started-at="2016-09-20T11:20:06Z" description="read a 1.2 spec" finished-at="2016-09-20T11:20:06Z">
          <reporter-output>
          </reporter-output>
        </test-method> <!-- swaggerMigratorTest -->
      </class> <!-- io.swagger.codegen.SwaggerMigratorTest -->
      <class name="io.swagger.codegen.jaxrs.JaxrsJava8ModelTest">
        <test-method status="PASS" signature="simpleModelTest()[pri:0, instance:io.swagger.codegen.jaxrs.JaxrsJava8ModelTest@6043cd28]" name="simpleModelTest" duration-ms="9" started-at="2016-09-20T11:20:02Z" description="convert a simple java model with java8 types" finished-at="2016-09-20T11:20:02Z">
          <reporter-output>
          </reporter-output>
        </test-method> <!-- simpleModelTest -->
      </class> <!-- io.swagger.codegen.jaxrs.JaxrsJava8ModelTest -->
      <class name="io.swagger.codegen.staticDocs.StaticDocOptionsTest">
        <test-method status="PASS" signature="checkOptionsHelp()[pri:0, instance:io.swagger.codegen.staticDocs.StaticDocOptionsTest@a38d7a3]" name="checkOptionsHelp" duration-ms="3" started-at="2016-09-20T11:20:05Z" description="check if all options described in documentation are presented in test case" finished-at="2016-09-20T11:20:05Z">
          <reporter-output>
          </reporter-output>
        </test-method> <!-- checkOptionsHelp -->
        <test-method status="PASS" signature="checkOptionsProcessing()[pri:0, instance:io.swagger.codegen.staticDocs.StaticDocOptionsTest@a38d7a3]" name="checkOptionsProcessing" duration-ms="72" started-at="2016-09-20T11:20:05Z" finished-at="2016-09-20T11:20:05Z">
          <reporter-output>
          </reporter-output>
        </test-method> <!-- checkOptionsProcessing -->
      </class> <!-- io.swagger.codegen.staticDocs.StaticDocOptionsTest -->
      <class name="io.swagger.codegen.ignore.rules.IgnoreLineParserTest">
        <test-method status="PASS" signature="parseComment()[pri:0, instance:io.swagger.codegen.ignore.rules.IgnoreLineParserTest@38bc8ab5]" name="parseComment" duration-ms="0" started-at="2016-09-20T11:20:02Z" finished-at="2016-09-20T11:20:02Z">
          <reporter-output>
          </reporter-output>
        </test-method> <!-- parseComment -->
        <test-method status="PASS" signature="parseDirectoryMarker()[pri:0, instance:io.swagger.codegen.ignore.rules.IgnoreLineParserTest@38bc8ab5]" name="parseDirectoryMarker" duration-ms="0" started-at="2016-09-20T11:20:02Z" finished-at="2016-09-20T11:20:02Z">
          <reporter-output>
          </reporter-output>
        </test-method> <!-- parseDirectoryMarker -->
        <test-method status="PASS" signature="parseEscapedExclamation()[pri:0, instance:io.swagger.codegen.ignore.rules.IgnoreLineParserTest@38bc8ab5]" name="parseEscapedExclamation" duration-ms="1" started-at="2016-09-20T11:20:02Z" finished-at="2016-09-20T11:20:02Z">
          <reporter-output>
          </reporter-output>
        </test-method> <!-- parseEscapedExclamation -->
        <test-method status="PASS" signature="parseComplex()[pri:0, instance:io.swagger.codegen.ignore.rules.IgnoreLineParserTest@38bc8ab5]" name="parseComplex" duration-ms="0" started-at="2016-09-20T11:20:02Z" finished-at="2016-09-20T11:20:02Z">
          <reporter-output>
          </reporter-output>
        </test-method> <!-- parseComplex -->
        <test-method status="PASS" signature="parseMatchAll()[pri:0, instance:io.swagger.codegen.ignore.rules.IgnoreLineParserTest@38bc8ab5]" name="parseMatchAll" duration-ms="0" started-at="2016-09-20T11:20:02Z" finished-at="2016-09-20T11:20:02Z">
          <reporter-output>
          </reporter-output>
        </test-method> <!-- parseMatchAll -->
        <test-method status="PASS" signature="parseNegate()[pri:0, instance:io.swagger.codegen.ignore.rules.IgnoreLineParserTest@38bc8ab5]" name="parseNegate" duration-ms="1" started-at="2016-09-20T11:20:02Z" finished-at="2016-09-20T11:20:02Z">
          <exception class="io.swagger.codegen.ignore.rules.ParserException">
            <message>
              <![CDATA[Negation with no negated pattern.]]>
            </message>
            <full-stacktrace>
              <![CDATA[io.swagger.codegen.ignore.rules.ParserException: Negation with no negated pattern.
	at io.swagger.codegen.ignore.rules.IgnoreLineParser.parse(IgnoreLineParser.java:52)
	at io.swagger.codegen.ignore.rules.IgnoreLineParserTest.verifyInputToSingleToken(IgnoreLineParserTest.java:14)
	at io.swagger.codegen.ignore.rules.IgnoreLineParserTest.parseNegate(IgnoreLineParserTest.java:38)
	at sun.reflect.NativeMethodAccessorImpl.invoke0(Native Method)
	at java.lang.reflect.Method.invoke(Method.java:497)
	at org.apache.maven.surefire.testng.TestNGExecutor.run(TestNGExecutor.java:132)
	at org.apache.maven.surefire.testng.TestNGDirectoryTestSuite.executeMulti(TestNGDirectoryTestSuite.java:193)
	at org.apache.maven.surefire.testng.TestNGDirectoryTestSuite.execute(TestNGDirectoryTestSuite.java:94)
	at org.apache.maven.surefire.testng.TestNGProvider.invoke(TestNGProvider.java:147)
	at org.apache.maven.surefire.booter.ForkedBooter.invokeProviderInSameClassLoader(ForkedBooter.java:290)
	at org.apache.maven.surefire.booter.ForkedBooter.runSuitesInProcess(ForkedBooter.java:242)
	at org.apache.maven.surefire.booter.ForkedBooter.main(ForkedBooter.java:121)
]]>
            </full-stacktrace>
          </exception> <!-- io.swagger.codegen.ignore.rules.ParserException -->
          <reporter-output>
          </reporter-output>
        </test-method> <!-- parseNegate -->
        <test-method status="PASS" signature="parseEscapedSpace()[pri:0, instance:io.swagger.codegen.ignore.rules.IgnoreLineParserTest@38bc8ab5]" name="parseEscapedSpace" duration-ms="0" started-at="2016-09-20T11:20:02Z" finished-at="2016-09-20T11:20:02Z">
          <reporter-output>
          </reporter-output>
        </test-method> <!-- parseEscapedSpace -->
        <test-method status="PASS" signature="parseMatchAny()[pri:0, instance:io.swagger.codegen.ignore.rules.IgnoreLineParserTest@38bc8ab5]" name="parseMatchAny" duration-ms="0" started-at="2016-09-20T11:20:02Z" finished-at="2016-09-20T11:20:02Z">
          <reporter-output>
          </reporter-output>
        </test-method> <!-- parseMatchAny -->
        <test-method status="PASS" signature="parseRooted()[pri:0, instance:io.swagger.codegen.ignore.rules.IgnoreLineParserTest@38bc8ab5]" name="parseRooted" duration-ms="0" started-at="2016-09-20T11:20:02Z" finished-at="2016-09-20T11:20:02Z">
          <reporter-output>
          </reporter-output>
        </test-method> <!-- parseRooted -->
        <test-method status="PASS" signature="parseTripleStarPattern()[pri:0, instance:io.swagger.codegen.ignore.rules.IgnoreLineParserTest@38bc8ab5]" name="parseTripleStarPattern" duration-ms="0" started-at="2016-09-20T11:20:02Z" finished-at="2016-09-20T11:20:02Z">
          <exception class="io.swagger.codegen.ignore.rules.ParserException">
            <message>
              <![CDATA[The pattern *** is invalid.]]>
            </message>
            <full-stacktrace>
              <![CDATA[io.swagger.codegen.ignore.rules.ParserException: The pattern *** is invalid.
	at io.swagger.codegen.ignore.rules.IgnoreLineParser.parse(IgnoreLineParser.java:74)
	at io.swagger.codegen.ignore.rules.IgnoreLineParserTest.parseTripleStarPattern(IgnoreLineParserTest.java:153)
	at sun.reflect.NativeMethodAccessorImpl.invoke0(Native Method)
	at java.lang.reflect.Method.invoke(Method.java:497)
	at org.apache.maven.surefire.testng.TestNGExecutor.run(TestNGExecutor.java:132)
	at org.apache.maven.surefire.testng.TestNGDirectoryTestSuite.executeMulti(TestNGDirectoryTestSuite.java:193)
	at org.apache.maven.surefire.testng.TestNGDirectoryTestSuite.execute(TestNGDirectoryTestSuite.java:94)
	at org.apache.maven.surefire.testng.TestNGProvider.invoke(TestNGProvider.java:147)
	at org.apache.maven.surefire.booter.ForkedBooter.invokeProviderInSameClassLoader(ForkedBooter.java:290)
	at org.apache.maven.surefire.booter.ForkedBooter.runSuitesInProcess(ForkedBooter.java:242)
	at org.apache.maven.surefire.booter.ForkedBooter.main(ForkedBooter.java:121)
]]>
            </full-stacktrace>
          </exception> <!-- io.swagger.codegen.ignore.rules.ParserException -->
          <reporter-output>
          </reporter-output>
        </test-method> <!-- parseTripleStarPattern -->
      </class> <!-- io.swagger.codegen.ignore.rules.IgnoreLineParserTest -->
      <class name="io.swagger.codegen.spring.SpringOptionsTest">
        <test-method status="PASS" signature="checkOptionsHelp()[pri:0, instance:io.swagger.codegen.spring.SpringOptionsTest@1a3869f4]" name="checkOptionsHelp" duration-ms="4" started-at="2016-09-20T11:20:05Z" description="check if all options described in documentation are presented in test case" finished-at="2016-09-20T11:20:05Z">
          <reporter-output>
          </reporter-output>
        </test-method> <!-- checkOptionsHelp -->
        <test-method status="PASS" signature="checkOptionsProcessing()[pri:0, instance:io.swagger.codegen.spring.SpringOptionsTest@1a3869f4]" name="checkOptionsProcessing" duration-ms="112" started-at="2016-09-20T11:20:05Z" finished-at="2016-09-20T11:20:05Z">
          <reporter-output>
          </reporter-output>
        </test-method> <!-- checkOptionsProcessing -->
      </class> <!-- io.swagger.codegen.spring.SpringOptionsTest -->
      <class name="io.swagger.codegen.scalatra.ScalatraServerOptionsTest">
        <test-method status="PASS" signature="checkOptionsHelp()[pri:0, instance:io.swagger.codegen.scalatra.ScalatraServerOptionsTest@50d0686]" name="checkOptionsHelp" duration-ms="3" started-at="2016-09-20T11:20:04Z" description="check if all options described in documentation are presented in test case" finished-at="2016-09-20T11:20:04Z">
          <reporter-output>
          </reporter-output>
        </test-method> <!-- checkOptionsHelp -->
        <test-method status="PASS" signature="checkOptionsProcessing()[pri:0, instance:io.swagger.codegen.scalatra.ScalatraServerOptionsTest@50d0686]" name="checkOptionsProcessing" duration-ms="96" started-at="2016-09-20T11:20:04Z" finished-at="2016-09-20T11:20:05Z">
          <reporter-output>
          </reporter-output>
        </test-method> <!-- checkOptionsProcessing -->
      </class> <!-- io.swagger.codegen.scalatra.ScalatraServerOptionsTest -->
      <class name="io.swagger.codegen.typescript.typescriptangular.TypeScriptAngularClientOptionsTest">
        <test-method status="PASS" signature="checkOptionsHelp()[pri:0, instance:io.swagger.codegen.typescript.typescriptangular.TypeScriptAngularClientOptionsTest@612679d6]" name="checkOptionsHelp" duration-ms="3" started-at="2016-09-20T11:20:07Z" description="check if all options described in documentation are presented in test case" finished-at="2016-09-20T11:20:07Z">
          <reporter-output>
          </reporter-output>
        </test-method> <!-- checkOptionsHelp -->
        <test-method status="PASS" signature="checkOptionsProcessing()[pri:0, instance:io.swagger.codegen.typescript.typescriptangular.TypeScriptAngularClientOptionsTest@612679d6]" name="checkOptionsProcessing" duration-ms="88" started-at="2016-09-20T11:20:07Z" finished-at="2016-09-20T11:20:07Z">
          <reporter-output>
          </reporter-output>
        </test-method> <!-- checkOptionsProcessing -->
      </class> <!-- io.swagger.codegen.typescript.typescriptangular.TypeScriptAngularClientOptionsTest -->
      <class name="io.swagger.codegen.swaggeryaml.SwaggerYamlOptionsTest">
        <test-method status="PASS" signature="checkOptionsHelp()[pri:0, instance:io.swagger.codegen.swaggeryaml.SwaggerYamlOptionsTest@ed9d034]" name="checkOptionsHelp" duration-ms="4" started-at="2016-09-20T11:20:06Z" description="check if all options described in documentation are presented in test case" finished-at="2016-09-20T11:20:06Z">
          <reporter-output>
          </reporter-output>
        </test-method> <!-- checkOptionsHelp -->
        <test-method status="PASS" signature="checkOptionsProcessing()[pri:0, instance:io.swagger.codegen.swaggeryaml.SwaggerYamlOptionsTest@ed9d034]" name="checkOptionsProcessing" duration-ms="73" started-at="2016-09-20T11:20:06Z" finished-at="2016-09-20T11:20:06Z">
          <reporter-output>
          </reporter-output>
        </test-method> <!-- checkOptionsProcessing -->
      </class> <!-- io.swagger.codegen.swaggeryaml.SwaggerYamlOptionsTest -->
      <class name="io.swagger.codegen.swagger.SwaggerOptionsTest">
        <test-method status="PASS" signature="checkOptionsHelp()[pri:0, instance:io.swagger.codegen.swagger.SwaggerOptionsTest@76a3e297]" name="checkOptionsHelp" duration-ms="4" started-at="2016-09-20T11:20:06Z" description="check if all options described in documentation are presented in test case" finished-at="2016-09-20T11:20:06Z">
          <reporter-output>
          </reporter-output>
        </test-method> <!-- checkOptionsHelp -->
        <test-method status="PASS" signature="checkOptionsProcessing()[pri:0, instance:io.swagger.codegen.swagger.SwaggerOptionsTest@76a3e297]" name="checkOptionsProcessing" duration-ms="79" started-at="2016-09-20T11:20:06Z" finished-at="2016-09-20T11:20:06Z">
          <reporter-output>
          </reporter-output>
        </test-method> <!-- checkOptionsProcessing -->
      </class> <!-- io.swagger.codegen.swagger.SwaggerOptionsTest -->
      <class name="io.swagger.codegen.CodegenConfigLoaderTest">
        <test-method status="PASS" signature="testLoadByFullQualifiedName(io.swagger.codegen.CodegenConfig)[pri:0, instance:io.swagger.codegen.CodegenConfigLoaderTest@33c7e1bb]" name="testLoadByFullQualifiedName" duration-ms="6" started-at="2016-09-20T11:19:59Z" data-provider="codegenConfig" finished-at="2016-09-20T11:19:59Z">
          <params>
            <param index="0">
              <value>
                <![CDATA[io.swagger.codegen.languages.AkkaScalaClientCodegen@786cc1df]]>
              </value>
            </param>
          </params>
          <reporter-output>
          </reporter-output>
        </test-method> <!-- testLoadByFullQualifiedName -->
        <test-method status="PASS" signature="testLoadByFullQualifiedName(io.swagger.codegen.CodegenConfig)[pri:0, instance:io.swagger.codegen.CodegenConfigLoaderTest@33c7e1bb]" name="testLoadByFullQualifiedName" duration-ms="4" started-at="2016-09-20T11:19:59Z" data-provider="codegenConfig" finished-at="2016-09-20T11:19:59Z">
          <params>
            <param index="0">
              <value>
                <![CDATA[io.swagger.codegen.languages.JavascriptClientCodegen@1ddb6abb]]>
              </value>
            </param>
          </params>
          <reporter-output>
          </reporter-output>
        </test-method> <!-- testLoadByFullQualifiedName -->
        <test-method status="PASS" signature="testLoadByFullQualifiedName(io.swagger.codegen.CodegenConfig)[pri:0, instance:io.swagger.codegen.CodegenConfigLoaderTest@33c7e1bb]" name="testLoadByFullQualifiedName" duration-ms="4" started-at="2016-09-20T11:19:59Z" data-provider="codegenConfig" finished-at="2016-09-20T11:19:59Z">
          <params>
            <param index="0">
              <value>
                <![CDATA[io.swagger.codegen.languages.SinatraServerCodegen@6f926d01]]>
              </value>
            </param>
          </params>
          <reporter-output>
          </reporter-output>
        </test-method> <!-- testLoadByFullQualifiedName -->
        <test-method status="PASS" signature="testLoadByFullQualifiedName(io.swagger.codegen.CodegenConfig)[pri:0, instance:io.swagger.codegen.CodegenConfigLoaderTest@33c7e1bb]" name="testLoadByFullQualifiedName" duration-ms="3" started-at="2016-09-20T11:19:59Z" data-provider="codegenConfig" finished-at="2016-09-20T11:19:59Z">
          <params>
            <param index="0">
              <value>
                <![CDATA[io.swagger.codegen.languages.ErlangServerCodegen@c67a89]]>
              </value>
            </param>
          </params>
          <reporter-output>
          </reporter-output>
        </test-method> <!-- testLoadByFullQualifiedName -->
        <test-method status="PASS" signature="testLoadByFullQualifiedName(io.swagger.codegen.CodegenConfig)[pri:0, instance:io.swagger.codegen.CodegenConfigLoaderTest@33c7e1bb]" name="testLoadByFullQualifiedName" duration-ms="3" started-at="2016-09-20T11:19:59Z" data-provider="codegenConfig" finished-at="2016-09-20T11:19:59Z">
          <params>
            <param index="0">
              <value>
                <![CDATA[io.swagger.codegen.languages.RubyClientCodegen@1e3a2177]]>
              </value>
            </param>
          </params>
          <reporter-output>
          </reporter-output>
        </test-method> <!-- testLoadByFullQualifiedName -->
        <test-method status="PASS" signature="testLoadByFullQualifiedName(io.swagger.codegen.CodegenConfig)[pri:0, instance:io.swagger.codegen.CodegenConfigLoaderTest@33c7e1bb]" name="testLoadByFullQualifiedName" duration-ms="3" started-at="2016-09-20T11:19:59Z" data-provider="codegenConfig" finished-at="2016-09-20T11:19:59Z">
          <params>
            <param index="0">
              <value>
                <![CDATA[io.swagger.codegen.languages.ClojureClientCodegen@58720eb9]]>
              </value>
            </param>
          </params>
          <reporter-output>
          </reporter-output>
        </test-method> <!-- testLoadByFullQualifiedName -->
        <test-method status="PASS" signature="testLoadByFullQualifiedName(io.swagger.codegen.CodegenConfig)[pri:0, instance:io.swagger.codegen.CodegenConfigLoaderTest@33c7e1bb]" name="testLoadByFullQualifiedName" duration-ms="3" started-at="2016-09-20T11:19:59Z" data-provider="codegenConfig" finished-at="2016-09-20T11:19:59Z">
          <params>
            <param index="0">
              <value>
                <![CDATA[io.swagger.codegen.languages.SpringCodegen@24749ad3]]>
              </value>
            </param>
          </params>
          <reporter-output>
          </reporter-output>
        </test-method> <!-- testLoadByFullQualifiedName -->
        <test-method status="PASS" signature="testLoadByFullQualifiedName(io.swagger.codegen.CodegenConfig)[pri:0, instance:io.swagger.codegen.CodegenConfigLoaderTest@33c7e1bb]" name="testLoadByFullQualifiedName" duration-ms="3" started-at="2016-09-20T11:19:59Z" data-provider="codegenConfig" finished-at="2016-09-20T11:19:59Z">
          <params>
            <param index="0">
              <value>
                <![CDATA[io.swagger.codegen.languages.PythonClientCodegen@1755aee6]]>
              </value>
            </param>
          </params>
          <reporter-output>
          </reporter-output>
        </test-method> <!-- testLoadByFullQualifiedName -->
        <test-method status="PASS" signature="testLoadByFullQualifiedName(io.swagger.codegen.CodegenConfig)[pri:0, instance:io.swagger.codegen.CodegenConfigLoaderTest@33c7e1bb]" name="testLoadByFullQualifiedName" duration-ms="3" started-at="2016-09-20T11:19:59Z" data-provider="codegenConfig" finished-at="2016-09-20T11:19:59Z">
          <params>
            <param index="0">
              <value>
                <![CDATA[io.swagger.codegen.languages.CSharpClientCodegen@582b14e2]]>
              </value>
            </param>
          </params>
          <reporter-output>
          </reporter-output>
        </test-method> <!-- testLoadByFullQualifiedName -->
        <test-method status="PASS" signature="testLoadByFullQualifiedName(io.swagger.codegen.CodegenConfig)[pri:0, instance:io.swagger.codegen.CodegenConfigLoaderTest@33c7e1bb]" name="testLoadByFullQualifiedName" duration-ms="3" started-at="2016-09-20T11:19:59Z" data-provider="codegenConfig" finished-at="2016-09-20T11:19:59Z">
          <params>
            <param index="0">
              <value>
                <![CDATA[io.swagger.codegen.languages.GroovyClientCodegen@10e4ce98]]>
              </value>
            </param>
          </params>
          <reporter-output>
          </reporter-output>
        </test-method> <!-- testLoadByFullQualifiedName -->
        <test-method status="PASS" signature="testLoadByFullQualifiedName(io.swagger.codegen.CodegenConfig)[pri:0, instance:io.swagger.codegen.CodegenConfigLoaderTest@33c7e1bb]" name="testLoadByFullQualifiedName" duration-ms="3" started-at="2016-09-20T11:19:59Z" data-provider="codegenConfig" finished-at="2016-09-20T11:19:59Z">
          <params>
            <param index="0">
              <value>
                <![CDATA[io.swagger.codegen.languages.SilexServerCodegen@10466c55]]>
              </value>
            </param>
          </params>
          <reporter-output>
          </reporter-output>
        </test-method> <!-- testLoadByFullQualifiedName -->
        <test-method status="PASS" signature="testLoadByFullQualifiedName(io.swagger.codegen.CodegenConfig)[pri:0, instance:io.swagger.codegen.CodegenConfigLoaderTest@33c7e1bb]" name="testLoadByFullQualifiedName" duration-ms="4" started-at="2016-09-20T11:19:59Z" data-provider="codegenConfig" finished-at="2016-09-20T11:19:59Z">
          <params>
            <param index="0">
              <value>
                <![CDATA[io.swagger.codegen.languages.PerlClientCodegen@2a5ed225]]>
              </value>
            </param>
          </params>
          <reporter-output>
          </reporter-output>
        </test-method> <!-- testLoadByFullQualifiedName -->
        <test-method status="PASS" signature="testLoadByFullQualifiedName(io.swagger.codegen.CodegenConfig)[pri:0, instance:io.swagger.codegen.CodegenConfigLoaderTest@33c7e1bb]" name="testLoadByFullQualifiedName" duration-ms="2" started-at="2016-09-20T11:19:59Z" data-provider="codegenConfig" finished-at="2016-09-20T11:19:59Z">
          <params>
            <param index="0">
              <value>
                <![CDATA[io.swagger.codegen.languages.NancyFXServerCodegen@2a525f88]]>
              </value>
            </param>
          </params>
          <reporter-output>
          </reporter-output>
        </test-method> <!-- testLoadByFullQualifiedName -->
        <test-method status="PASS" signature="testLoadByFullQualifiedName(io.swagger.codegen.CodegenConfig)[pri:0, instance:io.swagger.codegen.CodegenConfigLoaderTest@33c7e1bb]" name="testLoadByFullQualifiedName" duration-ms="8" started-at="2016-09-20T11:19:59Z" data-provider="codegenConfig" finished-at="2016-09-20T11:19:59Z">
          <params>
            <param index="0">
              <value>
                <![CDATA[io.swagger.codegen.languages.ScalatraServerCodegen@1cf4d454]]>
              </value>
            </param>
          </params>
          <reporter-output>
          </reporter-output>
        </test-method> <!-- testLoadByFullQualifiedName -->
        <test-method status="PASS" signature="testLoadByFullQualifiedName(io.swagger.codegen.CodegenConfig)[pri:0, instance:io.swagger.codegen.CodegenConfigLoaderTest@33c7e1bb]" name="testLoadByFullQualifiedName" duration-ms="10" started-at="2016-09-20T11:19:59Z" data-provider="codegenConfig" finished-at="2016-09-20T11:19:59Z">
          <params>
            <param index="0">
              <value>
                <![CDATA[io.swagger.codegen.languages.JavaJerseyServerCodegen@3ff3275b]]>
              </value>
            </param>
          </params>
          <reporter-output>
          </reporter-output>
        </test-method> <!-- testLoadByFullQualifiedName -->
        <test-method status="PASS" signature="testLoadByFullQualifiedName(io.swagger.codegen.CodegenConfig)[pri:0, instance:io.swagger.codegen.CodegenConfigLoaderTest@33c7e1bb]" name="testLoadByFullQualifiedName" duration-ms="4" started-at="2016-09-20T11:19:59Z" data-provider="codegenConfig" finished-at="2016-09-20T11:19:59Z">
          <params>
            <param index="0">
              <value>
                <![CDATA[io.swagger.codegen.languages.ScalaClientCodegen@63e0057a]]>
              </value>
            </param>
          </params>
          <reporter-output>
          </reporter-output>
        </test-method> <!-- testLoadByFullQualifiedName -->
        <test-method status="PASS" signature="testLoadByFullQualifiedName(io.swagger.codegen.CodegenConfig)[pri:0, instance:io.swagger.codegen.CodegenConfigLoaderTest@33c7e1bb]" name="testLoadByFullQualifiedName" duration-ms="3" started-at="2016-09-20T11:19:59Z" data-provider="codegenConfig" finished-at="2016-09-20T11:19:59Z">
          <params>
            <param index="0">
              <value>
                <![CDATA[io.swagger.codegen.languages.GoClientCodegen@5b76b891]]>
              </value>
            </param>
          </params>
          <reporter-output>
          </reporter-output>
        </test-method> <!-- testLoadByFullQualifiedName -->
        <test-method status="PASS" signature="testLoadByFullQualifiedName(io.swagger.codegen.CodegenConfig)[pri:0, instance:io.swagger.codegen.CodegenConfigLoaderTest@33c7e1bb]" name="testLoadByFullQualifiedName" duration-ms="3" started-at="2016-09-20T11:19:59Z" data-provider="codegenConfig" finished-at="2016-09-20T11:19:59Z">
          <params>
            <param index="0">
              <value>
                <![CDATA[io.swagger.codegen.languages.SwaggerGenerator@611a91df]]>
              </value>
            </param>
          </params>
          <reporter-output>
          </reporter-output>
        </test-method> <!-- testLoadByFullQualifiedName -->
        <test-method status="PASS" signature="testLoadByFullQualifiedName(io.swagger.codegen.CodegenConfig)[pri:0, instance:io.swagger.codegen.CodegenConfigLoaderTest@33c7e1bb]" name="testLoadByFullQualifiedName" duration-ms="3" started-at="2016-09-20T11:19:59Z" data-provider="codegenConfig" finished-at="2016-09-20T11:19:59Z">
          <params>
            <param index="0">
              <value>
                <![CDATA[io.swagger.codegen.languages.JavascriptClosureAngularClientCodegen@47f5ab58]]>
              </value>
            </param>
          </params>
          <reporter-output>
          </reporter-output>
        </test-method> <!-- testLoadByFullQualifiedName -->
        <test-method status="PASS" signature="testLoadByFullQualifiedName(io.swagger.codegen.CodegenConfig)[pri:0, instance:io.swagger.codegen.CodegenConfigLoaderTest@33c7e1bb]" name="testLoadByFullQualifiedName" duration-ms="3" started-at="2016-09-20T11:19:59Z" data-provider="codegenConfig" finished-at="2016-09-20T11:19:59Z">
          <params>
            <param index="0">
              <value>
                <![CDATA[io.swagger.codegen.languages.StaticDocCodegen@245dbd09]]>
              </value>
            </param>
          </params>
          <reporter-output>
          </reporter-output>
        </test-method> <!-- testLoadByFullQualifiedName -->
        <test-method status="PASS" signature="testLoadByFullQualifiedName(io.swagger.codegen.CodegenConfig)[pri:0, instance:io.swagger.codegen.CodegenConfigLoaderTest@33c7e1bb]" name="testLoadByFullQualifiedName" duration-ms="3" started-at="2016-09-20T11:19:59Z" data-provider="codegenConfig" finished-at="2016-09-20T11:19:59Z">
          <params>
            <param index="0">
              <value>
                <![CDATA[io.swagger.codegen.languages.FlaskConnexionCodegen@4a013b23]]>
              </value>
            </param>
          </params>
          <reporter-output>
          </reporter-output>
        </test-method> <!-- testLoadByFullQualifiedName -->
        <test-method status="PASS" signature="testLoadByFullQualifiedName(io.swagger.codegen.CodegenConfig)[pri:0, instance:io.swagger.codegen.CodegenConfigLoaderTest@33c7e1bb]" name="testLoadByFullQualifiedName" duration-ms="3" started-at="2016-09-20T11:19:59Z" data-provider="codegenConfig" finished-at="2016-09-20T11:19:59Z">
          <params>
            <param index="0">
              <value>
                <![CDATA[io.swagger.codegen.languages.TypeScriptAngularClientCodegen@7f20dfd5]]>
              </value>
            </param>
          </params>
          <reporter-output>
          </reporter-output>
        </test-method> <!-- testLoadByFullQualifiedName -->
        <test-method status="PASS" signature="testLoadByFullQualifiedName(io.swagger.codegen.CodegenConfig)[pri:0, instance:io.swagger.codegen.CodegenConfigLoaderTest@33c7e1bb]" name="testLoadByFullQualifiedName" duration-ms="3" started-at="2016-09-20T11:19:59Z" data-provider="codegenConfig" finished-at="2016-09-20T11:19:59Z">
          <params>
            <param index="0">
              <value>
                <![CDATA[io.swagger.codegen.languages.StaticHtmlGenerator@15651402]]>
              </value>
            </param>
          </params>
          <reporter-output>
          </reporter-output>
        </test-method> <!-- testLoadByFullQualifiedName -->
        <test-method status="PASS" signature="testLoadByFullQualifiedName(io.swagger.codegen.CodegenConfig)[pri:0, instance:io.swagger.codegen.CodegenConfigLoaderTest@33c7e1bb]" name="testLoadByFullQualifiedName" duration-ms="4" started-at="2016-09-20T11:19:59Z" data-provider="codegenConfig" finished-at="2016-09-20T11:19:59Z">
          <params>
            <param index="0">
              <value>
                <![CDATA[io.swagger.codegen.languages.JavaCXFServerCodegen@5c194652]]>
              </value>
            </param>
          </params>
          <reporter-output>
          </reporter-output>
        </test-method> <!-- testLoadByFullQualifiedName -->
        <test-method status="PASS" signature="testLoadByFullQualifiedName(io.swagger.codegen.CodegenConfig)[pri:0, instance:io.swagger.codegen.CodegenConfigLoaderTest@33c7e1bb]" name="testLoadByFullQualifiedName" duration-ms="2" started-at="2016-09-20T11:19:59Z" data-provider="codegenConfig" finished-at="2016-09-20T11:19:59Z">
          <params>
            <param index="0">
              <value>
                <![CDATA[io.swagger.codegen.languages.DartClientCodegen@1f02b6d1]]>
              </value>
            </param>
          </params>
          <reporter-output>
          </reporter-output>
        </test-method> <!-- testLoadByFullQualifiedName -->
        <test-method status="PASS" signature="testLoadByFullQualifiedName(io.swagger.codegen.CodegenConfig)[pri:0, instance:io.swagger.codegen.CodegenConfigLoaderTest@33c7e1bb]" name="testLoadByFullQualifiedName" duration-ms="2" started-at="2016-09-20T11:19:59Z" data-provider="codegenConfig" finished-at="2016-09-20T11:19:59Z">
          <params>
            <param index="0">
              <value>
                <![CDATA[io.swagger.codegen.languages.NodeJSServerCodegen@66a50c93]]>
              </value>
            </param>
          </params>
          <reporter-output>
          </reporter-output>
        </test-method> <!-- testLoadByFullQualifiedName -->
        <test-method status="PASS" signature="testLoadByFullQualifiedName(io.swagger.codegen.CodegenConfig)[pri:0, instance:io.swagger.codegen.CodegenConfigLoaderTest@33c7e1bb]" name="testLoadByFullQualifiedName" duration-ms="3" started-at="2016-09-20T11:19:59Z" data-provider="codegenConfig" finished-at="2016-09-20T11:19:59Z">
          <params>
            <param index="0">
              <value>
                <![CDATA[io.swagger.codegen.languages.JavaResteasyServerCodegen@5bddd141]]>
              </value>
            </param>
          </params>
          <reporter-output>
          </reporter-output>
        </test-method> <!-- testLoadByFullQualifiedName -->
        <test-method status="PASS" signature="testLoadByFullQualifiedName(io.swagger.codegen.CodegenConfig)[pri:0, instance:io.swagger.codegen.CodegenConfigLoaderTest@33c7e1bb]" name="testLoadByFullQualifiedName" duration-ms="3" started-at="2016-09-20T11:19:59Z" data-provider="codegenConfig" finished-at="2016-09-20T11:19:59Z">
          <params>
            <param index="0">
              <value>
                <![CDATA[io.swagger.codegen.languages.Rails5ServerCodegen@4d6027be]]>
              </value>
            </param>
          </params>
          <reporter-output>
          </reporter-output>
        </test-method> <!-- testLoadByFullQualifiedName -->
        <test-method status="PASS" signature="testLoadByFullQualifiedName(io.swagger.codegen.CodegenConfig)[pri:0, instance:io.swagger.codegen.CodegenConfigLoaderTest@33c7e1bb]" name="testLoadByFullQualifiedName" duration-ms="3" started-at="2016-09-20T11:19:59Z" data-provider="codegenConfig" finished-at="2016-09-20T11:19:59Z">
          <params>
            <param index="0">
              <value>
                <![CDATA[io.swagger.codegen.languages.JMeterCodegen@475eb4fd]]>
              </value>
            </param>
          </params>
          <reporter-output>
          </reporter-output>
        </test-method> <!-- testLoadByFullQualifiedName -->
        <test-method status="PASS" signature="testLoadByFullQualifiedName(io.swagger.codegen.CodegenConfig)[pri:0, instance:io.swagger.codegen.CodegenConfigLoaderTest@33c7e1bb]" name="testLoadByFullQualifiedName" duration-ms="3" started-at="2016-09-20T11:19:59Z" data-provider="codegenConfig" finished-at="2016-09-20T11:19:59Z">
          <params>
            <param index="0">
              <value>
                <![CDATA[io.swagger.codegen.languages.Qt5CPPGenerator@951e911]]>
              </value>
            </param>
          </params>
          <reporter-output>
          </reporter-output>
        </test-method> <!-- testLoadByFullQualifiedName -->
        <test-method status="PASS" signature="testLoadByFullQualifiedName(io.swagger.codegen.CodegenConfig)[pri:0, instance:io.swagger.codegen.CodegenConfigLoaderTest@33c7e1bb]" name="testLoadByFullQualifiedName" duration-ms="3" started-at="2016-09-20T11:19:59Z" data-provider="codegenConfig" finished-at="2016-09-20T11:19:59Z">
          <params>
            <param index="0">
              <value>
                <![CDATA[io.swagger.codegen.languages.ObjcClientCodegen@3cb376a3]]>
              </value>
            </param>
          </params>
          <reporter-output>
          </reporter-output>
        </test-method> <!-- testLoadByFullQualifiedName -->
        <test-method status="PASS" signature="testLoadByFullQualifiedName(io.swagger.codegen.CodegenConfig)[pri:0, instance:io.swagger.codegen.CodegenConfigLoaderTest@33c7e1bb]" name="testLoadByFullQualifiedName" duration-ms="3" started-at="2016-09-20T11:19:59Z" data-provider="codegenConfig" finished-at="2016-09-20T11:19:59Z">
          <params>
            <param index="0">
              <value>
                <![CDATA[io.swagger.codegen.languages.FlashClientCodegen@7022fb5c]]>
              </value>
            </param>
          </params>
          <reporter-output>
          </reporter-output>
        </test-method> <!-- testLoadByFullQualifiedName -->
        <test-method status="PASS" signature="testLoadByFullQualifiedName(io.swagger.codegen.CodegenConfig)[pri:0, instance:io.swagger.codegen.CodegenConfigLoaderTest@33c7e1bb]" name="testLoadByFullQualifiedName" duration-ms="3" started-at="2016-09-20T11:19:59Z" data-provider="codegenConfig" finished-at="2016-09-20T11:19:59Z">
          <params>
            <param index="0">
              <value>
                <![CDATA[io.swagger.codegen.languages.AsyncScalaClientCodegen@426940f9]]>
              </value>
            </param>
          </params>
          <reporter-output>
          </reporter-output>
        </test-method> <!-- testLoadByFullQualifiedName -->
        <test-method status="PASS" signature="testLoadByFullQualifiedName(io.swagger.codegen.CodegenConfig)[pri:0, instance:io.swagger.codegen.CodegenConfigLoaderTest@33c7e1bb]" name="testLoadByFullQualifiedName" duration-ms="2" started-at="2016-09-20T11:19:59Z" data-provider="codegenConfig" finished-at="2016-09-20T11:19:59Z">
          <params>
            <param index="0">
              <value>
                <![CDATA[io.swagger.codegen.languages.PhpClientCodegen@447630c4]]>
              </value>
            </param>
          </params>
          <reporter-output>
          </reporter-output>
        </test-method> <!-- testLoadByFullQualifiedName -->
        <test-method status="PASS" signature="testLoadByFullQualifiedName(io.swagger.codegen.CodegenConfig)[pri:0, instance:io.swagger.codegen.CodegenConfigLoaderTest@33c7e1bb]" name="testLoadByFullQualifiedName" duration-ms="2" started-at="2016-09-20T11:19:59Z" data-provider="codegenConfig" finished-at="2016-09-20T11:19:59Z">
          <params>
            <param index="0">
              <value>
                <![CDATA[io.swagger.codegen.languages.AspNet5ServerCodegen@63d75087]]>
              </value>
            </param>
          </params>
          <reporter-output>
          </reporter-output>
        </test-method> <!-- testLoadByFullQualifiedName -->
        <test-method status="PASS" signature="testLoadByFullQualifiedName(io.swagger.codegen.CodegenConfig)[pri:0, instance:io.swagger.codegen.CodegenConfigLoaderTest@33c7e1bb]" name="testLoadByFullQualifiedName" duration-ms="3" started-at="2016-09-20T11:19:59Z" data-provider="codegenConfig" finished-at="2016-09-20T11:19:59Z">
          <params>
            <param index="0">
              <value>
                <![CDATA[io.swagger.codegen.languages.StaticHtml2Generator@4c8afba]]>
              </value>
            </param>
          </params>
          <reporter-output>
          </reporter-output>
        </test-method> <!-- testLoadByFullQualifiedName -->
        <test-method status="PASS" signature="testLoadByFullQualifiedName(io.swagger.codegen.CodegenConfig)[pri:0, instance:io.swagger.codegen.CodegenConfigLoaderTest@33c7e1bb]" name="testLoadByFullQualifiedName" duration-ms="3" started-at="2016-09-20T11:19:59Z" data-provider="codegenConfig" finished-at="2016-09-20T11:19:59Z">
          <params>
            <param index="0">
              <value>
                <![CDATA[io.swagger.codegen.languages.LumenServerCodegen@cae4952]]>
              </value>
            </param>
          </params>
          <reporter-output>
          </reporter-output>
        </test-method> <!-- testLoadByFullQualifiedName -->
        <test-method status="PASS" signature="testLoadByFullQualifiedName(io.swagger.codegen.CodegenConfig)[pri:0, instance:io.swagger.codegen.CodegenConfigLoaderTest@33c7e1bb]" name="testLoadByFullQualifiedName" duration-ms="8" started-at="2016-09-20T11:19:59Z" data-provider="codegenConfig" finished-at="2016-09-20T11:19:59Z">
          <params>
            <param index="0">
              <value>
                <![CDATA[io.swagger.codegen.languages.SwaggerYamlGenerator@79aba813]]>
              </value>
            </param>
          </params>
          <reporter-output>
          </reporter-output>
        </test-method> <!-- testLoadByFullQualifiedName -->
        <test-method status="PASS" signature="testLoadByFullQualifiedName(io.swagger.codegen.CodegenConfig)[pri:0, instance:io.swagger.codegen.CodegenConfigLoaderTest@33c7e1bb]" name="testLoadByFullQualifiedName" duration-ms="3" started-at="2016-09-20T11:19:59Z" data-provider="codegenConfig" finished-at="2016-09-20T11:19:59Z">
          <params>
            <param index="0">
              <value>
                <![CDATA[io.swagger.codegen.languages.TypeScriptFetchClientCodegen@20a18cc9]]>
              </value>
            </param>
          </params>
          <reporter-output>
          </reporter-output>
        </test-method> <!-- testLoadByFullQualifiedName -->
        <test-method status="PASS" signature="testLoadByFullQualifiedName(io.swagger.codegen.CodegenConfig)[pri:0, instance:io.swagger.codegen.CodegenConfigLoaderTest@33c7e1bb]" name="testLoadByFullQualifiedName" duration-ms="3" started-at="2016-09-20T11:19:59Z" data-provider="codegenConfig" finished-at="2016-09-20T11:19:59Z">
          <params>
            <param index="0">
              <value>
                <![CDATA[io.swagger.codegen.languages.UndertowCodegen@61555218]]>
              </value>
            </param>
          </params>
          <reporter-output>
          </reporter-output>
        </test-method> <!-- testLoadByFullQualifiedName -->
        <test-method status="PASS" signature="testLoadByFullQualifiedName(io.swagger.codegen.CodegenConfig)[pri:0, instance:io.swagger.codegen.CodegenConfigLoaderTest@33c7e1bb]" name="testLoadByFullQualifiedName" duration-ms="4" started-at="2016-09-20T11:19:59Z" data-provider="codegenConfig" finished-at="2016-09-20T11:19:59Z">
          <params>
            <param index="0">
              <value>
                <![CDATA[io.swagger.codegen.languages.SlimFrameworkServerCodegen@1fcf73b9]]>
              </value>
            </param>
          </params>
          <reporter-output>
          </reporter-output>
        </test-method> <!-- testLoadByFullQualifiedName -->
        <test-method status="PASS" signature="testLoadByFullQualifiedName(io.swagger.codegen.CodegenConfig)[pri:0, instance:io.swagger.codegen.CodegenConfigLoaderTest@33c7e1bb]" name="testLoadByFullQualifiedName" duration-ms="4" started-at="2016-09-20T11:19:59Z" data-provider="codegenConfig" finished-at="2016-09-20T11:19:59Z">
          <params>
            <param index="0">
              <value>
                <![CDATA[io.swagger.codegen.languages.TizenClientCodegen@3b80bb63]]>
              </value>
            </param>
          </params>
          <reporter-output>
          </reporter-output>
        </test-method> <!-- testLoadByFullQualifiedName -->
        <test-method status="PASS" signature="testLoadByFullQualifiedName(io.swagger.codegen.CodegenConfig)[pri:0, instance:io.swagger.codegen.CodegenConfigLoaderTest@33c7e1bb]" name="testLoadByFullQualifiedName" duration-ms="3" started-at="2016-09-20T11:19:59Z" data-provider="codegenConfig" finished-at="2016-09-20T11:19:59Z">
          <params>
            <param index="0">
              <value>
                <![CDATA[io.swagger.codegen.languages.ConfluenceWikiGenerator@17ebbf1e]]>
              </value>
            </param>
          </params>
          <reporter-output>
          </reporter-output>
        </test-method> <!-- testLoadByFullQualifiedName -->
        <test-method status="PASS" signature="testLoadByFullQualifiedName(io.swagger.codegen.CodegenConfig)[pri:0, instance:io.swagger.codegen.CodegenConfigLoaderTest@33c7e1bb]" name="testLoadByFullQualifiedName" duration-ms="4" started-at="2016-09-20T11:19:59Z" data-provider="codegenConfig" finished-at="2016-09-20T11:19:59Z">
          <params>
            <param index="0">
              <value>
                <![CDATA[io.swagger.codegen.languages.HaskellServantCodegen@5c65fa69]]>
              </value>
            </param>
          </params>
          <reporter-output>
          </reporter-output>
        </test-method> <!-- testLoadByFullQualifiedName -->
        <test-method status="PASS" signature="testLoadByFullQualifiedName(io.swagger.codegen.CodegenConfig)[pri:0, instance:io.swagger.codegen.CodegenConfigLoaderTest@33c7e1bb]" name="testLoadByFullQualifiedName" duration-ms="3" started-at="2016-09-20T11:19:59Z" data-provider="codegenConfig" finished-at="2016-09-20T11:19:59Z">
          <params>
            <param index="0">
              <value>
                <![CDATA[io.swagger.codegen.languages.AndroidClientCodegen@38d308e7]]>
              </value>
            </param>
          </params>
          <reporter-output>
          </reporter-output>
        </test-method> <!-- testLoadByFullQualifiedName -->
        <test-method status="PASS" signature="testLoadByFullQualifiedName(io.swagger.codegen.CodegenConfig)[pri:0, instance:io.swagger.codegen.CodegenConfigLoaderTest@33c7e1bb]" name="testLoadByFullQualifiedName" duration-ms="3" started-at="2016-09-20T11:19:59Z" data-provider="codegenConfig" finished-at="2016-09-20T11:19:59Z">
          <params>
            <param index="0">
              <value>
                <![CDATA[io.swagger.codegen.languages.JavaJAXRSSpecServerCodegen@6b6f73d]]>
              </value>
            </param>
          </params>
          <reporter-output>
          </reporter-output>
        </test-method> <!-- testLoadByFullQualifiedName -->
        <test-method status="PASS" signature="testLoadByFullQualifiedName(io.swagger.codegen.CodegenConfig)[pri:0, instance:io.swagger.codegen.CodegenConfigLoaderTest@33c7e1bb]" name="testLoadByFullQualifiedName" duration-ms="3" started-at="2016-09-20T11:19:59Z" data-provider="codegenConfig" finished-at="2016-09-20T11:19:59Z">
          <params>
            <param index="0">
              <value>
                <![CDATA[io.swagger.codegen.languages.SwiftCodegen@4c6fabba]]>
              </value>
            </param>
          </params>
          <reporter-output>
          </reporter-output>
        </test-method> <!-- testLoadByFullQualifiedName -->
        <test-method status="PASS" signature="testLoadByFullQualifiedName(io.swagger.codegen.CodegenConfig)[pri:0, instance:io.swagger.codegen.CodegenConfigLoaderTest@33c7e1bb]" name="testLoadByFullQualifiedName" duration-ms="2" started-at="2016-09-20T11:19:59Z" data-provider="codegenConfig" finished-at="2016-09-20T11:19:59Z">
          <params>
            <param index="0">
              <value>
                <![CDATA[io.swagger.codegen.languages.GoServerCodegen@3f2ab6ec]]>
              </value>
            </param>
          </params>
          <reporter-output>
          </reporter-output>
        </test-method> <!-- testLoadByFullQualifiedName -->
        <test-method status="PASS" signature="testLoadByFullQualifiedName(io.swagger.codegen.CodegenConfig)[pri:0, instance:io.swagger.codegen.CodegenConfigLoaderTest@33c7e1bb]" name="testLoadByFullQualifiedName" duration-ms="2" started-at="2016-09-20T11:19:59Z" data-provider="codegenConfig" finished-at="2016-09-20T11:19:59Z">
          <params>
            <param index="0">
              <value>
                <![CDATA[io.swagger.codegen.languages.TypeScriptAngular2ClientCodegen@1f1e15de]]>
              </value>
            </param>
          </params>
          <reporter-output>
          </reporter-output>
        </test-method> <!-- testLoadByFullQualifiedName -->
        <test-method status="PASS" signature="testLoadByFullQualifiedName(io.swagger.codegen.CodegenConfig)[pri:0, instance:io.swagger.codegen.CodegenConfigLoaderTest@33c7e1bb]" name="testLoadByFullQualifiedName" duration-ms="3" started-at="2016-09-20T11:19:59Z" data-provider="codegenConfig" finished-at="2016-09-20T11:19:59Z">
          <params>
            <param index="0">
              <value>
                <![CDATA[io.swagger.codegen.languages.JavaClientCodegen@2ea0161f]]>
              </value>
            </param>
          </params>
          <reporter-output>
          </reporter-output>
        </test-method> <!-- testLoadByFullQualifiedName -->
        <test-method status="PASS" signature="testLoadByFullQualifiedName(io.swagger.codegen.CodegenConfig)[pri:0, instance:io.swagger.codegen.CodegenConfigLoaderTest@33c7e1bb]" name="testLoadByFullQualifiedName" duration-ms="3" started-at="2016-09-20T11:19:59Z" data-provider="codegenConfig" finished-at="2016-09-20T11:19:59Z">
          <params>
            <param index="0">
              <value>
                <![CDATA[io.swagger.codegen.languages.CsharpDotNet2ClientCodegen@1f235a0a]]>
              </value>
            </param>
          </params>
          <reporter-output>
          </reporter-output>
        </test-method> <!-- testLoadByFullQualifiedName -->
        <test-method status="PASS" signature="testLoadByFullQualifiedName(io.swagger.codegen.CodegenConfig)[pri:0, instance:io.swagger.codegen.CodegenConfigLoaderTest@33c7e1bb]" name="testLoadByFullQualifiedName" duration-ms="2" started-at="2016-09-20T11:19:59Z" data-provider="codegenConfig" finished-at="2016-09-20T11:19:59Z">
          <params>
            <param index="0">
              <value>
                <![CDATA[io.swagger.codegen.languages.CppRestClientCodegen@75d402d4]]>
              </value>
            </param>
          </params>
          <reporter-output>
          </reporter-output>
        </test-method> <!-- testLoadByFullQualifiedName -->
        <test-method status="PASS" signature="testLoadByFullQualifiedName(io.swagger.codegen.CodegenConfig)[pri:0, instance:io.swagger.codegen.CodegenConfigLoaderTest@33c7e1bb]" name="testLoadByFullQualifiedName" duration-ms="3" started-at="2016-09-20T11:19:59Z" data-provider="codegenConfig" finished-at="2016-09-20T11:19:59Z">
          <params>
            <param index="0">
              <value>
                <![CDATA[io.swagger.codegen.languages.TypeScriptNodeClientCodegen@1a0b4955]]>
              </value>
            </param>
          </params>
          <reporter-output>
          </reporter-output>
        </test-method> <!-- testLoadByFullQualifiedName -->
        <test-method status="PASS" signature="testLoadByFullQualifiedName(io.swagger.codegen.CodegenConfig)[pri:0, instance:io.swagger.codegen.CodegenConfigLoaderTest@33c7e1bb]" name="testLoadByFullQualifiedName" duration-ms="2" started-at="2016-09-20T11:19:59Z" data-provider="codegenConfig" finished-at="2016-09-20T11:19:59Z">
          <params>
            <param index="0">
              <value>
                <![CDATA[io.swagger.codegen.languages.JavaInflectorServerCodegen@3435a4e5]]>
              </value>
            </param>
          </params>
          <reporter-output>
          </reporter-output>
        </test-method> <!-- testLoadByFullQualifiedName -->
        <test-method status="PASS" signature="testLoadByName(io.swagger.codegen.CodegenConfig)[pri:0, instance:io.swagger.codegen.CodegenConfigLoaderTest@33c7e1bb]" name="testLoadByName" duration-ms="1" started-at="2016-09-20T11:19:59Z" data-provider="codegenConfig" finished-at="2016-09-20T11:19:59Z">
          <params>
            <param index="0">
              <value>
                <![CDATA[io.swagger.codegen.languages.AkkaScalaClientCodegen@31434b63]]>
              </value>
            </param>
          </params>
          <reporter-output>
          </reporter-output>
        </test-method> <!-- testLoadByName -->
        <test-method status="PASS" signature="testLoadByName(io.swagger.codegen.CodegenConfig)[pri:0, instance:io.swagger.codegen.CodegenConfigLoaderTest@33c7e1bb]" name="testLoadByName" duration-ms="1" started-at="2016-09-20T11:19:59Z" data-provider="codegenConfig" finished-at="2016-09-20T11:19:59Z">
          <params>
            <param index="0">
              <value>
                <![CDATA[io.swagger.codegen.languages.JavascriptClientCodegen@64d42d3d]]>
              </value>
            </param>
          </params>
          <reporter-output>
          </reporter-output>
        </test-method> <!-- testLoadByName -->
        <test-method status="PASS" signature="testLoadByName(io.swagger.codegen.CodegenConfig)[pri:0, instance:io.swagger.codegen.CodegenConfigLoaderTest@33c7e1bb]" name="testLoadByName" duration-ms="2" started-at="2016-09-20T11:19:59Z" data-provider="codegenConfig" finished-at="2016-09-20T11:19:59Z">
          <params>
            <param index="0">
              <value>
                <![CDATA[io.swagger.codegen.languages.SinatraServerCodegen@24558113]]>
              </value>
            </param>
          </params>
          <reporter-output>
          </reporter-output>
        </test-method> <!-- testLoadByName -->
        <test-method status="PASS" signature="testLoadByName(io.swagger.codegen.CodegenConfig)[pri:0, instance:io.swagger.codegen.CodegenConfigLoaderTest@33c7e1bb]" name="testLoadByName" duration-ms="2" started-at="2016-09-20T11:19:59Z" data-provider="codegenConfig" finished-at="2016-09-20T11:19:59Z">
          <params>
            <param index="0">
              <value>
                <![CDATA[io.swagger.codegen.languages.ErlangServerCodegen@3d5e0bf0]]>
              </value>
            </param>
          </params>
          <reporter-output>
          </reporter-output>
        </test-method> <!-- testLoadByName -->
        <test-method status="PASS" signature="testLoadByName(io.swagger.codegen.CodegenConfig)[pri:0, instance:io.swagger.codegen.CodegenConfigLoaderTest@33c7e1bb]" name="testLoadByName" duration-ms="2" started-at="2016-09-20T11:19:59Z" data-provider="codegenConfig" finished-at="2016-09-20T11:19:59Z">
          <params>
            <param index="0">
              <value>
                <![CDATA[io.swagger.codegen.languages.RubyClientCodegen@166d576b]]>
              </value>
            </param>
          </params>
          <reporter-output>
          </reporter-output>
        </test-method> <!-- testLoadByName -->
        <test-method status="PASS" signature="testLoadByName(io.swagger.codegen.CodegenConfig)[pri:0, instance:io.swagger.codegen.CodegenConfigLoaderTest@33c7e1bb]" name="testLoadByName" duration-ms="2" started-at="2016-09-20T11:19:59Z" data-provider="codegenConfig" finished-at="2016-09-20T11:19:59Z">
          <params>
            <param index="0">
              <value>
                <![CDATA[io.swagger.codegen.languages.ClojureClientCodegen@53153d5e]]>
              </value>
            </param>
          </params>
          <reporter-output>
          </reporter-output>
        </test-method> <!-- testLoadByName -->
        <test-method status="PASS" signature="testLoadByName(io.swagger.codegen.CodegenConfig)[pri:0, instance:io.swagger.codegen.CodegenConfigLoaderTest@33c7e1bb]" name="testLoadByName" duration-ms="2" started-at="2016-09-20T11:19:59Z" data-provider="codegenConfig" finished-at="2016-09-20T11:19:59Z">
          <params>
            <param index="0">
              <value>
                <![CDATA[io.swagger.codegen.languages.SpringCodegen@5b407336]]>
              </value>
            </param>
          </params>
          <reporter-output>
          </reporter-output>
        </test-method> <!-- testLoadByName -->
        <test-method status="PASS" signature="testLoadByName(io.swagger.codegen.CodegenConfig)[pri:0, instance:io.swagger.codegen.CodegenConfigLoaderTest@33c7e1bb]" name="testLoadByName" duration-ms="1" started-at="2016-09-20T11:19:59Z" data-provider="codegenConfig" finished-at="2016-09-20T11:19:59Z">
          <params>
            <param index="0">
              <value>
                <![CDATA[io.swagger.codegen.languages.PythonClientCodegen@160cf225]]>
              </value>
            </param>
          </params>
          <reporter-output>
          </reporter-output>
        </test-method> <!-- testLoadByName -->
        <test-method status="PASS" signature="testLoadByName(io.swagger.codegen.CodegenConfig)[pri:0, instance:io.swagger.codegen.CodegenConfigLoaderTest@33c7e1bb]" name="testLoadByName" duration-ms="1" started-at="2016-09-20T11:19:59Z" data-provider="codegenConfig" finished-at="2016-09-20T11:19:59Z">
          <params>
            <param index="0">
              <value>
                <![CDATA[io.swagger.codegen.languages.CSharpClientCodegen@6a262980]]>
              </value>
            </param>
          </params>
          <reporter-output>
          </reporter-output>
        </test-method> <!-- testLoadByName -->
        <test-method status="PASS" signature="testLoadByName(io.swagger.codegen.CodegenConfig)[pri:0, instance:io.swagger.codegen.CodegenConfigLoaderTest@33c7e1bb]" name="testLoadByName" duration-ms="0" started-at="2016-09-20T11:19:59Z" data-provider="codegenConfig" finished-at="2016-09-20T11:19:59Z">
          <params>
            <param index="0">
              <value>
                <![CDATA[io.swagger.codegen.languages.GroovyClientCodegen@10230657]]>
              </value>
            </param>
          </params>
          <reporter-output>
          </reporter-output>
        </test-method> <!-- testLoadByName -->
        <test-method status="PASS" signature="testLoadByName(io.swagger.codegen.CodegenConfig)[pri:0, instance:io.swagger.codegen.CodegenConfigLoaderTest@33c7e1bb]" name="testLoadByName" duration-ms="1" started-at="2016-09-20T11:19:59Z" data-provider="codegenConfig" finished-at="2016-09-20T11:19:59Z">
          <params>
            <param index="0">
              <value>
                <![CDATA[io.swagger.codegen.languages.SilexServerCodegen@48a21ea6]]>
              </value>
            </param>
          </params>
          <reporter-output>
          </reporter-output>
        </test-method> <!-- testLoadByName -->
        <test-method status="PASS" signature="testLoadByName(io.swagger.codegen.CodegenConfig)[pri:0, instance:io.swagger.codegen.CodegenConfigLoaderTest@33c7e1bb]" name="testLoadByName" duration-ms="2" started-at="2016-09-20T11:19:59Z" data-provider="codegenConfig" finished-at="2016-09-20T11:19:59Z">
          <params>
            <param index="0">
              <value>
                <![CDATA[io.swagger.codegen.languages.PerlClientCodegen@394e504d]]>
              </value>
            </param>
          </params>
          <reporter-output>
          </reporter-output>
        </test-method> <!-- testLoadByName -->
        <test-method status="PASS" signature="testLoadByName(io.swagger.codegen.CodegenConfig)[pri:0, instance:io.swagger.codegen.CodegenConfigLoaderTest@33c7e1bb]" name="testLoadByName" duration-ms="2" started-at="2016-09-20T11:19:59Z" data-provider="codegenConfig" finished-at="2016-09-20T11:19:59Z">
          <params>
            <param index="0">
              <value>
                <![CDATA[io.swagger.codegen.languages.NancyFXServerCodegen@62ff14cd]]>
              </value>
            </param>
          </params>
          <reporter-output>
          </reporter-output>
        </test-method> <!-- testLoadByName -->
        <test-method status="PASS" signature="testLoadByName(io.swagger.codegen.CodegenConfig)[pri:0, instance:io.swagger.codegen.CodegenConfigLoaderTest@33c7e1bb]" name="testLoadByName" duration-ms="1" started-at="2016-09-20T11:19:59Z" data-provider="codegenConfig" finished-at="2016-09-20T11:19:59Z">
          <params>
            <param index="0">
              <value>
                <![CDATA[io.swagger.codegen.languages.ScalatraServerCodegen@6ae6a77b]]>
              </value>
            </param>
          </params>
          <reporter-output>
          </reporter-output>
        </test-method> <!-- testLoadByName -->
[...]
          <params>
            <param index="0">
              <value>
                <![CDATA[null(null)]]>
              </value>
            </param>
            <param index="1">
              <value>
                <![CDATA[allowableValues="range=[1, 10]"]]>
              </value>
            </param>
          </params>
          <reporter-output>
          </reporter-output>
        </test-method> <!-- annotationsTest -->
        <test-method status="PASS" signature="annotationsTest(io.swagger.codegen.CodegenParameter, java.lang.String)[pri:0, instance:io.swagger.codegen.java.jaxrs.AllowableValuesTest@29b5cd00]" name="annotationsTest" duration-ms="0" started-at="2016-09-20T11:20:02Z" data-provider="operations" finished-at="2016-09-20T11:20:02Z">
          <params>
            <param index="0">
              <value>
                <![CDATA[null(null)]]>
              </value>
            </param>
            <param index="1">
              <value>
                <![CDATA[allowableValues="range=[-infinity, 10]"]]>
              </value>
            </param>
          </params>
          <reporter-output>
          </reporter-output>
        </test-method> <!-- annotationsTest -->
      </class> <!-- io.swagger.codegen.java.jaxrs.AllowableValuesTest -->
      <class name="io.swagger.codegen.ignore.rules.FileRuleTest">
        <test-method status="PASS" signature="testMatchComplex()[pri:0, instance:io.swagger.codegen.ignore.rules.FileRuleTest@5bb21b69]" name="testMatchComplex" duration-ms="1" started-at="2016-09-20T11:20:02Z" finished-at="2016-09-20T11:20:02Z">
          <reporter-output>
          </reporter-output>
        </test-method> <!-- testMatchComplex -->
        <test-method status="PASS" signature="testNonMatchComplex()[pri:0, instance:io.swagger.codegen.ignore.rules.FileRuleTest@5bb21b69]" name="testNonMatchComplex" duration-ms="0" started-at="2016-09-20T11:20:02Z" finished-at="2016-09-20T11:20:02Z">
          <reporter-output>
          </reporter-output>
        </test-method> <!-- testNonMatchComplex -->
      </class> <!-- io.swagger.codegen.ignore.rules.FileRuleTest -->
      <class name="io.swagger.codegen.slim.SlimFrameworkServerOptionsTest">
        <test-method status="PASS" signature="checkOptionsHelp()[pri:0, instance:io.swagger.codegen.slim.SlimFrameworkServerOptionsTest@77ec78b9]" name="checkOptionsHelp" duration-ms="4" started-at="2016-09-20T11:20:05Z" description="check if all options described in documentation are presented in test case" finished-at="2016-09-20T11:20:05Z">
          <reporter-output>
          </reporter-output>
        </test-method> <!-- checkOptionsHelp -->
        <test-method status="PASS" signature="checkOptionsProcessing()[pri:0, instance:io.swagger.codegen.slim.SlimFrameworkServerOptionsTest@77ec78b9]" name="checkOptionsProcessing" duration-ms="83" started-at="2016-09-20T11:20:05Z" finished-at="2016-09-20T11:20:05Z">
          <reporter-output>
          </reporter-output>
        </test-method> <!-- checkOptionsProcessing -->
      </class> <!-- io.swagger.codegen.slim.SlimFrameworkServerOptionsTest -->
      <class name="io.swagger.codegen.lumen.LumenServerOptionsTest">
        <test-method status="PASS" signature="checkOptionsHelp()[pri:0, instance:io.swagger.codegen.lumen.LumenServerOptionsTest@12cdcf4]" name="checkOptionsHelp" duration-ms="3" started-at="2016-09-20T11:20:03Z" description="check if all options described in documentation are presented in test case" finished-at="2016-09-20T11:20:03Z">
          <reporter-output>
          </reporter-output>
        </test-method> <!-- checkOptionsHelp -->
        <test-method status="PASS" signature="checkOptionsProcessing()[pri:0, instance:io.swagger.codegen.lumen.LumenServerOptionsTest@12cdcf4]" name="checkOptionsProcessing" duration-ms="106" started-at="2016-09-20T11:20:03Z" finished-at="2016-09-20T11:20:03Z">
          <reporter-output>
          </reporter-output>
        </test-method> <!-- checkOptionsProcessing -->
      </class> <!-- io.swagger.codegen.lumen.LumenServerOptionsTest -->
      <class name="io.swagger.codegen.asyncscala.AsyncScalaClientOptionsTest">
        <test-method status="PASS" signature="checkOptionsHelp()[pri:0, instance:io.swagger.codegen.asyncscala.AsyncScalaClientOptionsTest@2bbf4b8b]" name="checkOptionsHelp" duration-ms="3" started-at="2016-09-20T11:19:58Z" description="check if all options described in documentation are presented in test case" finished-at="2016-09-20T11:19:58Z">
          <reporter-output>
          </reporter-output>
        </test-method> <!-- checkOptionsHelp -->
        <test-method status="PASS" signature="checkOptionsProcessing()[pri:0, instance:io.swagger.codegen.asyncscala.AsyncScalaClientOptionsTest@2bbf4b8b]" name="checkOptionsProcessing" duration-ms="57" started-at="2016-09-20T11:19:58Z" finished-at="2016-09-20T11:19:58Z">
          <reporter-output>
          </reporter-output>
        </test-method> <!-- checkOptionsProcessing -->
      </class> <!-- io.swagger.codegen.asyncscala.AsyncScalaClientOptionsTest -->
      <class name="io.swagger.codegen.aspnet5.AspNet5ServerOptionsTest">
        <test-method status="PASS" signature="checkOptionsHelp()[pri:0, instance:io.swagger.codegen.aspnet5.AspNet5ServerOptionsTest@1563da5]" name="checkOptionsHelp" duration-ms="4" started-at="2016-09-20T11:19:58Z" description="check if all options described in documentation are presented in test case" finished-at="2016-09-20T11:19:58Z">
          <reporter-output>
          </reporter-output>
        </test-method> <!-- checkOptionsHelp -->
        <test-method status="PASS" signature="checkOptionsProcessing()[pri:0, instance:io.swagger.codegen.aspnet5.AspNet5ServerOptionsTest@1563da5]" name="checkOptionsProcessing" duration-ms="69" started-at="2016-09-20T11:19:58Z" finished-at="2016-09-20T11:19:58Z">
          <reporter-output>
          </reporter-output>
        </test-method> <!-- checkOptionsProcessing -->
      </class> <!-- io.swagger.codegen.aspnet5.AspNet5ServerOptionsTest -->
      <class name="io.swagger.codegen.javascript.JavaScriptModelTest">
        <test-method status="PASS" signature="arrayModelTest()[pri:0, instance:io.swagger.codegen.javascript.JavaScriptModelTest@42d8062c]" name="arrayModelTest" duration-ms="2" started-at="2016-09-20T11:20:02Z" description="convert an array model" finished-at="2016-09-20T11:20:02Z">
          <reporter-output>
          </reporter-output>
        </test-method> <!-- arrayModelTest -->
        <test-method status="PASS" signature="binaryDataTest()[pri:0, instance:io.swagger.codegen.javascript.JavaScriptModelTest@42d8062c]" name="binaryDataTest" duration-ms="1" started-at="2016-09-20T11:20:02Z" description="convert a model with binary data" finished-at="2016-09-20T11:20:02Z">
          <reporter-output>
          </reporter-output>
        </test-method> <!-- binaryDataTest -->
        <test-method status="PASS" signature="complexListPropertyTest()[pri:0, instance:io.swagger.codegen.javascript.JavaScriptModelTest@42d8062c]" name="complexListPropertyTest" duration-ms="1" started-at="2016-09-20T11:20:02Z" description="convert a model with complex list property" finished-at="2016-09-20T11:20:02Z">
          <reporter-output>
          </reporter-output>
        </test-method> <!-- complexListPropertyTest -->
        <test-method status="PASS" signature="complexMapPropertyTest()[pri:0, instance:io.swagger.codegen.javascript.JavaScriptModelTest@42d8062c]" name="complexMapPropertyTest" duration-ms="1" started-at="2016-09-20T11:20:02Z" description="convert a model with complex map property" finished-at="2016-09-20T11:20:02Z">
          <reporter-output>
          </reporter-output>
        </test-method> <!-- complexMapPropertyTest -->
        <test-method status="PASS" signature="complexPropertiesTest()[pri:0, instance:io.swagger.codegen.javascript.JavaScriptModelTest@42d8062c]" name="complexPropertiesTest" duration-ms="0" started-at="2016-09-20T11:20:02Z" description="convert a model with complex properties" finished-at="2016-09-20T11:20:02Z">
          <reporter-output>
          </reporter-output>
        </test-method> <!-- complexPropertiesTest -->
        <test-method status="PASS" signature="convertParameterTest()[pri:0, instance:io.swagger.codegen.javascript.JavaScriptModelTest@42d8062c]" name="convertParameterTest" duration-ms="0" started-at="2016-09-20T11:20:02Z" description="convert a parameter" finished-at="2016-09-20T11:20:02Z">
          <reporter-output>
          </reporter-output>
        </test-method> <!-- convertParameterTest -->
        <test-method status="PASS" signature="escapeNamesTest()[pri:0, instance:io.swagger.codegen.javascript.JavaScriptModelTest@42d8062c]" name="escapeNamesTest" duration-ms="1" started-at="2016-09-20T11:20:02Z" description="properly escape names per 567" finished-at="2016-09-20T11:20:02Z">
          <reporter-output>
          </reporter-output>
        </test-method> <!-- escapeNamesTest -->
        <test-method status="PASS" signature="hyphensTest()[pri:0, instance:io.swagger.codegen.javascript.JavaScriptModelTest@42d8062c]" name="hyphensTest" duration-ms="0" started-at="2016-09-20T11:20:02Z" description="convert hyphens per issue 503" finished-at="2016-09-20T11:20:02Z">
          <reporter-output>
          </reporter-output>
        </test-method> <!-- hyphensTest -->
        <test-method status="PASS" signature="list2DPropertyTest()[pri:0, instance:io.swagger.codegen.javascript.JavaScriptModelTest@42d8062c]" name="list2DPropertyTest" duration-ms="1" started-at="2016-09-20T11:20:02Z" description="convert a model with a 2D list property" finished-at="2016-09-20T11:20:02Z">
          <reporter-output>
          </reporter-output>
        </test-method> <!-- list2DPropertyTest -->
        <test-method status="PASS" signature="invalidParamNameTest()[pri:0, instance:io.swagger.codegen.javascript.JavaScriptModelTest@42d8062c]" name="invalidParamNameTest" duration-ms="0" started-at="2016-09-20T11:20:02Z" description="translate an invalid param name" finished-at="2016-09-20T11:20:02Z">
          <reporter-output>
          </reporter-output>
        </test-method> <!-- invalidParamNameTest -->
        <test-method status="PASS" signature="listPropertyTest()[pri:0, instance:io.swagger.codegen.javascript.JavaScriptModelTest@42d8062c]" name="listPropertyTest" duration-ms="1" started-at="2016-09-20T11:20:02Z" description="convert a model with list property" finished-at="2016-09-20T11:20:02Z">
          <reporter-output>
          </reporter-output>
        </test-method> <!-- listPropertyTest -->
        <test-method status="PASS" signature="mapModelTest()[pri:0, instance:io.swagger.codegen.javascript.JavaScriptModelTest@42d8062c]" name="mapModelTest" duration-ms="1" started-at="2016-09-20T11:20:02Z" description="convert a map model" finished-at="2016-09-20T11:20:02Z">
          <reporter-output>
          </reporter-output>
        </test-method> <!-- mapModelTest -->
        <test-method status="PASS" signature="mapPropertyTest()[pri:0, instance:io.swagger.codegen.javascript.JavaScriptModelTest@42d8062c]" name="mapPropertyTest" duration-ms="1" started-at="2016-09-20T11:20:02Z" description="convert a model with a map property" finished-at="2016-09-20T11:20:02Z">
          <reporter-output>
          </reporter-output>
        </test-method> <!-- mapPropertyTest -->
        <test-method status="PASS" signature="mapWithListPropertyTest()[pri:0, instance:io.swagger.codegen.javascript.JavaScriptModelTest@42d8062c]" name="mapWithListPropertyTest" duration-ms="1" started-at="2016-09-20T11:20:02Z" description="convert a model with a map with complex list property" finished-at="2016-09-20T11:20:02Z">
          <reporter-output>
          </reporter-output>
        </test-method> <!-- mapWithListPropertyTest -->
        <test-method status="PASS" signature="modelNameTest(java.lang.String, java.lang.String)[pri:0, instance:io.swagger.codegen.javascript.JavaScriptModelTest@42d8062c]" name="modelNameTest" duration-ms="0" started-at="2016-09-20T11:20:02Z" description="avoid inner class" data-provider="modelNames" finished-at="2016-09-20T11:20:02Z">
          <params>
            <param index="0">
              <value>
                <![CDATA[sample]]>
              </value>
            </param>
            <param index="1">
              <value>
                <![CDATA[Sample]]>
              </value>
            </param>
          </params>
          <reporter-output>
          </reporter-output>
        </test-method> <!-- modelNameTest -->
        <test-method status="PASS" signature="modelNameTest(java.lang.String, java.lang.String)[pri:0, instance:io.swagger.codegen.javascript.JavaScriptModelTest@42d8062c]" name="modelNameTest" duration-ms="0" started-at="2016-09-20T11:20:02Z" description="avoid inner class" data-provider="modelNames" finished-at="2016-09-20T11:20:02Z">
          <params>
            <param index="0">
              <value>
                <![CDATA[sample_name]]>
              </value>
            </param>
            <param index="1">
              <value>
                <![CDATA[SampleName]]>
              </value>
            </param>
          </params>
          <reporter-output>
          </reporter-output>
        </test-method> <!-- modelNameTest -->
        <test-method status="PASS" signature="modelNameTest(java.lang.String, java.lang.String)[pri:0, instance:io.swagger.codegen.javascript.JavaScriptModelTest@42d8062c]" name="modelNameTest" duration-ms="0" started-at="2016-09-20T11:20:02Z" description="avoid inner class" data-provider="modelNames" finished-at="2016-09-20T11:20:02Z">
          <params>
            <param index="0">
              <value>
                <![CDATA[sample__name]]>
              </value>
            </param>
            <param index="1">
              <value>
                <![CDATA[SampleName]]>
              </value>
            </param>
          </params>
          <reporter-output>
          </reporter-output>
        </test-method> <!-- modelNameTest -->
        <test-method status="PASS" signature="modelNameTest(java.lang.String, java.lang.String)[pri:0, instance:io.swagger.codegen.javascript.JavaScriptModelTest@42d8062c]" name="modelNameTest" duration-ms="1" started-at="2016-09-20T11:20:02Z" description="avoid inner class" data-provider="modelNames" finished-at="2016-09-20T11:20:02Z">
          <params>
            <param index="0">
              <value>
                <![CDATA[/sample]]>
              </value>
            </param>
            <param index="1">
              <value>
                <![CDATA[Sample]]>
              </value>
            </param>
          </params>
          <reporter-output>
          </reporter-output>
        </test-method> <!-- modelNameTest -->
        <test-method status="PASS" signature="modelNameTest(java.lang.String, java.lang.String)[pri:0, instance:io.swagger.codegen.javascript.JavaScriptModelTest@42d8062c]" name="modelNameTest" duration-ms="0" started-at="2016-09-20T11:20:02Z" description="avoid inner class" data-provider="modelNames" finished-at="2016-09-20T11:20:02Z">
          <params>
            <param index="0">
              <value>
                <![CDATA[sample.name]]>
              </value>
            </param>
            <param index="1">
              <value>
                <![CDATA[SampleName]]>
              </value>
            </param>
          </params>
          <reporter-output>
          </reporter-output>
        </test-method> <!-- modelNameTest -->
        <test-method status="PASS" signature="modelNameTest(java.lang.String, java.lang.String)[pri:0, instance:io.swagger.codegen.javascript.JavaScriptModelTest@42d8062c]" name="modelNameTest" duration-ms="0" started-at="2016-09-20T11:20:02Z" description="avoid inner class" data-provider="modelNames" finished-at="2016-09-20T11:20:02Z">
          <params>
            <param index="0">
              <value>
                <![CDATA[\sample]]>
              </value>
            </param>
            <param index="1">
              <value>
                <![CDATA[Sample]]>
              </value>
            </param>
          </params>
          <reporter-output>
          </reporter-output>
        </test-method> <!-- modelNameTest -->
        <test-method status="PASS" signature="modelNameTest(java.lang.String, java.lang.String)[pri:0, instance:io.swagger.codegen.javascript.JavaScriptModelTest@42d8062c]" name="modelNameTest" duration-ms="0" started-at="2016-09-20T11:20:02Z" description="avoid inner class" data-provider="modelNames" finished-at="2016-09-20T11:20:02Z">
          <params>
            <param index="0">
              <value>
                <![CDATA[Sample]]>
              </value>
            </param>
            <param index="1">
              <value>
                <![CDATA[Sample]]>
              </value>
            </param>
          </params>
          <reporter-output>
          </reporter-output>
        </test-method> <!-- modelNameTest -->
        <test-method status="PASS" signature="secondCharUpperCaseNamesTest()[pri:0, instance:io.swagger.codegen.javascript.JavaScriptModelTest@42d8062c]" name="secondCharUpperCaseNamesTest" duration-ms="1" started-at="2016-09-20T11:20:02Z" description="convert a model with a 2nd char uppercase property names" finished-at="2016-09-20T11:20:02Z">
          <reporter-output>
          </reporter-output>
        </test-method> <!-- secondCharUpperCaseNamesTest -->
        <test-method status="PASS" signature="modelNameTest(java.lang.String, java.lang.String)[pri:0, instance:io.swagger.codegen.javascript.JavaScriptModelTest@42d8062c]" name="modelNameTest" duration-ms="0" started-at="2016-09-20T11:20:02Z" description="avoid inner class" data-provider="modelNames" finished-at="2016-09-20T11:20:02Z">
          <params>
            <param index="0">
              <value>
                <![CDATA[_sample]]>
              </value>
            </param>
            <param index="1">
              <value>
                <![CDATA[Sample]]>
              </value>
            </param>
          </params>
          <reporter-output>
          </reporter-output>
        </test-method> <!-- modelNameTest -->
        <test-method status="PASS" signature="simpleModelTest()[pri:0, instance:io.swagger.codegen.javascript.JavaScriptModelTest@42d8062c]" name="simpleModelTest" duration-ms="1" started-at="2016-09-20T11:20:02Z" description="convert a simple java model" finished-at="2016-09-20T11:20:02Z">
          <reporter-output>
          </reporter-output>
        </test-method> <!-- simpleModelTest -->
        <test-method status="PASS" signature="upperCaseNamesTest()[pri:0, instance:io.swagger.codegen.javascript.JavaScriptModelTest@42d8062c]" name="upperCaseNamesTest" duration-ms="1" started-at="2016-09-20T11:20:02Z" description="convert a model with uppercase property names" finished-at="2016-09-20T11:20:02Z">
          <reporter-output>
          </reporter-output>
        </test-method> <!-- upperCaseNamesTest -->
        <test-method status="PASS" signature="squareBracketsTest()[pri:0, instance:io.swagger.codegen.javascript.JavaScriptModelTest@42d8062c]" name="squareBracketsTest" duration-ms="0" started-at="2016-09-20T11:20:02Z" description="convert query[password] to queryPassword" finished-at="2016-09-20T11:20:02Z">
          <reporter-output>
          </reporter-output>
        </test-method> <!-- squareBracketsTest -->
      </class> <!-- io.swagger.codegen.javascript.JavaScriptModelTest -->
    </test> <!-- Surefire test -->
  </suite> <!-- Surefire suite -->
</testng-results>
