<?xml version="1.0" encoding="UTF-8"?>
<testng-results skipped="0" failed="0" total="543" passed="543">
  <reporter-output>
  </reporter-output>
  <suite name="Surefire suite" duration-ms="27427" started-at="2016-12-23T08:10:24Z" finished-at="2016-12-23T08:10:51Z">
    <groups>
    </groups>
    <test name="Surefire test" duration-ms="27427" started-at="2016-12-23T08:10:24Z" finished-at="2016-12-23T08:10:51Z">
      <class name="io.swagger.codegen.tizen.TizenClientOptionsTest">
        <test-method status="PASS" signature="checkOptionsHelp()[pri:0, instance:io.swagger.codegen.tizen.TizenClientOptionsTest@612679d6]" name="checkOptionsHelp" duration-ms="18" started-at="2016-12-23T13:40:50Z" description="check if all options described in documentation are presented in test case" finished-at="2016-12-23T13:40:50Z">
          <reporter-output>
          </reporter-output>
        </test-method> <!-- checkOptionsHelp -->
        <test-method status="PASS" signature="checkOptionsProcessing()[pri:0, instance:io.swagger.codegen.tizen.TizenClientOptionsTest@612679d6]" name="checkOptionsProcessing" duration-ms="204" started-at="2016-12-23T13:40:50Z" finished-at="2016-12-23T13:40:50Z">
          <reporter-output>
          </reporter-output>
        </test-method> <!-- checkOptionsProcessing -->
      </class> <!-- io.swagger.codegen.tizen.TizenClientOptionsTest -->
      <class name="io.swagger.codegen.InlineModelResolverTest">
        <test-method status="PASS" signature="notResolveNonModelBodyParameter()[pri:0, instance:io.swagger.codegen.InlineModelResolverTest@7ce6a65d]" name="notResolveNonModelBodyParameter" duration-ms="6" started-at="2016-12-23T13:40:38Z" finished-at="2016-12-23T13:40:38Z">
          <reporter-output>
          </reporter-output>
        </test-method> <!-- notResolveNonModelBodyParameter -->
        <test-method status="PASS" signature="resolveInlineArrayBodyParameter()[pri:0, instance:io.swagger.codegen.InlineModelResolverTest@7ce6a65d]" name="resolveInlineArrayBodyParameter" duration-ms="2" started-at="2016-12-23T13:40:38Z" finished-at="2016-12-23T13:40:38Z">
          <reporter-output>
          </reporter-output>
        </test-method> <!-- resolveInlineArrayBodyParameter -->
        <test-method status="PASS" signature="resolveInlineArrayModelWithTitle()[pri:0, instance:io.swagger.codegen.InlineModelResolverTest@7ce6a65d]" name="resolveInlineArrayModelWithTitle" duration-ms="0" started-at="2016-12-23T13:40:38Z" finished-at="2016-12-23T13:40:38Z">
          <reporter-output>
          </reporter-output>
        </test-method> <!-- resolveInlineArrayModelWithTitle -->
        <test-method status="PASS" signature="resolveInlineArrayResponse()[pri:0, instance:io.swagger.codegen.InlineModelResolverTest@7ce6a65d]" name="resolveInlineArrayResponse" duration-ms="1" started-at="2016-12-23T13:40:38Z" finished-at="2016-12-23T13:40:38Z">
          <reporter-output>
          </reporter-output>
        </test-method> <!-- resolveInlineArrayResponse -->
        <test-method status="PASS" signature="resolveInlineArrayModelWithoutTitle()[pri:0, instance:io.swagger.codegen.InlineModelResolverTest@7ce6a65d]" name="resolveInlineArrayModelWithoutTitle" duration-ms="0" started-at="2016-12-23T13:40:38Z" finished-at="2016-12-23T13:40:38Z">
          <reporter-output>
          </reporter-output>
        </test-method> <!-- resolveInlineArrayModelWithoutTitle -->
        <test-method status="PASS" signature="resolveInlineArrayResponseWithTitle()[pri:0, instance:io.swagger.codegen.InlineModelResolverTest@7ce6a65d]" name="resolveInlineArrayResponseWithTitle" duration-ms="0" started-at="2016-12-23T13:40:38Z" finished-at="2016-12-23T13:40:38Z">
          <reporter-output>
          </reporter-output>
        </test-method> <!-- resolveInlineArrayResponseWithTitle -->
        <test-method status="PASS" signature="resolveInlineBodyParameter()[pri:0, instance:io.swagger.codegen.InlineModelResolverTest@7ce6a65d]" name="resolveInlineBodyParameter" duration-ms="0" started-at="2016-12-23T13:40:38Z" finished-at="2016-12-23T13:40:38Z">
          <reporter-output>
          </reporter-output>
        </test-method> <!-- resolveInlineBodyParameter -->
        <test-method status="PASS" signature="resolveInlineBodyParameterWithTitle()[pri:0, instance:io.swagger.codegen.InlineModelResolverTest@7ce6a65d]" name="resolveInlineBodyParameterWithTitle" duration-ms="0" started-at="2016-12-23T13:40:38Z" finished-at="2016-12-23T13:40:38Z">
          <reporter-output>
          </reporter-output>
        </test-method> <!-- resolveInlineBodyParameterWithTitle -->
        <test-method status="PASS" signature="resolveInlineModel2DifferentInnerModelsWIthSameTitle()[pri:0, instance:io.swagger.codegen.InlineModelResolverTest@7ce6a65d]" name="resolveInlineModel2DifferentInnerModelsWIthSameTitle" duration-ms="1" started-at="2016-12-23T13:40:38Z" finished-at="2016-12-23T13:40:38Z">
          <reporter-output>
          </reporter-output>
        </test-method> <!-- resolveInlineModel2DifferentInnerModelsWIthSameTitle -->
        <test-method status="PASS" signature="resolveInlineModel2EqualInnerModels()[pri:0, instance:io.swagger.codegen.InlineModelResolverTest@7ce6a65d]" name="resolveInlineModel2EqualInnerModels" duration-ms="1" started-at="2016-12-23T13:40:38Z" finished-at="2016-12-23T13:40:38Z">
          <reporter-output>
          </reporter-output>
        </test-method> <!-- resolveInlineModel2EqualInnerModels -->
        <test-method status="PASS" signature="resolveInlineModelTestWithTitle()[pri:0, instance:io.swagger.codegen.InlineModelResolverTest@7ce6a65d]" name="resolveInlineModelTestWithTitle" duration-ms="1" started-at="2016-12-23T13:40:38Z" finished-at="2016-12-23T13:40:38Z">
          <reporter-output>
          </reporter-output>
        </test-method> <!-- resolveInlineModelTestWithTitle -->
        <test-method status="PASS" signature="resolveInlineModelTestWithoutTitle()[pri:0, instance:io.swagger.codegen.InlineModelResolverTest@7ce6a65d]" name="resolveInlineModelTestWithoutTitle" duration-ms="1" started-at="2016-12-23T13:40:38Z" finished-at="2016-12-23T13:40:38Z">
          <reporter-output>
          </reporter-output>
        </test-method> <!-- resolveInlineModelTestWithoutTitle -->
        <test-method status="PASS" signature="testArbitraryObjectBodyParam()[pri:0, instance:io.swagger.codegen.InlineModelResolverTest@7ce6a65d]" name="testArbitraryObjectBodyParam" duration-ms="0" started-at="2016-12-23T13:40:38Z" finished-at="2016-12-23T13:40:38Z">
          <reporter-output>
          </reporter-output>
        </test-method> <!-- testArbitraryObjectBodyParam -->
        <test-method status="PASS" signature="testArbitraryObjectBodyParamArrayInline()[pri:0, instance:io.swagger.codegen.InlineModelResolverTest@7ce6a65d]" name="testArbitraryObjectBodyParamArrayInline" duration-ms="15" started-at="2016-12-23T13:40:38Z" finished-at="2016-12-23T13:40:38Z">
          <reporter-output>
          </reporter-output>
        </test-method> <!-- testArbitraryObjectBodyParamArrayInline -->
        <test-method status="PASS" signature="testArbitraryObjectBodyParamInline()[pri:0, instance:io.swagger.codegen.InlineModelResolverTest@7ce6a65d]" name="testArbitraryObjectBodyParamInline" duration-ms="1" started-at="2016-12-23T13:40:38Z" finished-at="2016-12-23T13:40:38Z">
          <reporter-output>
          </reporter-output>
        </test-method> <!-- testArbitraryObjectBodyParamInline -->
        <test-method status="PASS" signature="testArbitraryObjectBodyParamWithArray()[pri:0, instance:io.swagger.codegen.InlineModelResolverTest@7ce6a65d]" name="testArbitraryObjectBodyParamWithArray" duration-ms="0" started-at="2016-12-23T13:40:38Z" finished-at="2016-12-23T13:40:38Z">
          <reporter-output>
          </reporter-output>
        </test-method> <!-- testArbitraryObjectBodyParamWithArray -->
        <test-method status="PASS" signature="testArbitraryObjectModelInline()[pri:0, instance:io.swagger.codegen.InlineModelResolverTest@7ce6a65d]" name="testArbitraryObjectModelInline" duration-ms="1" started-at="2016-12-23T13:40:38Z" finished-at="2016-12-23T13:40:38Z">
          <reporter-output>
          </reporter-output>
        </test-method> <!-- testArbitraryObjectModelInline -->
        <test-method status="PASS" signature="testArbitraryObjectModelWithArrayInlineWithTitle()[pri:0, instance:io.swagger.codegen.InlineModelResolverTest@7ce6a65d]" name="testArbitraryObjectModelWithArrayInlineWithTitle" duration-ms="1" started-at="2016-12-23T13:40:38Z" finished-at="2016-12-23T13:40:38Z">
          <reporter-output>
          </reporter-output>
        </test-method> <!-- testArbitraryObjectModelWithArrayInlineWithTitle -->
        <test-method status="PASS" signature="testArbitraryObjectModelWithArrayInlineWithoutTitle()[pri:0, instance:io.swagger.codegen.InlineModelResolverTest@7ce6a65d]" name="testArbitraryObjectModelWithArrayInlineWithoutTitle" duration-ms="1" started-at="2016-12-23T13:40:38Z" finished-at="2016-12-23T13:40:38Z">
          <reporter-output>
          </reporter-output>
        </test-method> <!-- testArbitraryObjectModelWithArrayInlineWithoutTitle -->
        <test-method status="PASS" signature="testArbitraryObjectResponse()[pri:0, instance:io.swagger.codegen.InlineModelResolverTest@7ce6a65d]" name="testArbitraryObjectResponse" duration-ms="1" started-at="2016-12-23T13:40:38Z" finished-at="2016-12-23T13:40:38Z">
          <reporter-output>
          </reporter-output>
        </test-method> <!-- testArbitraryObjectResponse -->
        <test-method status="PASS" signature="testArbitraryObjectResponseArray()[pri:0, instance:io.swagger.codegen.InlineModelResolverTest@7ce6a65d]" name="testArbitraryObjectResponseArray" duration-ms="1" started-at="2016-12-23T13:40:38Z" finished-at="2016-12-23T13:40:38Z">
          <reporter-output>
          </reporter-output>
        </test-method> <!-- testArbitraryObjectResponseArray -->
        <test-method status="PASS" signature="testArbitraryObjectResponseArrayInline()[pri:0, instance:io.swagger.codegen.InlineModelResolverTest@7ce6a65d]" name="testArbitraryObjectResponseArrayInline" duration-ms="0" started-at="2016-12-23T13:40:38Z" finished-at="2016-12-23T13:40:38Z">
          <reporter-output>
          </reporter-output>
        </test-method> <!-- testArbitraryObjectResponseArrayInline -->
        <test-method status="PASS" signature="testArbitraryObjectResponseMapInline()[pri:0, instance:io.swagger.codegen.InlineModelResolverTest@7ce6a65d]" name="testArbitraryObjectResponseMapInline" duration-ms="1" started-at="2016-12-23T13:40:38Z" finished-at="2016-12-23T13:40:38Z">
          <reporter-output>
          </reporter-output>
        </test-method> <!-- testArbitraryObjectResponseMapInline -->
        <test-method status="PASS" signature="testArrayResponse()[pri:0, instance:io.swagger.codegen.InlineModelResolverTest@7ce6a65d]" name="testArrayResponse" duration-ms="1" started-at="2016-12-23T13:40:38Z" finished-at="2016-12-23T13:40:38Z">
          <reporter-output>
          </reporter-output>
        </test-method> <!-- testArrayResponse -->
        <test-method status="PASS" signature="testBasicInput()[pri:0, instance:io.swagger.codegen.InlineModelResolverTest@7ce6a65d]" name="testBasicInput" duration-ms="26" started-at="2016-12-23T13:40:38Z" finished-at="2016-12-23T13:40:38Z">
          <reporter-output>
          </reporter-output>
        </test-method> <!-- testBasicInput -->
        <test-method status="PASS" signature="testInlineMapResponse()[pri:0, instance:io.swagger.codegen.InlineModelResolverTest@7ce6a65d]" name="testInlineMapResponse" duration-ms="3" started-at="2016-12-23T13:40:38Z" finished-at="2016-12-23T13:40:38Z">
          <reporter-output>
          </reporter-output>
        </test-method> <!-- testInlineMapResponse -->
        <test-method status="PASS" signature="testInlineMapResponseWithObjectProperty()[pri:0, instance:io.swagger.codegen.InlineModelResolverTest@7ce6a65d]" name="testInlineMapResponseWithObjectProperty" duration-ms="1" started-at="2016-12-23T13:40:38Z" finished-at="2016-12-23T13:40:38Z">
          <reporter-output>
          </reporter-output>
        </test-method> <!-- testInlineMapResponseWithObjectProperty -->
        <test-method status="PASS" signature="testInlineResponseModel()[pri:0, instance:io.swagger.codegen.InlineModelResolverTest@7ce6a65d]" name="testInlineResponseModel" duration-ms="0" started-at="2016-12-23T13:40:38Z" finished-at="2016-12-23T13:40:38Z">
          <reporter-output>
          </reporter-output>
        </test-method> <!-- testInlineResponseModel -->
        <test-method status="PASS" signature="testInlineResponseModelWithTitle()[pri:0, instance:io.swagger.codegen.InlineModelResolverTest@7ce6a65d]" name="testInlineResponseModelWithTitle" duration-ms="1" started-at="2016-12-23T13:40:38Z" finished-at="2016-12-23T13:40:38Z">
          <reporter-output>
          </reporter-output>
        </test-method> <!-- testInlineResponseModelWithTitle -->
      </class> <!-- io.swagger.codegen.InlineModelResolverTest -->
      <class name="io.swagger.codegen.scala.ScalaModelTest">
        <test-method status="PASS" signature="arrayModelTest()[pri:0, instance:io.swagger.codegen.scala.ScalaModelTest@1e7c7811]" name="arrayModelTest" duration-ms="12" started-at="2016-12-23T13:40:45Z" description="convert an array model" finished-at="2016-12-23T13:40:45Z">
          <reporter-output>
          </reporter-output>
        </test-method> <!-- arrayModelTest -->
        <test-method status="PASS" signature="complexListPropertyTest()[pri:0, instance:io.swagger.codegen.scala.ScalaModelTest@1e7c7811]" name="complexListPropertyTest" duration-ms="4" started-at="2016-12-23T13:40:45Z" description="convert a model with complex list Property" finished-at="2016-12-23T13:40:45Z">
          <reporter-output>
          </reporter-output>
        </test-method> <!-- complexListPropertyTest -->
        <test-method status="PASS" signature="complexMapPropertyTest()[pri:0, instance:io.swagger.codegen.scala.ScalaModelTest@1e7c7811]" name="complexMapPropertyTest" duration-ms="3" started-at="2016-12-23T13:40:45Z" description="convert a model with complex map Property" finished-at="2016-12-23T13:40:45Z">
          <reporter-output>
          </reporter-output>
        </test-method> <!-- complexMapPropertyTest -->
        <test-method status="PASS" signature="complexPropertyTest()[pri:0, instance:io.swagger.codegen.scala.ScalaModelTest@1e7c7811]" name="complexPropertyTest" duration-ms="2" started-at="2016-12-23T13:40:45Z" description="convert a model with complex properties" finished-at="2016-12-23T13:40:45Z">
          <reporter-output>
          </reporter-output>
        </test-method> <!-- complexPropertyTest -->
        <test-method status="PASS" signature="listPropertyTest()[pri:0, instance:io.swagger.codegen.scala.ScalaModelTest@1e7c7811]" name="listPropertyTest" duration-ms="5" started-at="2016-12-23T13:40:45Z" description="convert a model with list Property" finished-at="2016-12-23T13:40:45Z">
          <reporter-output>
          </reporter-output>
        </test-method> <!-- listPropertyTest -->
        <test-method status="PASS" signature="mapModelTest()[pri:0, instance:io.swagger.codegen.scala.ScalaModelTest@1e7c7811]" name="mapModelTest" duration-ms="2" started-at="2016-12-23T13:40:45Z" description="convert an map model" finished-at="2016-12-23T13:40:45Z">
          <reporter-output>
          </reporter-output>
        </test-method> <!-- mapModelTest -->
        <test-method status="PASS" signature="mapPropertyTest()[pri:0, instance:io.swagger.codegen.scala.ScalaModelTest@1e7c7811]" name="mapPropertyTest" duration-ms="1" started-at="2016-12-23T13:40:45Z" description="convert a model with a map Property" finished-at="2016-12-23T13:40:45Z">
          <reporter-output>
          </reporter-output>
        </test-method> <!-- mapPropertyTest -->
        <test-method status="PASS" signature="simpleModelTest()[pri:0, instance:io.swagger.codegen.scala.ScalaModelTest@1e7c7811]" name="simpleModelTest" duration-ms="1" started-at="2016-12-23T13:40:45Z" description="convert a simple scala model" finished-at="2016-12-23T13:40:45Z">
          <reporter-output>
          </reporter-output>
        </test-method> <!-- simpleModelTest -->
      </class> <!-- io.swagger.codegen.scala.ScalaModelTest -->
      <class name="io.swagger.codegen.statichtml.StaticHtmlOptionsTest">
        <test-method status="PASS" signature="checkOptionsHelp()[pri:0, instance:io.swagger.codegen.statichtml.StaticHtmlOptionsTest@4d3167f4]" name="checkOptionsHelp" duration-ms="9" started-at="2016-12-23T13:40:48Z" description="check if all options described in documentation are presented in test case" finished-at="2016-12-23T13:40:48Z">
          <reporter-output>
          </reporter-output>
        </test-method> <!-- checkOptionsHelp -->
        <test-method status="PASS" signature="checkOptionsProcessing()[pri:0, instance:io.swagger.codegen.statichtml.StaticHtmlOptionsTest@4d3167f4]" name="checkOptionsProcessing" duration-ms="194" started-at="2016-12-23T13:40:48Z" finished-at="2016-12-23T13:40:48Z">
          <reporter-output>
          </reporter-output>
        </test-method> <!-- checkOptionsProcessing -->
      </class> <!-- io.swagger.codegen.statichtml.StaticHtmlOptionsTest -->
      <class name="io.swagger.codegen.jaxrs.JaxRSServerOptionsTest">
        <test-method status="PASS" signature="checkOptionsHelp()[pri:0, instance:io.swagger.codegen.jaxrs.JaxRSServerOptionsTest@12cdcf4]" name="checkOptionsHelp" duration-ms="12" started-at="2016-12-23T13:40:39Z" description="check if all options described in documentation are presented in test case" finished-at="2016-12-23T13:40:39Z">
          <reporter-output>
          </reporter-output>
        </test-method> <!-- checkOptionsHelp -->
        <test-method status="PASS" signature="checkOptionsProcessing()[pri:0, instance:io.swagger.codegen.jaxrs.JaxRSServerOptionsTest@12cdcf4]" name="checkOptionsProcessing" duration-ms="373" started-at="2016-12-23T13:40:39Z" finished-at="2016-12-23T13:40:40Z">
          <reporter-output>
          </reporter-output>
        </test-method> <!-- checkOptionsProcessing -->
      </class> <!-- io.swagger.codegen.jaxrs.JaxRSServerOptionsTest -->
      <class name="io.swagger.codegen.java.JavaModelEnumTest">
        <test-method status="PASS" signature="converterTest()[pri:0, instance:io.swagger.codegen.java.JavaModelEnumTest@60285225]" name="converterTest" duration-ms="8" started-at="2016-12-23T13:40:38Z" description="convert a java model with an enum" finished-at="2016-12-23T13:40:38Z">
          <reporter-output>
          </reporter-output>
        </test-method> <!-- converterTest -->
        <test-method status="PASS" signature="overrideEnumTest()[pri:0, instance:io.swagger.codegen.java.JavaModelEnumTest@60285225]" name="overrideEnumTest" duration-ms="14" started-at="2016-12-23T13:40:38Z" description="not override identical parent enums" finished-at="2016-12-23T13:40:38Z">
          <reporter-output>
          </reporter-output>
        </test-method> <!-- overrideEnumTest -->
      </class> <!-- io.swagger.codegen.java.JavaModelEnumTest -->
      <class name="io.swagger.codegen.java.JavaInheritanceTest">
        <test-method status="PASS" signature="javaInheritanceTest()[pri:0, instance:io.swagger.codegen.java.JavaInheritanceTest@29b5cd00]" name="javaInheritanceTest" duration-ms="15" started-at="2016-12-23T13:40:38Z" description="convert a composed model with parent" finished-at="2016-12-23T13:40:38Z">
          <reporter-output>
          </reporter-output>
        </test-method> <!-- javaInheritanceTest -->
        <test-method status="PASS" signature="javaInheritanceWithDiscriminatorTest()[pri:0, instance:io.swagger.codegen.java.JavaInheritanceTest@29b5cd00]" name="javaInheritanceWithDiscriminatorTest" duration-ms="2" started-at="2016-12-23T13:40:38Z" description="convert a composed model with discriminator" finished-at="2016-12-23T13:40:38Z">
          <reporter-output>
          </reporter-output>
        </test-method> <!-- javaInheritanceWithDiscriminatorTest -->
      </class> <!-- io.swagger.codegen.java.JavaInheritanceTest -->
      <class name="io.swagger.codegen.android.AndroidClientOptionsTest">
        <test-method status="PASS" signature="checkOptionsHelp()[pri:0, instance:io.swagger.codegen.android.AndroidClientOptionsTest@30a3107a]" name="checkOptionsHelp" duration-ms="25" started-at="2016-12-23T13:40:26Z" description="check if all options described in documentation are presented in test case" finished-at="2016-12-23T13:40:26Z">
          <reporter-output>
          </reporter-output>
        </test-method> <!-- checkOptionsHelp -->
        <test-method status="PASS" signature="checkOptionsProcessing()[pri:0, instance:io.swagger.codegen.android.AndroidClientOptionsTest@30a3107a]" name="checkOptionsProcessing" duration-ms="101" started-at="2016-12-23T13:40:26Z" finished-at="2016-12-23T13:40:27Z">
          <reporter-output>
          </reporter-output>
        </test-method> <!-- checkOptionsProcessing -->
      </class> <!-- io.swagger.codegen.android.AndroidClientOptionsTest -->
      <class name="io.swagger.codegen.SwaggerMigratorTest">
        <test-method status="PASS" signature="swaggerMigratorTest()[pri:0, instance:io.swagger.codegen.SwaggerMigratorTest@87f383f]" name="swaggerMigratorTest" duration-ms="117" started-at="2016-12-23T13:40:49Z" description="read a 1.2 spec" finished-at="2016-12-23T13:40:49Z">
          <reporter-output>
          </reporter-output>
        </test-method> <!-- swaggerMigratorTest -->
      </class> <!-- io.swagger.codegen.SwaggerMigratorTest -->
      <class name="io.swagger.codegen.jaxrs.JaxrsJava8ModelTest">
        <test-method status="PASS" signature="simpleModelTest()[pri:0, instance:io.swagger.codegen.jaxrs.JaxrsJava8ModelTest@5bfbf16f]" name="simpleModelTest" duration-ms="28" started-at="2016-12-23T13:40:39Z" description="convert a simple java model with java8 types" finished-at="2016-12-23T13:40:39Z">
          <reporter-output>
          </reporter-output>
        </test-method> <!-- simpleModelTest -->
      </class> <!-- io.swagger.codegen.jaxrs.JaxrsJava8ModelTest -->
      <class name="io.swagger.codegen.staticDocs.StaticDocOptionsTest">
        <test-method status="PASS" signature="checkOptionsHelp()[pri:0, instance:io.swagger.codegen.staticDocs.StaticDocOptionsTest@3aeaafa6]" name="checkOptionsHelp" duration-ms="61" started-at="2016-12-23T13:40:48Z" description="check if all options described in documentation are presented in test case" finished-at="2016-12-23T13:40:48Z">
          <reporter-output>
          </reporter-output>
        </test-method> <!-- checkOptionsHelp -->
        <test-method status="PASS" signature="checkOptionsProcessing()[pri:0, instance:io.swagger.codegen.staticDocs.StaticDocOptionsTest@3aeaafa6]" name="checkOptionsProcessing" duration-ms="198" started-at="2016-12-23T13:40:48Z" finished-at="2016-12-23T13:40:48Z">
          <reporter-output>
          </reporter-output>
        </test-method> <!-- checkOptionsProcessing -->
      </class> <!-- io.swagger.codegen.staticDocs.StaticDocOptionsTest -->
      <class name="io.swagger.codegen.ignore.rules.IgnoreLineParserTest">
        <test-method status="PASS" signature="parseComment()[pri:0, instance:io.swagger.codegen.ignore.rules.IgnoreLineParserTest@7a9273a8]" name="parseComment" duration-ms="0" started-at="2016-12-23T13:40:37Z" finished-at="2016-12-23T13:40:37Z">
          <reporter-output>
          </reporter-output>
        </test-method> <!-- parseComment -->
        <test-method status="PASS" signature="parseComplex()[pri:0, instance:io.swagger.codegen.ignore.rules.IgnoreLineParserTest@7a9273a8]" name="parseComplex" duration-ms="0" started-at="2016-12-23T13:40:37Z" finished-at="2016-12-23T13:40:37Z">
          <reporter-output>
          </reporter-output>
        </test-method> <!-- parseComplex -->
        <test-method status="PASS" signature="parseDirectoryMarker()[pri:0, instance:io.swagger.codegen.ignore.rules.IgnoreLineParserTest@7a9273a8]" name="parseDirectoryMarker" duration-ms="0" started-at="2016-12-23T13:40:37Z" finished-at="2016-12-23T13:40:37Z">
          <reporter-output>
          </reporter-output>
        </test-method> <!-- parseDirectoryMarker -->
        <test-method status="PASS" signature="parseEscapedExclamation()[pri:0, instance:io.swagger.codegen.ignore.rules.IgnoreLineParserTest@7a9273a8]" name="parseEscapedExclamation" duration-ms="1" started-at="2016-12-23T13:40:37Z" finished-at="2016-12-23T13:40:37Z">
          <reporter-output>
          </reporter-output>
        </test-method> <!-- parseEscapedExclamation -->
        <test-method status="PASS" signature="parseEscapedSpace()[pri:0, instance:io.swagger.codegen.ignore.rules.IgnoreLineParserTest@7a9273a8]" name="parseEscapedSpace" duration-ms="0" started-at="2016-12-23T13:40:37Z" finished-at="2016-12-23T13:40:37Z">
          <reporter-output>
          </reporter-output>
        </test-method> <!-- parseEscapedSpace -->
        <test-method status="PASS" signature="parseMatchAll()[pri:0, instance:io.swagger.codegen.ignore.rules.IgnoreLineParserTest@7a9273a8]" name="parseMatchAll" duration-ms="0" started-at="2016-12-23T13:40:37Z" finished-at="2016-12-23T13:40:37Z">
          <reporter-output>
          </reporter-output>
        </test-method> <!-- parseMatchAll -->
        <test-method status="PASS" signature="parseMatchAny()[pri:0, instance:io.swagger.codegen.ignore.rules.IgnoreLineParserTest@7a9273a8]" name="parseMatchAny" duration-ms="0" started-at="2016-12-23T13:40:37Z" finished-at="2016-12-23T13:40:37Z">
          <reporter-output>
          </reporter-output>
        </test-method> <!-- parseMatchAny -->
        <test-method status="PASS" signature="parseNegate()[pri:0, instance:io.swagger.codegen.ignore.rules.IgnoreLineParserTest@7a9273a8]" name="parseNegate" duration-ms="1" started-at="2016-12-23T13:40:37Z" finished-at="2016-12-23T13:40:37Z">
          <exception class="io.swagger.codegen.ignore.rules.ParserException">
            <message>
              <![CDATA[Negation with no negated pattern.]]>
            </message>
            <full-stacktrace>
              <![CDATA[io.swagger.codegen.ignore.rules.ParserException: Negation with no negated pattern.
	at io.swagger.codegen.ignore.rules.IgnoreLineParser.parse(IgnoreLineParser.java:52)
	at io.swagger.codegen.ignore.rules.IgnoreLineParserTest.verifyInputToSingleToken(IgnoreLineParserTest.java:14)
	at io.swagger.codegen.ignore.rules.IgnoreLineParserTest.parseNegate(IgnoreLineParserTest.java:38)
	at sun.reflect.NativeMethodAccessorImpl.invoke0(Native Method)
	at java.lang.reflect.Method.invoke(Method.java:497)
	at org.apache.maven.surefire.testng.TestNGExecutor.run(TestNGExecutor.java:132)
	at org.apache.maven.surefire.testng.TestNGDirectoryTestSuite.executeMulti(TestNGDirectoryTestSuite.java:193)
	at org.apache.maven.surefire.testng.TestNGDirectoryTestSuite.execute(TestNGDirectoryTestSuite.java:94)
	at org.apache.maven.surefire.testng.TestNGProvider.invoke(TestNGProvider.java:147)
	at org.apache.maven.surefire.booter.ForkedBooter.invokeProviderInSameClassLoader(ForkedBooter.java:290)
	at org.apache.maven.surefire.booter.ForkedBooter.runSuitesInProcess(ForkedBooter.java:242)
	at org.apache.maven.surefire.booter.ForkedBooter.main(ForkedBooter.java:121)
]]>
            </full-stacktrace>
          </exception> <!-- io.swagger.codegen.ignore.rules.ParserException -->
          <reporter-output>
          </reporter-output>
        </test-method> <!-- parseNegate -->
        <test-method status="PASS" signature="parseRooted()[pri:0, instance:io.swagger.codegen.ignore.rules.IgnoreLineParserTest@7a9273a8]" name="parseRooted" duration-ms="0" started-at="2016-12-23T13:40:37Z" finished-at="2016-12-23T13:40:37Z">
          <reporter-output>
          </reporter-output>
        </test-method> <!-- parseRooted -->
        <test-method status="PASS" signature="parseTripleStarPattern()[pri:0, instance:io.swagger.codegen.ignore.rules.IgnoreLineParserTest@7a9273a8]" name="parseTripleStarPattern" duration-ms="0" started-at="2016-12-23T13:40:37Z" finished-at="2016-12-23T13:40:37Z">
          <exception class="io.swagger.codegen.ignore.rules.ParserException">
            <message>
              <![CDATA[The pattern *** is invalid.]]>
            </message>
            <full-stacktrace>
              <![CDATA[io.swagger.codegen.ignore.rules.ParserException: The pattern *** is invalid.
	at io.swagger.codegen.ignore.rules.IgnoreLineParser.parse(IgnoreLineParser.java:74)
	at io.swagger.codegen.ignore.rules.IgnoreLineParserTest.parseTripleStarPattern(IgnoreLineParserTest.java:153)
	at sun.reflect.NativeMethodAccessorImpl.invoke0(Native Method)
	at java.lang.reflect.Method.invoke(Method.java:497)
	at org.apache.maven.surefire.testng.TestNGExecutor.run(TestNGExecutor.java:132)
	at org.apache.maven.surefire.testng.TestNGDirectoryTestSuite.executeMulti(TestNGDirectoryTestSuite.java:193)
	at org.apache.maven.surefire.testng.TestNGDirectoryTestSuite.execute(TestNGDirectoryTestSuite.java:94)
	at org.apache.maven.surefire.testng.TestNGProvider.invoke(TestNGProvider.java:147)
	at org.apache.maven.surefire.booter.ForkedBooter.invokeProviderInSameClassLoader(ForkedBooter.java:290)
	at org.apache.maven.surefire.booter.ForkedBooter.runSuitesInProcess(ForkedBooter.java:242)
	at org.apache.maven.surefire.booter.ForkedBooter.main(ForkedBooter.java:121)
]]>
            </full-stacktrace>
          </exception> <!-- io.swagger.codegen.ignore.rules.ParserException -->
          <reporter-output>
          </reporter-output>
        </test-method> <!-- parseTripleStarPattern -->
      </class> <!-- io.swagger.codegen.ignore.rules.IgnoreLineParserTest -->
      <class name="io.swagger.codegen.spring.SpringOptionsTest">
        <test-method status="PASS" signature="checkOptionsHelp()[pri:0, instance:io.swagger.codegen.spring.SpringOptionsTest@63440df3]" name="checkOptionsHelp" duration-ms="17" started-at="2016-12-23T13:40:47Z" description="check if all options described in documentation are presented in test case" finished-at="2016-12-23T13:40:47Z">
          <reporter-output>
          </reporter-output>
        </test-method> <!-- checkOptionsHelp -->
        <test-method status="PASS" signature="checkOptionsProcessing()[pri:0, instance:io.swagger.codegen.spring.SpringOptionsTest@63440df3]" name="checkOptionsProcessing" duration-ms="316" started-at="2016-12-23T13:40:47Z" finished-at="2016-12-23T13:40:47Z">
          <reporter-output>
          </reporter-output>
        </test-method> <!-- checkOptionsProcessing -->
      </class> <!-- io.swagger.codegen.spring.SpringOptionsTest -->
      <class name="io.swagger.codegen.scalatra.ScalatraServerOptionsTest">
        <test-method status="PASS" signature="checkOptionsHelp()[pri:0, instance:io.swagger.codegen.scalatra.ScalatraServerOptionsTest@77ec78b9]" name="checkOptionsHelp" duration-ms="9" started-at="2016-12-23T13:40:45Z" description="check if all options described in documentation are presented in test case" finished-at="2016-12-23T13:40:45Z">
          <reporter-output>
          </reporter-output>
        </test-method> <!-- checkOptionsHelp -->
        <test-method status="PASS" signature="checkOptionsProcessing()[pri:0, instance:io.swagger.codegen.scalatra.ScalatraServerOptionsTest@77ec78b9]" name="checkOptionsProcessing" duration-ms="277" started-at="2016-12-23T13:40:45Z" finished-at="2016-12-23T13:40:46Z">
          <reporter-output>
          </reporter-output>
        </test-method> <!-- checkOptionsProcessing -->
      </class> <!-- io.swagger.codegen.scalatra.ScalatraServerOptionsTest -->
      <class name="io.swagger.codegen.swagger.SwaggerOptionsTest">
        <test-method status="PASS" signature="checkOptionsHelp()[pri:0, instance:io.swagger.codegen.swagger.SwaggerOptionsTest@6121c9d6]" name="checkOptionsHelp" duration-ms="12" started-at="2016-12-23T13:40:49Z" description="check if all options described in documentation are presented in test case" finished-at="2016-12-23T13:40:49Z">
          <reporter-output>
          </reporter-output>
        </test-method> <!-- checkOptionsHelp -->
        <test-method status="PASS" signature="checkOptionsProcessing()[pri:0, instance:io.swagger.codegen.swagger.SwaggerOptionsTest@6121c9d6]" name="checkOptionsProcessing" duration-ms="182" started-at="2016-12-23T13:40:49Z" finished-at="2016-12-23T13:40:49Z">
          <reporter-output>
          </reporter-output>
        </test-method> <!-- checkOptionsProcessing -->
      </class> <!-- io.swagger.codegen.swagger.SwaggerOptionsTest -->
      <class name="io.swagger.codegen.swaggeryaml.SwaggerYamlOptionsTest">
        <test-method status="PASS" signature="checkOptionsHelp()[pri:0, instance:io.swagger.codegen.swaggeryaml.SwaggerYamlOptionsTest@4eb7f003]" name="checkOptionsHelp" duration-ms="10" started-at="2016-12-23T13:40:49Z" description="check if all options described in documentation are presented in test case" finished-at="2016-12-23T13:40:49Z">
          <reporter-output>
          </reporter-output>
        </test-method> <!-- checkOptionsHelp -->
        <test-method status="PASS" signature="checkOptionsProcessing()[pri:0, instance:io.swagger.codegen.swaggeryaml.SwaggerYamlOptionsTest@4eb7f003]" name="checkOptionsProcessing" duration-ms="198" started-at="2016-12-23T13:40:49Z" finished-at="2016-12-23T13:40:49Z">
          <reporter-output>
          </reporter-output>
        </test-method> <!-- checkOptionsProcessing -->
      </class> <!-- io.swagger.codegen.swaggeryaml.SwaggerYamlOptionsTest -->
      <class name="io.swagger.codegen.typescript.typescriptangular.TypeScriptAngularClientOptionsTest">
        <test-method status="PASS" signature="checkOptionsHelp()[pri:0, instance:io.swagger.codegen.typescript.typescriptangular.TypeScriptAngularClientOptionsTest@1b26f7b2]" name="checkOptionsHelp" duration-ms="7" started-at="2016-12-23T13:40:51Z" description="check if all options described in documentation are presented in test case" finished-at="2016-12-23T13:40:51Z">
          <reporter-output>
          </reporter-output>
        </test-method> <!-- checkOptionsHelp -->
        <test-method status="PASS" signature="checkOptionsProcessing()[pri:0, instance:io.swagger.codegen.typescript.typescriptangular.TypeScriptAngularClientOptionsTest@1b26f7b2]" name="checkOptionsProcessing" duration-ms="225" started-at="2016-12-23T13:40:51Z" finished-at="2016-12-23T13:40:51Z">
          <reporter-output>
          </reporter-output>
        </test-method> <!-- checkOptionsProcessing -->
      </class> <!-- io.swagger.codegen.typescript.typescriptangular.TypeScriptAngularClientOptionsTest -->
      <class name="io.swagger.codegen.CodegenConfigLoaderTest">
        <test-method status="PASS" signature="testLoadByFullQualifiedName(io.swagger.codegen.CodegenConfig)[pri:0, instance:io.swagger.codegen.CodegenConfigLoaderTest@7a765367]" name="testLoadByFullQualifiedName" duration-ms="22" started-at="2016-12-23T13:40:28Z" data-provider="codegenConfig" finished-at="2016-12-23T13:40:28Z">
          <params>
            <param index="0">
              <value>
                <![CDATA[io.swagger.codegen.languages.StaticDocCodegen@c67a89]]>
              </value>
            </param>
          </params>
          <reporter-output>
          </reporter-output>
        </test-method> <!-- testLoadByFullQualifiedName -->
        <test-method status="PASS" signature="testLoadByFullQualifiedName(io.swagger.codegen.CodegenConfig)[pri:0, instance:io.swagger.codegen.CodegenConfigLoaderTest@7a765367]" name="testLoadByFullQualifiedName" duration-ms="4" started-at="2016-12-23T13:40:28Z" data-provider="codegenConfig" finished-at="2016-12-23T13:40:28Z">
          <params>
            <param index="0">
              <value>
                <![CDATA[io.swagger.codegen.languages.NodeJSServerCodegen@1e3a2177]]>
              </value>
            </param>
          </params>
          <reporter-output>
          </reporter-output>
        </test-method> <!-- testLoadByFullQualifiedName -->
        <test-method status="PASS" signature="testLoadByFullQualifiedName(io.swagger.codegen.CodegenConfig)[pri:0, instance:io.swagger.codegen.CodegenConfigLoaderTest@7a765367]" name="testLoadByFullQualifiedName" duration-ms="5" started-at="2016-12-23T13:40:28Z" data-provider="codegenConfig" finished-at="2016-12-23T13:40:28Z">
          <params>
            <param index="0">
              <value>
                <![CDATA[io.swagger.codegen.languages.PerlClientCodegen@58720eb9]]>
              </value>
            </param>
          </params>
          <reporter-output>
          </reporter-output>
        </test-method> <!-- testLoadByFullQualifiedName -->
        <test-method status="PASS" signature="testLoadByFullQualifiedName(io.swagger.codegen.CodegenConfig)[pri:0, instance:io.swagger.codegen.CodegenConfigLoaderTest@7a765367]" name="testLoadByFullQualifiedName" duration-ms="4" started-at="2016-12-23T13:40:28Z" data-provider="codegenConfig" finished-at="2016-12-23T13:40:28Z">
          <params>
            <param index="0">
              <value>
                <![CDATA[io.swagger.codegen.languages.CsharpDotNet2ClientCodegen@24749ad3]]>
              </value>
            </param>
          </params>
          <reporter-output>
          </reporter-output>
        </test-method> <!-- testLoadByFullQualifiedName -->
        <test-method status="PASS" signature="testLoadByFullQualifiedName(io.swagger.codegen.CodegenConfig)[pri:0, instance:io.swagger.codegen.CodegenConfigLoaderTest@7a765367]" name="testLoadByFullQualifiedName" duration-ms="4" started-at="2016-12-23T13:40:28Z" data-provider="codegenConfig" finished-at="2016-12-23T13:40:28Z">
          <params>
            <param index="0">
              <value>
                <![CDATA[io.swagger.codegen.languages.ScalaClientCodegen@1755aee6]]>
              </value>
            </param>
          </params>
          <reporter-output>
          </reporter-output>
        </test-method> <!-- testLoadByFullQualifiedName -->
        <test-method status="PASS" signature="testLoadByFullQualifiedName(io.swagger.codegen.CodegenConfig)[pri:0, instance:io.swagger.codegen.CodegenConfigLoaderTest@7a765367]" name="testLoadByFullQualifiedName" duration-ms="2" started-at="2016-12-23T13:40:28Z" data-provider="codegenConfig" finished-at="2016-12-23T13:40:28Z">
          <params>
            <param index="0">
              <value>
                <![CDATA[io.swagger.codegen.languages.JMeterCodegen@582b14e2]]>
              </value>
            </param>
          </params>
          <reporter-output>
          </reporter-output>
        </test-method> <!-- testLoadByFullQualifiedName -->
        <test-method status="PASS" signature="testLoadByFullQualifiedName(io.swagger.codegen.CodegenConfig)[pri:0, instance:io.swagger.codegen.CodegenConfigLoaderTest@7a765367]" name="testLoadByFullQualifiedName" duration-ms="3" started-at="2016-12-23T13:40:28Z" data-provider="codegenConfig" finished-at="2016-12-23T13:40:28Z">
          <params>
            <param index="0">
              <value>
                <![CDATA[io.swagger.codegen.languages.JavaJAXRSSpecServerCodegen@10e4ce98]]>
              </value>
            </param>
          </params>
          <reporter-output>
          </reporter-output>
        </test-method> <!-- testLoadByFullQualifiedName -->
        <test-method status="PASS" signature="testLoadByFullQualifiedName(io.swagger.codegen.CodegenConfig)[pri:0, instance:io.swagger.codegen.CodegenConfigLoaderTest@7a765367]" name="testLoadByFullQualifiedName" duration-ms="4" started-at="2016-12-23T13:40:28Z" data-provider="codegenConfig" finished-at="2016-12-23T13:40:28Z">
          <params>
            <param index="0">
              <value>
                <![CDATA[io.swagger.codegen.languages.TypeScriptFetchClientCodegen@10466c55]]>
              </value>
            </param>
          </params>
          <reporter-output>
          </reporter-output>
        </test-method> <!-- testLoadByFullQualifiedName -->
        <test-method status="PASS" signature="testLoadByFullQualifiedName(io.swagger.codegen.CodegenConfig)[pri:0, instance:io.swagger.codegen.CodegenConfigLoaderTest@7a765367]" name="testLoadByFullQualifiedName" duration-ms="3" started-at="2016-12-23T13:40:28Z" data-provider="codegenConfig" finished-at="2016-12-23T13:40:28Z">
          <params>
            <param index="0">
              <value>
                <![CDATA[io.swagger.codegen.languages.UndertowCodegen@2a5ed225]]>
              </value>
            </param>
          </params>
          <reporter-output>
          </reporter-output>
        </test-method> <!-- testLoadByFullQualifiedName -->
        <test-method status="PASS" signature="testLoadByFullQualifiedName(io.swagger.codegen.CodegenConfig)[pri:0, instance:io.swagger.codegen.CodegenConfigLoaderTest@7a765367]" name="testLoadByFullQualifiedName" duration-ms="4" started-at="2016-12-23T13:40:28Z" data-provider="codegenConfig" finished-at="2016-12-23T13:40:28Z">
          <params>
            <param index="0">
              <value>
                <![CDATA[io.swagger.codegen.languages.Qt5CPPGenerator@2a525f88]]>
              </value>
            </param>
          </params>
          <reporter-output>
          </reporter-output>
        </test-method> <!-- testLoadByFullQualifiedName -->
        <test-method status="PASS" signature="testLoadByFullQualifiedName(io.swagger.codegen.CodegenConfig)[pri:0, instance:io.swagger.codegen.CodegenConfigLoaderTest@7a765367]" name="testLoadByFullQualifiedName" duration-ms="4" started-at="2016-12-23T13:40:28Z" data-provider="codegenConfig" finished-at="2016-12-23T13:40:28Z">
          <params>
            <param index="0">
              <value>
                <![CDATA[io.swagger.codegen.languages.AndroidClientCodegen@1cf4d454]]>
              </value>
            </param>
          </params>
          <reporter-output>
          </reporter-output>
        </test-method> <!-- testLoadByFullQualifiedName -->
        <test-method status="PASS" signature="testLoadByFullQualifiedName(io.swagger.codegen.CodegenConfig)[pri:0, instance:io.swagger.codegen.CodegenConfigLoaderTest@7a765367]" name="testLoadByFullQualifiedName" duration-ms="2" started-at="2016-12-23T13:40:28Z" data-provider="codegenConfig" finished-at="2016-12-23T13:40:28Z">
          <params>
            <param index="0">
              <value>
                <![CDATA[io.swagger.codegen.languages.PythonClientCodegen@3ff3275b]]>
              </value>
            </param>
          </params>
          <reporter-output>
          </reporter-output>
        </test-method> <!-- testLoadByFullQualifiedName -->
        <test-method status="PASS" signature="testLoadByFullQualifiedName(io.swagger.codegen.CodegenConfig)[pri:0, instance:io.swagger.codegen.CodegenConfigLoaderTest@7a765367]" name="testLoadByFullQualifiedName" duration-ms="4" started-at="2016-12-23T13:40:28Z" data-provider="codegenConfig" finished-at="2016-12-23T13:40:28Z">
          <params>
            <param index="0">
              <value>
                <![CDATA[io.swagger.codegen.languages.CSharpClientCodegen@63e0057a]]>
              </value>
            </param>
          </params>
          <reporter-output>
          </reporter-output>
        </test-method> <!-- testLoadByFullQualifiedName -->
        <test-method status="PASS" signature="testLoadByFullQualifiedName(io.swagger.codegen.CodegenConfig)[pri:0, instance:io.swagger.codegen.CodegenConfigLoaderTest@7a765367]" name="testLoadByFullQualifiedName" duration-ms="8" started-at="2016-12-23T13:40:28Z" data-provider="codegenConfig" finished-at="2016-12-23T13:40:28Z">
          <params>
            <param index="0">
              <value>
                <![CDATA[io.swagger.codegen.languages.GroovyClientCodegen@5b76b891]]>
              </value>
            </param>
          </params>
          <reporter-output>
          </reporter-output>
        </test-method> <!-- testLoadByFullQualifiedName -->
        <test-method status="PASS" signature="testLoadByFullQualifiedName(io.swagger.codegen.CodegenConfig)[pri:0, instance:io.swagger.codegen.CodegenConfigLoaderTest@7a765367]" name="testLoadByFullQualifiedName" duration-ms="15" started-at="2016-12-23T13:40:28Z" data-provider="codegenConfig" finished-at="2016-12-23T13:40:28Z">
          <params>
            <param index="0">
              <value>
                <![CDATA[io.swagger.codegen.languages.NancyFXServerCodegen@611a91df]]>
              </value>
            </param>
          </params>
          <reporter-output>
          </reporter-output>
        </test-method> <!-- testLoadByFullQualifiedName -->
        <test-method status="PASS" signature="testLoadByFullQualifiedName(io.swagger.codegen.CodegenConfig)[pri:0, instance:io.swagger.codegen.CodegenConfigLoaderTest@7a765367]" name="testLoadByFullQualifiedName" duration-ms="4" started-at="2016-12-23T13:40:28Z" data-provider="codegenConfig" finished-at="2016-12-23T13:40:28Z">
          <params>
            <param index="0">
              <value>
                <![CDATA[io.swagger.codegen.languages.JavaResteasyServerCodegen@47f5ab58]]>
              </value>
            </param>
          </params>
          <reporter-output>
          </reporter-output>
        </test-method> <!-- testLoadByFullQualifiedName -->
        <test-method status="PASS" signature="testLoadByFullQualifiedName(io.swagger.codegen.CodegenConfig)[pri:0, instance:io.swagger.codegen.CodegenConfigLoaderTest@7a765367]" name="testLoadByFullQualifiedName" duration-ms="3" started-at="2016-12-23T13:40:28Z" data-provider="codegenConfig" finished-at="2016-12-23T13:40:28Z">
          <params>
            <param index="0">
              <value>
                <![CDATA[io.swagger.codegen.languages.DartClientCodegen@245dbd09]]>
              </value>
            </param>
          </params>
          <reporter-output>
          </reporter-output>
        </test-method> <!-- testLoadByFullQualifiedName -->
        <test-method status="PASS" signature="testLoadByFullQualifiedName(io.swagger.codegen.CodegenConfig)[pri:0, instance:io.swagger.codegen.CodegenConfigLoaderTest@7a765367]" name="testLoadByFullQualifiedName" duration-ms="5" started-at="2016-12-23T13:40:28Z" data-provider="codegenConfig" finished-at="2016-12-23T13:40:28Z">
          <params>
            <param index="0">
              <value>
                <![CDATA[io.swagger.codegen.languages.ErlangServerCodegen@4a013b23]]>
              </value>
            </param>
          </params>
          <reporter-output>
          </reporter-output>
        </test-method> <!-- testLoadByFullQualifiedName -->
        <test-method status="PASS" signature="testLoadByFullQualifiedName(io.swagger.codegen.CodegenConfig)[pri:0, instance:io.swagger.codegen.CodegenConfigLoaderTest@7a765367]" name="testLoadByFullQualifiedName" duration-ms="7" started-at="2016-12-23T13:40:28Z" data-provider="codegenConfig" finished-at="2016-12-23T13:40:28Z">
          <params>
            <param index="0">
              <value>
                <![CDATA[io.swagger.codegen.languages.SwiftCodegen@7f20dfd5]]>
              </value>
            </param>
          </params>
          <reporter-output>
          </reporter-output>
        </test-method> <!-- testLoadByFullQualifiedName -->
        <test-method status="PASS" signature="testLoadByFullQualifiedName(io.swagger.codegen.CodegenConfig)[pri:0, instance:io.swagger.codegen.CodegenConfigLoaderTest@7a765367]" name="testLoadByFullQualifiedName" duration-ms="6" started-at="2016-12-23T13:40:28Z" data-provider="codegenConfig" finished-at="2016-12-23T13:40:28Z">
          <params>
            <param index="0">
              <value>
                <![CDATA[io.swagger.codegen.languages.ConfluenceWikiGenerator@15651402]]>
              </value>
            </param>
          </params>
          <reporter-output>
          </reporter-output>
        </test-method> <!-- testLoadByFullQualifiedName -->
        <test-method status="PASS" signature="testLoadByFullQualifiedName(io.swagger.codegen.CodegenConfig)[pri:0, instance:io.swagger.codegen.CodegenConfigLoaderTest@7a765367]" name="testLoadByFullQualifiedName" duration-ms="6" started-at="2016-12-23T13:40:28Z" data-provider="codegenConfig" finished-at="2016-12-23T13:40:28Z">
          <params>
            <param index="0">
              <value>
                <![CDATA[io.swagger.codegen.languages.TypeScriptAngular2ClientCodegen@5c194652]]>
              </value>
            </param>
          </params>
          <reporter-output>
          </reporter-output>
        </test-method> <!-- testLoadByFullQualifiedName -->
        <test-method status="PASS" signature="testLoadByFullQualifiedName(io.swagger.codegen.CodegenConfig)[pri:0, instance:io.swagger.codegen.CodegenConfigLoaderTest@7a765367]" name="testLoadByFullQualifiedName" duration-ms="6" started-at="2016-12-23T13:40:28Z" data-provider="codegenConfig" finished-at="2016-12-23T13:40:28Z">
          <params>
            <param index="0">
              <value>
                <![CDATA[io.swagger.codegen.languages.GoClientCodegen@1f02b6d1]]>
              </value>
            </param>
          </params>
          <reporter-output>
          </reporter-output>
        </test-method> <!-- testLoadByFullQualifiedName -->
        <test-method status="PASS" signature="testLoadByFullQualifiedName(io.swagger.codegen.CodegenConfig)[pri:0, instance:io.swagger.codegen.CodegenConfigLoaderTest@7a765367]" name="testLoadByFullQualifiedName" duration-ms="6" started-at="2016-12-23T13:40:28Z" data-provider="codegenConfig" finished-at="2016-12-23T13:40:28Z">
          <params>
            <param index="0">
              <value>
                <![CDATA[io.swagger.codegen.languages.TizenClientCodegen@66a50c93]]>
              </value>
            </param>
          </params>
          <reporter-output>
          </reporter-output>
        </test-method> <!-- testLoadByFullQualifiedName -->
        <test-method status="PASS" signature="testLoadByFullQualifiedName(io.swagger.codegen.CodegenConfig)[pri:0, instance:io.swagger.codegen.CodegenConfigLoaderTest@7a765367]" name="testLoadByFullQualifiedName" duration-ms="7" started-at="2016-12-23T13:40:28Z" data-provider="codegenConfig" finished-at="2016-12-23T13:40:28Z">
          <params>
            <param index="0">
              <value>
                <![CDATA[io.swagger.codegen.languages.JavaJerseyServerCodegen@5bddd141]]>
              </value>
            </param>
          </params>
          <reporter-output>
          </reporter-output>
        </test-method> <!-- testLoadByFullQualifiedName -->
        <test-method status="PASS" signature="testLoadByFullQualifiedName(io.swagger.codegen.CodegenConfig)[pri:0, instance:io.swagger.codegen.CodegenConfigLoaderTest@7a765367]" name="testLoadByFullQualifiedName" duration-ms="6" started-at="2016-12-23T13:40:28Z" data-provider="codegenConfig" finished-at="2016-12-23T13:40:28Z">
          <params>
            <param index="0">
              <value>
                <![CDATA[io.swagger.codegen.languages.AspNet5ServerCodegen@4d6027be]]>
              </value>
            </param>
          </params>
          <reporter-output>
          </reporter-output>
        </test-method> <!-- testLoadByFullQualifiedName -->
        <test-method status="PASS" signature="testLoadByFullQualifiedName(io.swagger.codegen.CodegenConfig)[pri:0, instance:io.swagger.codegen.CodegenConfigLoaderTest@7a765367]" name="testLoadByFullQualifiedName" duration-ms="8" started-at="2016-12-23T13:40:28Z" data-provider="codegenConfig" finished-at="2016-12-23T13:40:28Z">
          <params>
            <param index="0">
              <value>
                <![CDATA[io.swagger.codegen.languages.JavaCXFServerCodegen@475eb4fd]]>
              </value>
            </param>
          </params>
          <reporter-output>
          </reporter-output>
        </test-method> <!-- testLoadByFullQualifiedName -->
        <test-method status="PASS" signature="testLoadByFullQualifiedName(io.swagger.codegen.CodegenConfig)[pri:0, instance:io.swagger.codegen.CodegenConfigLoaderTest@7a765367]" name="testLoadByFullQualifiedName" duration-ms="8" started-at="2016-12-23T13:40:28Z" data-provider="codegenConfig" finished-at="2016-12-23T13:40:28Z">
          <params>
            <param index="0">
              <value>
                <![CDATA[io.swagger.codegen.languages.ClojureClientCodegen@951e911]]>
              </value>
            </param>
          </params>
          <reporter-output>
          </reporter-output>
        </test-method> <!-- testLoadByFullQualifiedName -->
        <test-method status="PASS" signature="testLoadByFullQualifiedName(io.swagger.codegen.CodegenConfig)[pri:0, instance:io.swagger.codegen.CodegenConfigLoaderTest@7a765367]" name="testLoadByFullQualifiedName" duration-ms="8" started-at="2016-12-23T13:40:28Z" data-provider="codegenConfig" finished-at="2016-12-23T13:40:28Z">
          <params>
            <param index="0">
              <value>
                <![CDATA[io.swagger.codegen.languages.SwaggerYamlGenerator@3cb376a3]]>
              </value>
            </param>
          </params>
          <reporter-output>
          </reporter-output>
        </test-method> <!-- testLoadByFullQualifiedName -->
        <test-method status="PASS" signature="testLoadByFullQualifiedName(io.swagger.codegen.CodegenConfig)[pri:0, instance:io.swagger.codegen.CodegenConfigLoaderTest@7a765367]" name="testLoadByFullQualifiedName" duration-ms="7" started-at="2016-12-23T13:40:28Z" data-provider="codegenConfig" finished-at="2016-12-23T13:40:28Z">
          <params>
            <param index="0">
              <value>
                <![CDATA[io.swagger.codegen.languages.HaskellServantCodegen@7022fb5c]]>
              </value>
            </param>
          </params>
          <reporter-output>
          </reporter-output>
        </test-method> <!-- testLoadByFullQualifiedName -->
        <test-method status="PASS" signature="testLoadByFullQualifiedName(io.swagger.codegen.CodegenConfig)[pri:0, instance:io.swagger.codegen.CodegenConfigLoaderTest@7a765367]" name="testLoadByFullQualifiedName" duration-ms="7" started-at="2016-12-23T13:40:28Z" data-provider="codegenConfig" finished-at="2016-12-23T13:40:28Z">
          <params>
            <param index="0">
              <value>
                <![CDATA[io.swagger.codegen.languages.JavaClientCodegen@426940f9]]>
              </value>
            </param>
          </params>
          <reporter-output>
          </reporter-output>
        </test-method> <!-- testLoadByFullQualifiedName -->
        <test-method status="PASS" signature="testLoadByFullQualifiedName(io.swagger.codegen.CodegenConfig)[pri:0, instance:io.swagger.codegen.CodegenConfigLoaderTest@7a765367]" name="testLoadByFullQualifiedName" duration-ms="7" started-at="2016-12-23T13:40:28Z" data-provider="codegenConfig" finished-at="2016-12-23T13:40:28Z">
          <params>
            <param index="0">
              <value>
                <![CDATA[io.swagger.codegen.languages.AkkaScalaClientCodegen@447630c4]]>
              </value>
            </param>
          </params>
          <reporter-output>
          </reporter-output>
        </test-method> <!-- testLoadByFullQualifiedName -->
        <test-method status="PASS" signature="testLoadByFullQualifiedName(io.swagger.codegen.CodegenConfig)[pri:0, instance:io.swagger.codegen.CodegenConfigLoaderTest@7a765367]" name="testLoadByFullQualifiedName" duration-ms="6" started-at="2016-12-23T13:40:28Z" data-provider="codegenConfig" finished-at="2016-12-23T13:40:28Z">
          <params>
            <param index="0">
              <value>
                <![CDATA[io.swagger.codegen.languages.FlaskConnexionCodegen@63d75087]]>
              </value>
            </param>
          </params>
          <reporter-output>
          </reporter-output>
        </test-method> <!-- testLoadByFullQualifiedName -->
        <test-method status="PASS" signature="testLoadByFullQualifiedName(io.swagger.codegen.CodegenConfig)[pri:0, instance:io.swagger.codegen.CodegenConfigLoaderTest@7a765367]" name="testLoadByFullQualifiedName" duration-ms="6" started-at="2016-12-23T13:40:28Z" data-provider="codegenConfig" finished-at="2016-12-23T13:40:28Z">
          <params>
            <param index="0">
              <value>
                <![CDATA[io.swagger.codegen.languages.SlimFrameworkServerCodegen@4c8afba]]>
              </value>
            </param>
          </params>
          <reporter-output>
          </reporter-output>
        </test-method> <!-- testLoadByFullQualifiedName -->
        <test-method status="PASS" signature="testLoadByFullQualifiedName(io.swagger.codegen.CodegenConfig)[pri:0, instance:io.swagger.codegen.CodegenConfigLoaderTest@7a765367]" name="testLoadByFullQualifiedName" duration-ms="17" started-at="2016-12-23T13:40:28Z" data-provider="codegenConfig" finished-at="2016-12-23T13:40:28Z">
          <params>
            <param index="0">
              <value>
                <![CDATA[io.swagger.codegen.languages.TypeScriptNodeClientCodegen@cae4952]]>
              </value>
            </param>
          </params>
          <reporter-output>
          </reporter-output>
        </test-method> <!-- testLoadByFullQualifiedName -->
        <test-method status="PASS" signature="testLoadByFullQualifiedName(io.swagger.codegen.CodegenConfig)[pri:0, instance:io.swagger.codegen.CodegenConfigLoaderTest@7a765367]" name="testLoadByFullQualifiedName" duration-ms="5" started-at="2016-12-23T13:40:28Z" data-provider="codegenConfig" finished-at="2016-12-23T13:40:28Z">
          <params>
            <param index="0">
              <value>
                <![CDATA[io.swagger.codegen.languages.SwaggerGenerator@79aba813]]>
              </value>
            </param>
          </params>
          <reporter-output>
          </reporter-output>
        </test-method> <!-- testLoadByFullQualifiedName -->
        <test-method status="PASS" signature="testLoadByFullQualifiedName(io.swagger.codegen.CodegenConfig)[pri:0, instance:io.swagger.codegen.CodegenConfigLoaderTest@7a765367]" name="testLoadByFullQualifiedName" duration-ms="5" started-at="2016-12-23T13:40:28Z" data-provider="codegenConfig" finished-at="2016-12-23T13:40:28Z">
          <params>
            <param index="0">
              <value>
                <![CDATA[io.swagger.codegen.languages.StaticHtml2Generator@20a18cc9]]>
              </value>
            </param>
          </params>
          <reporter-output>
          </reporter-output>
        </test-method> <!-- testLoadByFullQualifiedName -->
        <test-method status="PASS" signature="testLoadByFullQualifiedName(io.swagger.codegen.CodegenConfig)[pri:0, instance:io.swagger.codegen.CodegenConfigLoaderTest@7a765367]" name="testLoadByFullQualifiedName" duration-ms="5" started-at="2016-12-23T13:40:28Z" data-provider="codegenConfig" finished-at="2016-12-23T13:40:28Z">
          <params>
            <param index="0">
              <value>
                <![CDATA[io.swagger.codegen.languages.SinatraServerCodegen@61555218]]>
              </value>
            </param>
          </params>
          <reporter-output>
          </reporter-output>
        </test-method> <!-- testLoadByFullQualifiedName -->
        <test-method status="PASS" signature="testLoadByFullQualifiedName(io.swagger.codegen.CodegenConfig)[pri:0, instance:io.swagger.codegen.CodegenConfigLoaderTest@7a765367]" name="testLoadByFullQualifiedName" duration-ms="5" started-at="2016-12-23T13:40:28Z" data-provider="codegenConfig" finished-at="2016-12-23T13:40:28Z">
          <params>
            <param index="0">
              <value>
                <![CDATA[io.swagger.codegen.languages.ObjcClientCodegen@1fcf73b9]]>
              </value>
            </param>
          </params>
          <reporter-output>
          </reporter-output>
        </test-method> <!-- testLoadByFullQualifiedName -->
        <test-method status="PASS" signature="testLoadByFullQualifiedName(io.swagger.codegen.CodegenConfig)[pri:0, instance:io.swagger.codegen.CodegenConfigLoaderTest@7a765367]" name="testLoadByFullQualifiedName" duration-ms="5" started-at="2016-12-23T13:40:28Z" data-provider="codegenConfig" finished-at="2016-12-23T13:40:28Z">
          <params>
            <param index="0">
              <value>
                <![CDATA[io.swagger.codegen.languages.TypeScriptAngularClientCodegen@3b80bb63]]>
              </value>
            </param>
          </params>
          <reporter-output>
          </reporter-output>
        </test-method> <!-- testLoadByFullQualifiedName -->
        <test-method status="PASS" signature="testLoadByFullQualifiedName(io.swagger.codegen.CodegenConfig)[pri:0, instance:io.swagger.codegen.CodegenConfigLoaderTest@7a765367]" name="testLoadByFullQualifiedName" duration-ms="7" started-at="2016-12-23T13:40:28Z" data-provider="codegenConfig" finished-at="2016-12-23T13:40:28Z">
          <params>
            <param index="0">
              <value>
                <![CDATA[io.swagger.codegen.languages.GoServerCodegen@17ebbf1e]]>
              </value>
            </param>
          </params>
          <reporter-output>
          </reporter-output>
        </test-method> <!-- testLoadByFullQualifiedName -->
        <test-method status="PASS" signature="testLoadByFullQualifiedName(io.swagger.codegen.CodegenConfig)[pri:0, instance:io.swagger.codegen.CodegenConfigLoaderTest@7a765367]" name="testLoadByFullQualifiedName" duration-ms="5" started-at="2016-12-23T13:40:28Z" data-provider="codegenConfig" finished-at="2016-12-23T13:40:28Z">
          <params>
            <param index="0">
              <value>
                <![CDATA[io.swagger.codegen.languages.SilexServerCodegen@5c65fa69]]>
              </value>
            </param>
          </params>
          <reporter-output>
          </reporter-output>
        </test-method> <!-- testLoadByFullQualifiedName -->
        <test-method status="PASS" signature="testLoadByFullQualifiedName(io.swagger.codegen.CodegenConfig)[pri:0, instance:io.swagger.codegen.CodegenConfigLoaderTest@7a765367]" name="testLoadByFullQualifiedName" duration-ms="5" started-at="2016-12-23T13:40:28Z" data-provider="codegenConfig" finished-at="2016-12-23T13:40:28Z">
          <params>
            <param index="0">
              <value>
                <![CDATA[io.swagger.codegen.languages.LumenServerCodegen@38d308e7]]>
              </value>
            </param>
          </params>
          <reporter-output>
          </reporter-output>
        </test-method> <!-- testLoadByFullQualifiedName -->
        <test-method status="PASS" signature="testLoadByFullQualifiedName(io.swagger.codegen.CodegenConfig)[pri:0, instance:io.swagger.codegen.CodegenConfigLoaderTest@7a765367]" name="testLoadByFullQualifiedName" duration-ms="7" started-at="2016-12-23T13:40:28Z" data-provider="codegenConfig" finished-at="2016-12-23T13:40:28Z">
          <params>
            <param index="0">
              <value>
                <![CDATA[io.swagger.codegen.languages.Rails5ServerCodegen@6b6f73d]]>
              </value>
            </param>
          </params>
          <reporter-output>
          </reporter-output>
        </test-method> <!-- testLoadByFullQualifiedName -->
        <test-method status="PASS" signature="testLoadByFullQualifiedName(io.swagger.codegen.CodegenConfig)[pri:0, instance:io.swagger.codegen.CodegenConfigLoaderTest@7a765367]" name="testLoadByFullQualifiedName" duration-ms="6" started-at="2016-12-23T13:40:28Z" data-provider="codegenConfig" finished-at="2016-12-23T13:40:28Z">
          <params>
            <param index="0">
              <value>
                <![CDATA[io.swagger.codegen.languages.RubyClientCodegen@4c6fabba]]>
              </value>
            </param>
          </params>
          <reporter-output>
          </reporter-output>
        </test-method> <!-- testLoadByFullQualifiedName -->
        <test-method status="PASS" signature="testLoadByFullQualifiedName(io.swagger.codegen.CodegenConfig)[pri:0, instance:io.swagger.codegen.CodegenConfigLoaderTest@7a765367]" name="testLoadByFullQualifiedName" duration-ms="5" started-at="2016-12-23T13:40:28Z" data-provider="codegenConfig" finished-at="2016-12-23T13:40:28Z">
          <params>
            <param index="0">
              <value>
                <![CDATA[io.swagger.codegen.languages.AsyncScalaClientCodegen@3f2ab6ec]]>
              </value>
            </param>
          </params>
          <reporter-output>
          </reporter-output>
        </test-method> <!-- testLoadByFullQualifiedName -->
        <test-method status="PASS" signature="testLoadByFullQualifiedName(io.swagger.codegen.CodegenConfig)[pri:0, instance:io.swagger.codegen.CodegenConfigLoaderTest@7a765367]" name="testLoadByFullQualifiedName" duration-ms="26" started-at="2016-12-23T13:40:28Z" data-provider="codegenConfig" finished-at="2016-12-23T13:40:28Z">
          <params>
            <param index="0">
              <value>
                <![CDATA[io.swagger.codegen.languages.PhpClientCodegen@1f1e15de]]>
              </value>
            </param>
          </params>
          <reporter-output>
          </reporter-output>
        </test-method> <!-- testLoadByFullQualifiedName -->
        <test-method status="PASS" signature="testLoadByFullQualifiedName(io.swagger.codegen.CodegenConfig)[pri:0, instance:io.swagger.codegen.CodegenConfigLoaderTest@7a765367]" name="testLoadByFullQualifiedName" duration-ms="33" started-at="2016-12-23T13:40:28Z" data-provider="codegenConfig" finished-at="2016-12-23T13:40:28Z">
          <params>
            <param index="0">
              <value>
                <![CDATA[io.swagger.codegen.languages.JavaInflectorServerCodegen@2ea0161f]]>
              </value>
            </param>
          </params>
          <reporter-output>
          </reporter-output>
        </test-method> <!-- testLoadByFullQualifiedName -->
        <test-method status="PASS" signature="testLoadByFullQualifiedName(io.swagger.codegen.CodegenConfig)[pri:0, instance:io.swagger.codegen.CodegenConfigLoaderTest@7a765367]" name="testLoadByFullQualifiedName" duration-ms="10" started-at="2016-12-23T13:40:28Z" data-provider="codegenConfig" finished-at="2016-12-23T13:40:28Z">
          <params>
            <param index="0">
              <value>
                <![CDATA[io.swagger.codegen.languages.JavascriptClientCodegen@1f235a0a]]>
              </value>
            </param>
          </params>
          <reporter-output>
          </reporter-output>
        </test-method> <!-- testLoadByFullQualifiedName -->
        <test-method status="PASS" signature="testLoadByFullQualifiedName(io.swagger.codegen.CodegenConfig)[pri:0, instance:io.swagger.codegen.CodegenConfigLoaderTest@7a765367]" name="testLoadByFullQualifiedName" duration-ms="8" started-at="2016-12-23T13:40:28Z" data-provider="codegenConfig" finished-at="2016-12-23T13:40:28Z">
          <params>
            <param index="0">
              <value>
                <![CDATA[io.swagger.codegen.languages.StaticHtmlGenerator@75d402d4]]>
              </value>
            </param>
          </params>
          <reporter-output>
          </reporter-output>
        </test-method> <!-- testLoadByFullQualifiedName -->
        <test-method status="PASS" signature="testLoadByFullQualifiedName(io.swagger.codegen.CodegenConfig)[pri:0, instance:io.swagger.codegen.CodegenConfigLoaderTest@7a765367]" name="testLoadByFullQualifiedName" duration-ms="8" started-at="2016-12-23T13:40:28Z" data-provider="codegenConfig" finished-at="2016-12-23T13:40:28Z">
          <params>
            <param index="0">
              <value>
                <![CDATA[io.swagger.codegen.languages.ScalatraServerCodegen@1a0b4955]]>
              </value>
            </param>
          </params>
          <reporter-output>
          </reporter-output>
        </test-method> <!-- testLoadByFullQualifiedName -->
        <test-method status="PASS" signature="testLoadByFullQualifiedName(io.swagger.codegen.CodegenConfig)[pri:0, instance:io.swagger.codegen.CodegenConfigLoaderTest@7a765367]" name="testLoadByFullQualifiedName" duration-ms="15" started-at="2016-12-23T13:40:28Z" data-provider="codegenConfig" finished-at="2016-12-23T13:40:28Z">
          <params>
            <param index="0">
              <value>
                <![CDATA[io.swagger.codegen.languages.CppRestClientCodegen@3435a4e5]]>
              </value>
            </param>
          </params>
          <reporter-output>
          </reporter-output>
        </test-method> <!-- testLoadByFullQualifiedName -->
        <test-method status="PASS" signature="testLoadByFullQualifiedName(io.swagger.codegen.CodegenConfig)[pri:0, instance:io.swagger.codegen.CodegenConfigLoaderTest@7a765367]" name="testLoadByFullQualifiedName" duration-ms="15" started-at="2016-12-23T13:40:28Z" data-provider="codegenConfig" finished-at="2016-12-23T13:40:29Z">
          <params>
            <param index="0">
              <value>
                <![CDATA[io.swagger.codegen.languages.FlashClientCodegen@31434b63]]>
              </value>
            </param>
          </params>
          <reporter-output>
          </reporter-output>
        </test-method> <!-- testLoadByFullQualifiedName -->
        <test-method status="PASS" signature="testLoadByFullQualifiedName(io.swagger.codegen.CodegenConfig)[pri:0, instance:io.swagger.codegen.CodegenConfigLoaderTest@7a765367]" name="testLoadByFullQualifiedName" duration-ms="8" started-at="2016-12-23T13:40:29Z" data-provider="codegenConfig" finished-at="2016-12-23T13:40:29Z">
          <params>
            <param index="0">
              <value>
                <![CDATA[io.swagger.codegen.languages.JavascriptClosureAngularClientCodegen@64d42d3d]]>
              </value>
            </param>
          </params>
          <reporter-output>
          </reporter-output>
        </test-method> <!-- testLoadByFullQualifiedName -->
        <test-method status="PASS" signature="testLoadByFullQualifiedName(io.swagger.codegen.CodegenConfig)[pri:0, instance:io.swagger.codegen.CodegenConfigLoaderTest@7a765367]" name="testLoadByFullQualifiedName" duration-ms="7" started-at="2016-12-23T13:40:29Z" data-provider="codegenConfig" finished-at="2016-12-23T13:40:29Z">
          <params>
            <param index="0">
              <value>
                <![CDATA[io.swagger.codegen.languages.SpringCodegen@24558113]]>
              </value>
            </param>
          </params>
          <reporter-output>
          </reporter-output>
        </test-method> <!-- testLoadByFullQualifiedName -->
        <test-method status="PASS" signature="testLoadByName(io.swagger.codegen.CodegenConfig)[pri:0, instance:io.swagger.codegen.CodegenConfigLoaderTest@7a765367]" name="testLoadByName" duration-ms="6" started-at="2016-12-23T13:40:29Z" data-provider="codegenConfig" finished-at="2016-12-23T13:40:29Z">
          <params>
            <param index="0">
              <value>
                <![CDATA[io.swagger.codegen.languages.StaticDocCodegen@3d5e0bf0]]>
              </value>
            </param>
          </params>
          <reporter-output>
          </reporter-output>
        </test-method> <!-- testLoadByName -->
        <test-method status="PASS" signature="testLoadByName(io.swagger.codegen.CodegenConfig)[pri:0, instance:io.swagger.codegen.CodegenConfigLoaderTest@7a765367]" name="testLoadByName" duration-ms="4" started-at="2016-12-23T13:40:29Z" data-provider="codegenConfig" finished-at="2016-12-23T13:40:29Z">
          <params>
            <param index="0">
              <value>
                <![CDATA[io.swagger.codegen.languages.NodeJSServerCodegen@166d576b]]>
              </value>
            </param>
          </params>
          <reporter-output>
          </reporter-output>
        </test-method> <!-- testLoadByName -->
        <test-method status="PASS" signature="testLoadByName(io.swagger.codegen.CodegenConfig)[pri:0, instance:io.swagger.codegen.CodegenConfigLoaderTest@7a765367]" name="testLoadByName" duration-ms="4" started-at="2016-12-23T13:40:29Z" data-provider="codegenConfig" finished-at="2016-12-23T13:40:29Z">
          <params>
            <param index="0">
              <value>
                <![CDATA[io.swagger.codegen.languages.PerlClientCodegen@53153d5e]]>
              </value>
            </param>
          </params>
          <reporter-output>
          </reporter-output>
        </test-method> <!-- testLoadByName -->
        <test-method status="PASS" signature="testLoadByName(io.swagger.codegen.CodegenConfig)[pri:0, instance:io.swagger.codegen.CodegenConfigLoaderTest@7a765367]" name="testLoadByName" duration-ms="8" started-at="2016-12-23T13:40:29Z" data-provider="codegenConfig" finished-at="2016-12-23T13:40:29Z">
          <params>
            <param index="0">
              <value>
                <![CDATA[io.swagger.codegen.languages.CsharpDotNet2ClientCodegen@5b407336]]>
              </value>
            </param>
          </params>
          <reporter-output>
          </reporter-output>
        </test-method> <!-- testLoadByName -->
        <test-method status="PASS" signature="testLoadByName(io.swagger.codegen.CodegenConfig)[pri:0, instance:io.swagger.codegen.CodegenConfigLoaderTest@7a765367]" name="testLoadByName" duration-ms="8" started-at="2016-12-23T13:40:29Z" data-provider="codegenConfig" finished-at="2016-12-23T13:40:29Z">
          <params>
            <param index="0">
              <value>
                <![CDATA[io.swagger.codegen.languages.ScalaClientCodegen@160cf225]]>
              </value>
            </param>
          </params>
          <reporter-output>
          </reporter-output>
        </test-method> <!-- testLoadByName -->
        <test-method status="PASS" signature="testLoadByName(io.swagger.codegen.CodegenConfig)[pri:0, instance:io.swagger.codegen.CodegenConfigLoaderTest@7a765367]" name="testLoadByName" duration-ms="5" started-at="2016-12-23T13:40:29Z" data-provider="codegenConfig" finished-at="2016-12-23T13:40:29Z">
          <params>
            <param index="0">
              <value>
                <![CDATA[io.swagger.codegen.languages.JMeterCodegen@6a262980]]>
              </value>
            </param>
          </params>
          <reporter-output>
          </reporter-output>
        </test-method> <!-- testLoadByName -->
        <test-method status="PASS" signature="testLoadByName(io.swagger.codegen.CodegenConfig)[pri:0, instance:io.swagger.codegen.CodegenConfigLoaderTest@7a765367]" name="testLoadByName" duration-ms="4" started-at="2016-12-23T13:40:29Z" data-provider="codegenConfig" finished-at="2016-12-23T13:40:29Z">
          <params>
            <param index="0">
              <value>
                <![CDATA[io.swagger.codegen.languages.JavaJAXRSSpecServerCodegen@10230657]]>
              </value>
            </param>
          </params>
          <reporter-output>
          </reporter-output>
        </test-method> <!-- testLoadByName -->
        <test-method status="PASS" signature="testLoadByName(io.swagger.codegen.CodegenConfig)[pri:0, instance:io.swagger.codegen.CodegenConfigLoaderTest@7a765367]" name="testLoadByName" duration-ms="35" started-at="2016-12-23T13:40:29Z" data-provider="codegenConfig" finished-at="2016-12-23T13:40:29Z">
          <params>
            <param index="0">
              <value>
                <![CDATA[io.swagger.codegen.languages.TypeScriptFetchClientCodegen@48a21ea6]]>
              </value>
            </param>
          </params>
          <reporter-output>
          </reporter-output>
        </test-method> <!-- testLoadByName -->
        <test-method status="PASS" signature="testLoadByName(io.swagger.codegen.CodegenConfig)[pri:0, instance:io.swagger.codegen.CodegenConfigLoaderTest@7a765367]" name="testLoadByName" duration-ms="8" started-at="2016-12-23T13:40:29Z" data-provider="codegenConfig" finished-at="2016-12-23T13:40:29Z">
          <params>
            <param index="0">
              <value>
                <![CDATA[io.swagger.codegen.languages.UndertowCodegen@394e504d]]>
              </value>
            </param>
          </params>
          <reporter-output>
          </reporter-output>
        </test-method> <!-- testLoadByName -->
        <test-method status="PASS" signature="testLoadByName(io.swagger.codegen.CodegenConfig)[pri:0, instance:io.swagger.codegen.CodegenConfigLoaderTest@7a765367]" name="testLoadByName" duration-ms="6" started-at="2016-12-23T13:40:29Z" data-provider="codegenConfig" finished-at="2016-12-23T13:40:29Z">
          <params>
            <param index="0">
              <value>
                <![CDATA[io.swagger.codegen.languages.Qt5CPPGenerator@62ff14cd]]>
              </value>
            </param>
          </params>
          <reporter-output>
          </reporter-output>
        </test-method> <!-- testLoadByName -->
        <test-method status="PASS" signature="testLoadByName(io.swagger.codegen.CodegenConfig)[pri:0, instance:io.swagger.codegen.CodegenConfigLoaderTest@7a765367]" name="testLoadByName" duration-ms="1" started-at="2016-12-23T13:40:29Z" data-provider="codegenConfig" finished-at="2016-12-23T13:40:29Z">
          <params>
            <param index="0">
              <value>
                <![CDATA[io.swagger.codegen.languages.AndroidClientCodegen@6ae6a77b]]>
              </value>
            </param>
          </params>
          <reporter-output>
          </reporter-output>
        </test-method> <!-- testLoadByName -->
        <test-method status="PASS" signature="testLoadByName(io.swagger.codegen.CodegenConfig)[pri:0, instance:io.swagger.codegen.CodegenConfigLoaderTest@7a765367]" name="testLoadByName" duration-ms="4" started-at="2016-12-23T13:40:29Z" data-provider="codegenConfig" finished-at="2016-12-23T13:40:29Z">
          <params>
            <param index="0">
              <value>
                <![CDATA[io.swagger.codegen.languages.PythonClientCodegen@32e9c3af]]>
              </value>
            </param>
          </params>
          <reporter-output>
          </reporter-output>
        </test-method> <!-- testLoadByName -->
        <test-method status="PASS" signature="testLoadByName(io.swagger.codegen.CodegenConfig)[pri:0, instance:io.swagger.codegen.CodegenConfigLoaderTest@7a765367]" name="testLoadByName" duration-ms="2" started-at="2016-12-23T13:40:29Z" data-provider="codegenConfig" finished-at="2016-12-23T13:40:29Z">
          <params>
            <param index="0">
              <value>
                <![CDATA[io.swagger.codegen.languages.CSharpClientCodegen@796e2187]]>
              </value>
            </param>
          </params>
          <reporter-output>
          </reporter-output>
        </test-method> <!-- testLoadByName -->
        <test-method status="PASS" signature="testLoadByName(io.swagger.codegen.CodegenConfig)[pri:0, instance:io.swagger.codegen.CodegenConfigLoaderTest@7a765367]" name="testLoadByName" duration-ms="2" started-at="2016-12-23T13:40:29Z" data-provider="codegenConfig" finished-at="2016-12-23T13:40:29Z">
          <params>
            <param index="0">
              <value>
                <![CDATA[io.swagger.codegen.languages.GroovyClientCodegen@632d1b1b]]>
              </value>
            </param>
          </params>
          <reporter-output>
          </reporter-output>
        </test-method> <!-- testLoadByName -->
[...]
          <params>
            <param index="0">
              <value>
                <![CDATA[null(null)]]>
              </value>
            </param>
            <param index="1">
              <value>
                <![CDATA[allowableValues="range=[1, infinity]"]]>
              </value>
            </param>
          </params>
          <reporter-output>
          </reporter-output>
        </test-method> <!-- annotationsTest -->
        <test-method status="PASS" signature="annotationsTest(io.swagger.codegen.CodegenParameter, java.lang.String)[pri:0, instance:io.swagger.codegen.java.jaxrs.AllowableValuesTest@45820e51]" name="annotationsTest" duration-ms="2" started-at="2016-12-23T13:40:38Z" data-provider="operations" finished-at="2016-12-23T13:40:38Z">
          <params>
            <param index="0">
              <value>
                <![CDATA[null(null)]]>
              </value>
            </param>
            <param index="1">
              <value>
                <![CDATA[allowableValues="range=[-infinity, 10]"]]>
              </value>
            </param>
          </params>
          <reporter-output>
          </reporter-output>
        </test-method> <!-- annotationsTest -->
      </class> <!-- io.swagger.codegen.java.jaxrs.AllowableValuesTest -->
      <class name="io.swagger.codegen.ignore.rules.FileRuleTest">
        <test-method status="PASS" signature="testMatchComplex()[pri:0, instance:io.swagger.codegen.ignore.rules.FileRuleTest@687080dc]" name="testMatchComplex" duration-ms="1" started-at="2016-12-23T13:40:37Z" finished-at="2016-12-23T13:40:37Z">
          <reporter-output>
          </reporter-output>
        </test-method> <!-- testMatchComplex -->
        <test-method status="PASS" signature="testNonMatchComplex()[pri:0, instance:io.swagger.codegen.ignore.rules.FileRuleTest@687080dc]" name="testNonMatchComplex" duration-ms="0" started-at="2016-12-23T13:40:37Z" finished-at="2016-12-23T13:40:37Z">
          <reporter-output>
          </reporter-output>
        </test-method> <!-- testNonMatchComplex -->
      </class> <!-- io.swagger.codegen.ignore.rules.FileRuleTest -->
      <class name="io.swagger.codegen.slim.SlimFrameworkServerOptionsTest">
        <test-method status="PASS" signature="checkOptionsHelp()[pri:0, instance:io.swagger.codegen.slim.SlimFrameworkServerOptionsTest@77f99a05]" name="checkOptionsHelp" duration-ms="11" started-at="2016-12-23T13:40:47Z" description="check if all options described in documentation are presented in test case" finished-at="2016-12-23T13:40:47Z">
          <reporter-output>
          </reporter-output>
        </test-method> <!-- checkOptionsHelp -->
        <test-method status="PASS" signature="checkOptionsProcessing()[pri:0, instance:io.swagger.codegen.slim.SlimFrameworkServerOptionsTest@77f99a05]" name="checkOptionsProcessing" duration-ms="238" started-at="2016-12-23T13:40:47Z" finished-at="2016-12-23T13:40:47Z">
          <reporter-output>
          </reporter-output>
        </test-method> <!-- checkOptionsProcessing -->
      </class> <!-- io.swagger.codegen.slim.SlimFrameworkServerOptionsTest -->
      <class name="io.swagger.codegen.lumen.LumenServerOptionsTest">
        <test-method status="PASS" signature="checkOptionsHelp()[pri:0, instance:io.swagger.codegen.lumen.LumenServerOptionsTest@27f723]" name="checkOptionsHelp" duration-ms="9" started-at="2016-12-23T13:40:40Z" description="check if all options described in documentation are presented in test case" finished-at="2016-12-23T13:40:40Z">
          <reporter-output>
          </reporter-output>
        </test-method> <!-- checkOptionsHelp -->
        <test-method status="PASS" signature="checkOptionsProcessing()[pri:0, instance:io.swagger.codegen.lumen.LumenServerOptionsTest@27f723]" name="checkOptionsProcessing" duration-ms="401" started-at="2016-12-23T13:40:40Z" finished-at="2016-12-23T13:40:41Z">
          <reporter-output>
          </reporter-output>
        </test-method> <!-- checkOptionsProcessing -->
      </class> <!-- io.swagger.codegen.lumen.LumenServerOptionsTest -->
      <class name="io.swagger.codegen.asyncscala.AsyncScalaClientOptionsTest">
        <test-method status="PASS" signature="checkOptionsHelp()[pri:0, instance:io.swagger.codegen.asyncscala.AsyncScalaClientOptionsTest@34c4973]" name="checkOptionsHelp" duration-ms="52" started-at="2016-12-23T13:40:27Z" description="check if all options described in documentation are presented in test case" finished-at="2016-12-23T13:40:27Z">
          <reporter-output>
          </reporter-output>
        </test-method> <!-- checkOptionsHelp -->
        <test-method status="PASS" signature="checkOptionsProcessing()[pri:0, instance:io.swagger.codegen.asyncscala.AsyncScalaClientOptionsTest@34c4973]" name="checkOptionsProcessing" duration-ms="87" started-at="2016-12-23T13:40:27Z" finished-at="2016-12-23T13:40:27Z">
          <reporter-output>
          </reporter-output>
        </test-method> <!-- checkOptionsProcessing -->
      </class> <!-- io.swagger.codegen.asyncscala.AsyncScalaClientOptionsTest -->
      <class name="io.swagger.codegen.aspnet5.AspNet5ServerOptionsTest">
        <test-method status="PASS" signature="checkOptionsHelp()[pri:0, instance:io.swagger.codegen.aspnet5.AspNet5ServerOptionsTest@33c7e1bb]" name="checkOptionsHelp" duration-ms="35" started-at="2016-12-23T13:40:27Z" description="check if all options described in documentation are presented in test case" finished-at="2016-12-23T13:40:27Z">
          <reporter-output>
          </reporter-output>
        </test-method> <!-- checkOptionsHelp -->
        <test-method status="PASS" signature="checkOptionsProcessing()[pri:0, instance:io.swagger.codegen.aspnet5.AspNet5ServerOptionsTest@33c7e1bb]" name="checkOptionsProcessing" duration-ms="87" started-at="2016-12-23T13:40:27Z" finished-at="2016-12-23T13:40:27Z">
          <reporter-output>
          </reporter-output>
        </test-method> <!-- checkOptionsProcessing -->
      </class> <!-- io.swagger.codegen.aspnet5.AspNet5ServerOptionsTest -->
      <class name="io.swagger.codegen.javascript.JavaScriptModelTest">
        <test-method status="PASS" signature="arrayModelTest()[pri:0, instance:io.swagger.codegen.javascript.JavaScriptModelTest@59906517]" name="arrayModelTest" duration-ms="6" started-at="2016-12-23T13:40:39Z" description="convert an array model" finished-at="2016-12-23T13:40:39Z">
          <reporter-output>
          </reporter-output>
        </test-method> <!-- arrayModelTest -->
        <test-method status="PASS" signature="binaryDataTest()[pri:0, instance:io.swagger.codegen.javascript.JavaScriptModelTest@59906517]" name="binaryDataTest" duration-ms="1" started-at="2016-12-23T13:40:39Z" description="convert a model with binary data" finished-at="2016-12-23T13:40:39Z">
          <reporter-output>
          </reporter-output>
        </test-method> <!-- binaryDataTest -->
        <test-method status="PASS" signature="complexListPropertyTest()[pri:0, instance:io.swagger.codegen.javascript.JavaScriptModelTest@59906517]" name="complexListPropertyTest" duration-ms="2" started-at="2016-12-23T13:40:39Z" description="convert a model with complex list Property" finished-at="2016-12-23T13:40:39Z">
          <reporter-output>
          </reporter-output>
        </test-method> <!-- complexListPropertyTest -->
        <test-method status="PASS" signature="complexMapPropertyTest()[pri:0, instance:io.swagger.codegen.javascript.JavaScriptModelTest@59906517]" name="complexMapPropertyTest" duration-ms="2" started-at="2016-12-23T13:40:39Z" description="convert a model with complex map Property" finished-at="2016-12-23T13:40:39Z">
          <reporter-output>
          </reporter-output>
        </test-method> <!-- complexMapPropertyTest -->
        <test-method status="PASS" signature="complexPropertiesTest()[pri:0, instance:io.swagger.codegen.javascript.JavaScriptModelTest@59906517]" name="complexPropertiesTest" duration-ms="2" started-at="2016-12-23T13:40:39Z" description="convert a model with complex properties" finished-at="2016-12-23T13:40:39Z">
          <reporter-output>
          </reporter-output>
        </test-method> <!-- complexPropertiesTest -->
        <test-method status="PASS" signature="convertParameterTest()[pri:0, instance:io.swagger.codegen.javascript.JavaScriptModelTest@59906517]" name="convertParameterTest" duration-ms="2" started-at="2016-12-23T13:40:39Z" description="convert a parameter" finished-at="2016-12-23T13:40:39Z">
          <reporter-output>
          </reporter-output>
        </test-method> <!-- convertParameterTest -->
        <test-method status="PASS" signature="escapeNamesTest()[pri:0, instance:io.swagger.codegen.javascript.JavaScriptModelTest@59906517]" name="escapeNamesTest" duration-ms="1" started-at="2016-12-23T13:40:39Z" description="properly escape names per 567" finished-at="2016-12-23T13:40:39Z">
          <reporter-output>
          </reporter-output>
        </test-method> <!-- escapeNamesTest -->
        <test-method status="PASS" signature="hyphensTest()[pri:0, instance:io.swagger.codegen.javascript.JavaScriptModelTest@59906517]" name="hyphensTest" duration-ms="1" started-at="2016-12-23T13:40:39Z" description="convert hyphens per issue 503" finished-at="2016-12-23T13:40:39Z">
          <reporter-output>
          </reporter-output>
        </test-method> <!-- hyphensTest -->
        <test-method status="PASS" signature="invalidParamNameTest()[pri:0, instance:io.swagger.codegen.javascript.JavaScriptModelTest@59906517]" name="invalidParamNameTest" duration-ms="1" started-at="2016-12-23T13:40:39Z" description="translate an invalid param name" finished-at="2016-12-23T13:40:39Z">
          <reporter-output>
          </reporter-output>
        </test-method> <!-- invalidParamNameTest -->
        <test-method status="PASS" signature="list2DPropertyTest()[pri:0, instance:io.swagger.codegen.javascript.JavaScriptModelTest@59906517]" name="list2DPropertyTest" duration-ms="2" started-at="2016-12-23T13:40:39Z" description="convert a model with a 2D list Property" finished-at="2016-12-23T13:40:39Z">
          <reporter-output>
          </reporter-output>
        </test-method> <!-- list2DPropertyTest -->
        <test-method status="PASS" signature="listPropertyTest()[pri:0, instance:io.swagger.codegen.javascript.JavaScriptModelTest@59906517]" name="listPropertyTest" duration-ms="2" started-at="2016-12-23T13:40:39Z" description="convert a model with list Property" finished-at="2016-12-23T13:40:39Z">
          <reporter-output>
          </reporter-output>
        </test-method> <!-- listPropertyTest -->
        <test-method status="PASS" signature="mapModelTest()[pri:0, instance:io.swagger.codegen.javascript.JavaScriptModelTest@59906517]" name="mapModelTest" duration-ms="2" started-at="2016-12-23T13:40:39Z" description="convert a map model" finished-at="2016-12-23T13:40:39Z">
          <reporter-output>
          </reporter-output>
        </test-method> <!-- mapModelTest -->
        <test-method status="PASS" signature="mapPropertyTest()[pri:0, instance:io.swagger.codegen.javascript.JavaScriptModelTest@59906517]" name="mapPropertyTest" duration-ms="1" started-at="2016-12-23T13:40:39Z" description="convert a model with a map Property" finished-at="2016-12-23T13:40:39Z">
          <reporter-output>
          </reporter-output>
        </test-method> <!-- mapPropertyTest -->
        <test-method status="PASS" signature="mapWithListPropertyTest()[pri:0, instance:io.swagger.codegen.javascript.JavaScriptModelTest@59906517]" name="mapWithListPropertyTest" duration-ms="1" started-at="2016-12-23T13:40:39Z" description="convert a model with a map with complex list Property" finished-at="2016-12-23T13:40:39Z">
          <reporter-output>
          </reporter-output>
        </test-method> <!-- mapWithListPropertyTest -->
        <test-method status="PASS" signature="modelNameTest(java.lang.String, java.lang.String)[pri:0, instance:io.swagger.codegen.javascript.JavaScriptModelTest@59906517]" name="modelNameTest" duration-ms="1" started-at="2016-12-23T13:40:39Z" description="avoid inner class" data-provider="modelNames" finished-at="2016-12-23T13:40:39Z">
          <params>
            <param index="0">
              <value>
                <![CDATA[sample]]>
              </value>
            </param>
            <param index="1">
              <value>
                <![CDATA[Sample]]>
              </value>
            </param>
          </params>
          <reporter-output>
          </reporter-output>
        </test-method> <!-- modelNameTest -->
        <test-method status="PASS" signature="modelNameTest(java.lang.String, java.lang.String)[pri:0, instance:io.swagger.codegen.javascript.JavaScriptModelTest@59906517]" name="modelNameTest" duration-ms="1" started-at="2016-12-23T13:40:39Z" description="avoid inner class" data-provider="modelNames" finished-at="2016-12-23T13:40:39Z">
          <params>
            <param index="0">
              <value>
                <![CDATA[sample_name]]>
              </value>
            </param>
            <param index="1">
              <value>
                <![CDATA[SampleName]]>
              </value>
            </param>
          </params>
          <reporter-output>
          </reporter-output>
        </test-method> <!-- modelNameTest -->
        <test-method status="PASS" signature="modelNameTest(java.lang.String, java.lang.String)[pri:0, instance:io.swagger.codegen.javascript.JavaScriptModelTest@59906517]" name="modelNameTest" duration-ms="1" started-at="2016-12-23T13:40:39Z" description="avoid inner class" data-provider="modelNames" finished-at="2016-12-23T13:40:39Z">
          <params>
            <param index="0">
              <value>
                <![CDATA[sample__name]]>
              </value>
            </param>
            <param index="1">
              <value>
                <![CDATA[SampleName]]>
              </value>
            </param>
          </params>
          <reporter-output>
          </reporter-output>
        </test-method> <!-- modelNameTest -->
        <test-method status="PASS" signature="modelNameTest(java.lang.String, java.lang.String)[pri:0, instance:io.swagger.codegen.javascript.JavaScriptModelTest@59906517]" name="modelNameTest" duration-ms="0" started-at="2016-12-23T13:40:39Z" description="avoid inner class" data-provider="modelNames" finished-at="2016-12-23T13:40:39Z">
          <params>
            <param index="0">
              <value>
                <![CDATA[/sample]]>
              </value>
            </param>
            <param index="1">
              <value>
                <![CDATA[Sample]]>
              </value>
            </param>
          </params>
          <reporter-output>
          </reporter-output>
        </test-method> <!-- modelNameTest -->
        <test-method status="PASS" signature="modelNameTest(java.lang.String, java.lang.String)[pri:0, instance:io.swagger.codegen.javascript.JavaScriptModelTest@59906517]" name="modelNameTest" duration-ms="0" started-at="2016-12-23T13:40:39Z" description="avoid inner class" data-provider="modelNames" finished-at="2016-12-23T13:40:39Z">
          <params>
            <param index="0">
              <value>
                <![CDATA[\sample]]>
              </value>
            </param>
            <param index="1">
              <value>
                <![CDATA[Sample]]>
              </value>
            </param>
          </params>
          <reporter-output>
          </reporter-output>
        </test-method> <!-- modelNameTest -->
        <test-method status="PASS" signature="modelNameTest(java.lang.String, java.lang.String)[pri:0, instance:io.swagger.codegen.javascript.JavaScriptModelTest@59906517]" name="modelNameTest" duration-ms="1" started-at="2016-12-23T13:40:39Z" description="avoid inner class" data-provider="modelNames" finished-at="2016-12-23T13:40:39Z">
          <params>
            <param index="0">
              <value>
                <![CDATA[sample.name]]>
              </value>
            </param>
            <param index="1">
              <value>
                <![CDATA[SampleName]]>
              </value>
            </param>
          </params>
          <reporter-output>
          </reporter-output>
        </test-method> <!-- modelNameTest -->
        <test-method status="PASS" signature="modelNameTest(java.lang.String, java.lang.String)[pri:0, instance:io.swagger.codegen.javascript.JavaScriptModelTest@59906517]" name="modelNameTest" duration-ms="1" started-at="2016-12-23T13:40:39Z" description="avoid inner class" data-provider="modelNames" finished-at="2016-12-23T13:40:39Z">
          <params>
            <param index="0">
              <value>
                <![CDATA[_sample]]>
              </value>
            </param>
            <param index="1">
              <value>
                <![CDATA[Sample]]>
              </value>
            </param>
          </params>
          <reporter-output>
          </reporter-output>
        </test-method> <!-- modelNameTest -->
        <test-method status="PASS" signature="modelNameTest(java.lang.String, java.lang.String)[pri:0, instance:io.swagger.codegen.javascript.JavaScriptModelTest@59906517]" name="modelNameTest" duration-ms="0" started-at="2016-12-23T13:40:39Z" description="avoid inner class" data-provider="modelNames" finished-at="2016-12-23T13:40:39Z">
          <params>
            <param index="0">
              <value>
                <![CDATA[Sample]]>
              </value>
            </param>
            <param index="1">
              <value>
                <![CDATA[Sample]]>
              </value>
            </param>
          </params>
          <reporter-output>
          </reporter-output>
        </test-method> <!-- modelNameTest -->
        <test-method status="PASS" signature="secondCharUpperCaseNamesTest()[pri:0, instance:io.swagger.codegen.javascript.JavaScriptModelTest@59906517]" name="secondCharUpperCaseNamesTest" duration-ms="1" started-at="2016-12-23T13:40:39Z" description="convert a model with a 2nd char uppercase Property names" finished-at="2016-12-23T13:40:39Z">
          <reporter-output>
          </reporter-output>
        </test-method> <!-- secondCharUpperCaseNamesTest -->
        <test-method status="PASS" signature="simpleModelTest()[pri:0, instance:io.swagger.codegen.javascript.JavaScriptModelTest@59906517]" name="simpleModelTest" duration-ms="2" started-at="2016-12-23T13:40:39Z" description="convert a simple java model" finished-at="2016-12-23T13:40:39Z">
          <reporter-output>
          </reporter-output>
        </test-method> <!-- simpleModelTest -->
        <test-method status="PASS" signature="squareBracketsTest()[pri:0, instance:io.swagger.codegen.javascript.JavaScriptModelTest@59906517]" name="squareBracketsTest" duration-ms="1" started-at="2016-12-23T13:40:39Z" description="convert query[password] to queryPassword" finished-at="2016-12-23T13:40:39Z">
          <reporter-output>
          </reporter-output>
        </test-method> <!-- squareBracketsTest -->
        <test-method status="PASS" signature="upperCaseNamesTest()[pri:0, instance:io.swagger.codegen.javascript.JavaScriptModelTest@59906517]" name="upperCaseNamesTest" duration-ms="2" started-at="2016-12-23T13:40:39Z" description="convert a model with uppercase Property names" finished-at="2016-12-23T13:40:39Z">
          <reporter-output>
          </reporter-output>
        </test-method> <!-- upperCaseNamesTest -->
      </class> <!-- io.swagger.codegen.javascript.JavaScriptModelTest -->
    </test> <!-- Surefire test -->
  </suite> <!-- Surefire suite -->
</testng-results>
