<?xml version="1.0" encoding="UTF-8"?>
<!-- Generated by org.testng.reporters.JUnitXMLReporter -->
<testsuite hostname="Kasun" name="Surefire test" tests="4" failures="0" timestamp="20 Sep 2016 05:50:42 GMT" time="0.109" errors="0">
  <testcase name="writeObjectTest" time="0.013" classname="io.swagger.generator.GeneratorInputTest"/>
  <testcase name="generateOptionsTest" time="0.0" classname="io.swagger.generator.online.OnlineGeneratorOptionsTest">
    <skipped/>
  </testcase> <!-- generateOptionsTest -->
  <testcase name="getOptionsTest" time="0.0" classname="io.swagger.generator.online.OnlineGeneratorOptionsTest">
    <skipped/>
  </testcase> <!-- getOptionsTest -->
  <testcase name="getOptionsTest" time="0.063" classname="io.swagger.generator.online.OnlineJavaClientOptionsTest"/>
</testsuite> <!-- Surefire test -->
