<?xml version="1.0" encoding="UTF-8"?>
<testng-results skipped="0" failed="0" total="23" passed="23">
  <reporter-output>
  </reporter-output>
  <suite name="Command line suite" duration-ms="3104" started-at="2016-09-13T16:47:49Z" finished-at="2016-09-13T16:47:53Z">
    <groups>
    </groups>
    <test name="Command line test" duration-ms="3104" started-at="2016-09-13T16:47:49Z" finished-at="2016-09-13T16:47:53Z">
      <class name="com.rip.framework.service.EmployeeServiceImplTest">
        <test-method status="PASS" signature="setUp()[pri:0, instance:com.rip.framework.service.EmployeeServiceImplTest@37d31475]" name="setUp" is-config="true" duration-ms="9" started-at="2016-09-13T22:17:53Z" finished-at="2016-09-13T22:17:53Z">
          <reporter-output>
          </reporter-output>
        </test-method> <!-- setUp -->
        <test-method status="PASS" signature="deleteEmployeeBySsn()[pri:0, instance:com.rip.framework.service.EmployeeServiceImplTest@37d31475]" name="deleteEmployeeBySsn" duration-ms="1" started-at="2016-09-13T22:17:53Z" finished-at="2016-09-13T22:17:53Z">
          <reporter-output>
          </reporter-output>
        </test-method> <!-- deleteEmployeeBySsn -->
        <test-method status="PASS" signature="findAllEmployees()[pri:0, instance:com.rip.framework.service.EmployeeServiceImplTest@37d31475]" name="findAllEmployees" duration-ms="0" started-at="2016-09-13T22:17:53Z" finished-at="2016-09-13T22:17:53Z">
          <reporter-output>
          </reporter-output>
        </test-method> <!-- findAllEmployees -->
        <test-method status="PASS" signature="findById()[pri:0, instance:com.rip.framework.service.EmployeeServiceImplTest@37d31475]" name="findById" duration-ms="1" started-at="2016-09-13T22:17:53Z" finished-at="2016-09-13T22:17:53Z">
          <reporter-output>
          </reporter-output>
        </test-method> <!-- findById -->
        <test-method status="PASS" signature="findEmployeeBySsn()[pri:0, instance:com.rip.framework.service.EmployeeServiceImplTest@37d31475]" name="findEmployeeBySsn" duration-ms="0" started-at="2016-09-13T22:17:53Z" finished-at="2016-09-13T22:17:53Z">
          <reporter-output>
          </reporter-output>
        </test-method> <!-- findEmployeeBySsn -->
        <test-method status="PASS" signature="saveEmployee()[pri:0, instance:com.rip.framework.service.EmployeeServiceImplTest@37d31475]" name="saveEmployee" duration-ms="1" started-at="2016-09-13T22:17:53Z" finished-at="2016-09-13T22:17:53Z">
          <reporter-output>
          </reporter-output>
        </test-method> <!-- saveEmployee -->
        <test-method status="PASS" signature="isEmployeeSsnUnique()[pri:0, instance:com.rip.framework.service.EmployeeServiceImplTest@37d31475]" name="isEmployeeSsnUnique" duration-ms="0" started-at="2016-09-13T22:17:53Z" finished-at="2016-09-13T22:17:53Z">
          <reporter-output>
          </reporter-output>
        </test-method> <!-- isEmployeeSsnUnique -->
        <test-method status="PASS" signature="updateEmployee()[pri:0, instance:com.rip.framework.service.EmployeeServiceImplTest@37d31475]" name="updateEmployee" duration-ms="1" started-at="2016-09-13T22:17:53Z" finished-at="2016-09-13T22:17:53Z">
          <reporter-output>
          </reporter-output>
        </test-method> <!-- updateEmployee -->
      </class> <!-- com.rip.framework.service.EmployeeServiceImplTest -->
      <class name="com.rip.framework.dao.EmployeeDaoImplTest">
        <test-method status="PASS" signature="springTestContextBeforeTestClass()[pri:0, instance:com.rip.framework.dao.EmployeeDaoImplTest@29b5cd00]" name="springTestContextBeforeTestClass" is-config="true" duration-ms="2" started-at="2016-09-13T22:17:50Z" finished-at="2016-09-13T22:17:50Z">
          <reporter-output>
          </reporter-output>
        </test-method> <!-- springTestContextBeforeTestClass -->
        <test-method status="PASS" signature="springTestContextPrepareTestInstance()[pri:0, instance:com.rip.framework.dao.EmployeeDaoImplTest@29b5cd00]" name="springTestContextPrepareTestInstance" is-config="true" duration-ms="2122" started-at="2016-09-13T22:17:50Z" depends-on-methods="org.springframework.test.context.testng.AbstractTestNGSpringContextTests.springTestContextBeforeTestClass" finished-at="2016-09-13T22:17:52Z">
          <reporter-output>
          </reporter-output>
        </test-method> <!-- springTestContextPrepareTestInstance -->
        <test-method status="PASS" signature="springTestContextBeforeTestMethod(java.lang.reflect.Method)[pri:0, instance:com.rip.framework.dao.EmployeeDaoImplTest@29b5cd00]" name="springTestContextBeforeTestMethod" is-config="true" duration-ms="70" started-at="2016-09-13T22:17:52Z" finished-at="2016-09-13T22:17:52Z">
          <params>
            <param index="0">
              <value>
                <![CDATA[public void com.rip.framework.dao.EmployeeDaoImplTest.deleteEmployeeByInvalidSsn()]]>
              </value>
            </param>
          </params>
          <reporter-output>
          </reporter-output>
        </test-method> <!-- springTestContextBeforeTestMethod -->
        <test-method status="PASS" signature="setUp()[pri:0, instance:com.rip.framework.dao.EmployeeDaoImplTest@29b5cd00]" name="setUp" is-config="true" duration-ms="149" started-at="2016-09-13T22:17:52Z" finished-at="2016-09-13T22:17:52Z">
          <reporter-output>
          </reporter-output>
        </test-method> <!-- setUp -->
        <test-method status="PASS" signature="deleteEmployeeByInvalidSsn()[pri:0, instance:com.rip.framework.dao.EmployeeDaoImplTest@29b5cd00]" name="deleteEmployeeByInvalidSsn" duration-ms="188" started-at="2016-09-13T22:17:52Z" finished-at="2016-09-13T22:17:52Z">
          <reporter-output>
          </reporter-output>
        </test-method> <!-- deleteEmployeeByInvalidSsn -->
        <test-method status="PASS" signature="springTestContextAfterTestMethod(java.lang.reflect.Method)[pri:0, instance:com.rip.framework.dao.EmployeeDaoImplTest@29b5cd00]" name="springTestContextAfterTestMethod" is-config="true" duration-ms="5" started-at="2016-09-13T22:17:52Z" finished-at="2016-09-13T22:17:52Z">
          <params>
            <param index="0">
              <value>
                <![CDATA[public void com.rip.framework.dao.EmployeeDaoImplTest.deleteEmployeeByInvalidSsn()]]>
              </value>
            </param>
          </params>
          <reporter-output>
          </reporter-output>
        </test-method> <!-- springTestContextAfterTestMethod -->
        <test-method status="PASS" signature="springTestContextBeforeTestMethod(java.lang.reflect.Method)[pri:0, instance:com.rip.framework.dao.EmployeeDaoImplTest@29b5cd00]" name="springTestContextBeforeTestMethod" is-config="true" duration-ms="3" started-at="2016-09-13T22:17:52Z" finished-at="2016-09-13T22:17:52Z">
          <params>
            <param index="0">
              <value>
                <![CDATA[public void com.rip.framework.dao.EmployeeDaoImplTest.deleteEmployeeBySsn()]]>
              </value>
            </param>
          </params>
          <reporter-output>
          </reporter-output>
        </test-method> <!-- springTestContextBeforeTestMethod -->
        <test-method status="PASS" signature="setUp()[pri:0, instance:com.rip.framework.dao.EmployeeDaoImplTest@29b5cd00]" name="setUp" is-config="true" duration-ms="10" started-at="2016-09-13T22:17:52Z" finished-at="2016-09-13T22:17:52Z">
          <reporter-output>
          </reporter-output>
        </test-method> <!-- setUp -->
        <test-method status="PASS" signature="deleteEmployeeBySsn()[pri:0, instance:com.rip.framework.dao.EmployeeDaoImplTest@29b5cd00]" name="deleteEmployeeBySsn" duration-ms="2" started-at="2016-09-13T22:17:52Z" finished-at="2016-09-13T22:17:52Z">
          <reporter-output>
          </reporter-output>
        </test-method> <!-- deleteEmployeeBySsn -->
        <test-method status="PASS" signature="springTestContextAfterTestMethod(java.lang.reflect.Method)[pri:0, instance:com.rip.framework.dao.EmployeeDaoImplTest@29b5cd00]" name="springTestContextAfterTestMethod" is-config="true" duration-ms="3" started-at="2016-09-13T22:17:52Z" finished-at="2016-09-13T22:17:52Z">
          <params>
            <param index="0">
              <value>
                <![CDATA[public void com.rip.framework.dao.EmployeeDaoImplTest.deleteEmployeeBySsn()]]>
              </value>
            </param>
          </params>
          <reporter-output>
          </reporter-output>
        </test-method> <!-- springTestContextAfterTestMethod -->
        <test-method status="PASS" signature="springTestContextBeforeTestMethod(java.lang.reflect.Method)[pri:0, instance:com.rip.framework.dao.EmployeeDaoImplTest@29b5cd00]" name="springTestContextBeforeTestMethod" is-config="true" duration-ms="4" started-at="2016-09-13T22:17:52Z" finished-at="2016-09-13T22:17:52Z">
          <params>
            <param index="0">
              <value>
                <![CDATA[public void com.rip.framework.dao.EmployeeDaoImplTest.findAllEmployees()]]>
              </value>
            </param>
          </params>
          <reporter-output>
          </reporter-output>
        </test-method> <!-- springTestContextBeforeTestMethod -->
        <test-method status="PASS" signature="setUp()[pri:0, instance:com.rip.framework.dao.EmployeeDaoImplTest@29b5cd00]" name="setUp" is-config="true" duration-ms="8" started-at="2016-09-13T22:17:52Z" finished-at="2016-09-13T22:17:52Z">
          <reporter-output>
          </reporter-output>
        </test-method> <!-- setUp -->
        <test-method status="PASS" signature="findAllEmployees()[pri:0, instance:com.rip.framework.dao.EmployeeDaoImplTest@29b5cd00]" name="findAllEmployees" duration-ms="2" started-at="2016-09-13T22:17:52Z" finished-at="2016-09-13T22:17:52Z">
          <reporter-output>
          </reporter-output>
        </test-method> <!-- findAllEmployees -->
        <test-method status="PASS" signature="springTestContextAfterTestMethod(java.lang.reflect.Method)[pri:0, instance:com.rip.framework.dao.EmployeeDaoImplTest@29b5cd00]" name="springTestContextAfterTestMethod" is-config="true" duration-ms="1" started-at="2016-09-13T22:17:52Z" finished-at="2016-09-13T22:17:52Z">
          <params>
            <param index="0">
              <value>
                <![CDATA[public void com.rip.framework.dao.EmployeeDaoImplTest.findAllEmployees()]]>
              </value>
            </param>
          </params>
          <reporter-output>
          </reporter-output>
        </test-method> <!-- springTestContextAfterTestMethod -->
        <test-method status="PASS" signature="springTestContextBeforeTestMethod(java.lang.reflect.Method)[pri:0, instance:com.rip.framework.dao.EmployeeDaoImplTest@29b5cd00]" name="springTestContextBeforeTestMethod" is-config="true" duration-ms="2" started-at="2016-09-13T22:17:52Z" finished-at="2016-09-13T22:17:52Z">
          <params>
            <param index="0">
              <value>
                <![CDATA[public void com.rip.framework.dao.EmployeeDaoImplTest.findById()]]>
              </value>
            </param>
          </params>
          <reporter-output>
          </reporter-output>
        </test-method> <!-- springTestContextBeforeTestMethod -->
        <test-method status="PASS" signature="setUp()[pri:0, instance:com.rip.framework.dao.EmployeeDaoImplTest@29b5cd00]" name="setUp" is-config="true" duration-ms="10" started-at="2016-09-13T22:17:52Z" finished-at="2016-09-13T22:17:52Z">
          <reporter-output>
          </reporter-output>
        </test-method> <!-- setUp -->
        <test-method status="PASS" signature="findById()[pri:0, instance:com.rip.framework.dao.EmployeeDaoImplTest@29b5cd00]" name="findById" duration-ms="11" started-at="2016-09-13T22:17:52Z" finished-at="2016-09-13T22:17:52Z">
          <reporter-output>
          </reporter-output>
        </test-method> <!-- findById -->
        <test-method status="PASS" signature="springTestContextAfterTestMethod(java.lang.reflect.Method)[pri:0, instance:com.rip.framework.dao.EmployeeDaoImplTest@29b5cd00]" name="springTestContextAfterTestMethod" is-config="true" duration-ms="2" started-at="2016-09-13T22:17:52Z" finished-at="2016-09-13T22:17:52Z">
          <params>
            <param index="0">
              <value>
                <![CDATA[public void com.rip.framework.dao.EmployeeDaoImplTest.findById()]]>
              </value>
            </param>
          </params>
          <reporter-output>
          </reporter-output>
        </test-method> <!-- springTestContextAfterTestMethod -->
        <test-method status="PASS" signature="springTestContextBeforeTestMethod(java.lang.reflect.Method)[pri:0, instance:com.rip.framework.dao.EmployeeDaoImplTest@29b5cd00]" name="springTestContextBeforeTestMethod" is-config="true" duration-ms="3" started-at="2016-09-13T22:17:52Z" finished-at="2016-09-13T22:17:52Z">
          <params>
            <param index="0">
              <value>
                <![CDATA[public void com.rip.framework.dao.EmployeeDaoImplTest.findEmployeeBySsn()]]>
              </value>
            </param>
          </params>
          <reporter-output>
          </reporter-output>
        </test-method> <!-- springTestContextBeforeTestMethod -->
        <test-method status="PASS" signature="setUp()[pri:0, instance:com.rip.framework.dao.EmployeeDaoImplTest@29b5cd00]" name="setUp" is-config="true" duration-ms="9" started-at="2016-09-13T22:17:52Z" finished-at="2016-09-13T22:17:52Z">
          <reporter-output>
          </reporter-output>
        </test-method> <!-- setUp -->
        <test-method status="PASS" signature="findEmployeeBySsn()[pri:0, instance:com.rip.framework.dao.EmployeeDaoImplTest@29b5cd00]" name="findEmployeeBySsn" duration-ms="12" started-at="2016-09-13T22:17:52Z" finished-at="2016-09-13T22:17:53Z">
          <reporter-output>
          </reporter-output>
        </test-method> <!-- findEmployeeBySsn -->
        <test-method status="PASS" signature="springTestContextAfterTestMethod(java.lang.reflect.Method)[pri:0, instance:com.rip.framework.dao.EmployeeDaoImplTest@29b5cd00]" name="springTestContextAfterTestMethod" is-config="true" duration-ms="2" started-at="2016-09-13T22:17:53Z" finished-at="2016-09-13T22:17:53Z">
          <params>
            <param index="0">
              <value>
                <![CDATA[public void com.rip.framework.dao.EmployeeDaoImplTest.findEmployeeBySsn()]]>
              </value>
            </param>
          </params>
          <reporter-output>
          </reporter-output>
        </test-method> <!-- springTestContextAfterTestMethod -->
        <test-method status="PASS" signature="springTestContextBeforeTestMethod(java.lang.reflect.Method)[pri:0, instance:com.rip.framework.dao.EmployeeDaoImplTest@29b5cd00]" name="springTestContextBeforeTestMethod" is-config="true" duration-ms="3" started-at="2016-09-13T22:17:53Z" finished-at="2016-09-13T22:17:53Z">
          <params>
            <param index="0">
              <value>
                <![CDATA[public void com.rip.framework.dao.EmployeeDaoImplTest.saveEmployee()]]>
              </value>
            </param>
          </params>
          <reporter-output>
          </reporter-output>
        </test-method> <!-- springTestContextBeforeTestMethod -->
        <test-method status="PASS" signature="setUp()[pri:0, instance:com.rip.framework.dao.EmployeeDaoImplTest@29b5cd00]" name="setUp" is-config="true" duration-ms="9" started-at="2016-09-13T22:17:53Z" finished-at="2016-09-13T22:17:53Z">
          <reporter-output>
          </reporter-output>
        </test-method> <!-- setUp -->
        <test-method status="PASS" signature="saveEmployee()[pri:0, instance:com.rip.framework.dao.EmployeeDaoImplTest@29b5cd00]" name="saveEmployee" duration-ms="20" started-at="2016-09-13T22:17:53Z" finished-at="2016-09-13T22:17:53Z">
          <reporter-output>
          </reporter-output>
        </test-method> <!-- saveEmployee -->
        <test-method status="PASS" signature="springTestContextAfterTestMethod(java.lang.reflect.Method)[pri:0, instance:com.rip.framework.dao.EmployeeDaoImplTest@29b5cd00]" name="springTestContextAfterTestMethod" is-config="true" duration-ms="2" started-at="2016-09-13T22:17:53Z" finished-at="2016-09-13T22:17:53Z">
          <params>
            <param index="0">
              <value>
                <![CDATA[public void com.rip.framework.dao.EmployeeDaoImplTest.saveEmployee()]]>
              </value>
            </param>
          </params>
          <reporter-output>
          </reporter-output>
        </test-method> <!-- springTestContextAfterTestMethod -->
        <test-method status="PASS" signature="springTestContextAfterTestClass()[pri:0, instance:com.rip.framework.dao.EmployeeDaoImplTest@29b5cd00]" name="springTestContextAfterTestClass" is-config="true" duration-ms="0" started-at="2016-09-13T22:17:53Z" finished-at="2016-09-13T22:17:53Z">
          <reporter-output>
          </reporter-output>
        </test-method> <!-- springTestContextAfterTestClass -->
      </class> <!-- com.rip.framework.dao.EmployeeDaoImplTest -->
      <class name="com.rip.framework.controller.AppControllerTest">
        <test-method status="PASS" signature="setUp()[pri:0, instance:com.rip.framework.controller.AppControllerTest@26a7b76d]" name="setUp" is-config="true" duration-ms="356" started-at="2016-09-13T22:17:49Z" finished-at="2016-09-13T22:17:50Z">
          <reporter-output>
          </reporter-output>
        </test-method> <!-- setUp -->
        <test-method status="PASS" signature="deleteEmployee()[pri:0, instance:com.rip.framework.controller.AppControllerTest@26a7b76d]" name="deleteEmployee" duration-ms="14" started-at="2016-09-13T22:17:50Z" finished-at="2016-09-13T22:17:50Z">
          <reporter-output>
          </reporter-output>
        </test-method> <!-- deleteEmployee -->
        <test-method status="PASS" signature="editEmployee()[pri:0, instance:com.rip.framework.controller.AppControllerTest@26a7b76d]" name="editEmployee" duration-ms="31" started-at="2016-09-13T22:17:50Z" finished-at="2016-09-13T22:17:50Z">
          <reporter-output>
          </reporter-output>
        </test-method> <!-- editEmployee -->
        <test-method status="PASS" signature="listEmployees()[pri:0, instance:com.rip.framework.controller.AppControllerTest@26a7b76d]" name="listEmployees" duration-ms="7" started-at="2016-09-13T22:17:50Z" finished-at="2016-09-13T22:17:50Z">
          <reporter-output>
          </reporter-output>
        </test-method> <!-- listEmployees -->
        <test-method status="PASS" signature="newEmployee()[pri:0, instance:com.rip.framework.controller.AppControllerTest@26a7b76d]" name="newEmployee" duration-ms="1" started-at="2016-09-13T22:17:50Z" finished-at="2016-09-13T22:17:50Z">
          <reporter-output>
          </reporter-output>
        </test-method> <!-- newEmployee -->
        <test-method status="PASS" signature="saveEmployeeWithSuccess()[pri:0, instance:com.rip.framework.controller.AppControllerTest@26a7b76d]" name="saveEmployeeWithSuccess" duration-ms="2" started-at="2016-09-13T22:17:50Z" finished-at="2016-09-13T22:17:50Z">
          <reporter-output>
          </reporter-output>
        </test-method> <!-- saveEmployeeWithSuccess -->
        <test-method status="PASS" signature="saveEmployeeWithValidationError()[pri:0, instance:com.rip.framework.controller.AppControllerTest@26a7b76d]" name="saveEmployeeWithValidationError" duration-ms="1" started-at="2016-09-13T22:17:50Z" finished-at="2016-09-13T22:17:50Z">
          <reporter-output>
          </reporter-output>
        </test-method> <!-- saveEmployeeWithValidationError -->
        <test-method status="PASS" signature="saveEmployeeWithValidationErrorNonUniqueSSN()[pri:0, instance:com.rip.framework.controller.AppControllerTest@26a7b76d]" name="saveEmployeeWithValidationErrorNonUniqueSSN" duration-ms="2" started-at="2016-09-13T22:17:50Z" finished-at="2016-09-13T22:17:50Z">
          <reporter-output>
          </reporter-output>
        </test-method> <!-- saveEmployeeWithValidationErrorNonUniqueSSN -->
        <test-method status="PASS" signature="updateEmployeeWithSuccess()[pri:0, instance:com.rip.framework.controller.AppControllerTest@26a7b76d]" name="updateEmployeeWithSuccess" duration-ms="1" started-at="2016-09-13T22:17:50Z" finished-at="2016-09-13T22:17:50Z">
          <reporter-output>
          </reporter-output>
        </test-method> <!-- updateEmployeeWithSuccess -->
        <test-method status="PASS" signature="updateEmployeeWithValidationError()[pri:0, instance:com.rip.framework.controller.AppControllerTest@26a7b76d]" name="updateEmployeeWithValidationError" duration-ms="1" started-at="2016-09-13T22:17:50Z" finished-at="2016-09-13T22:17:50Z">
          <reporter-output>
          </reporter-output>
        </test-method> <!-- updateEmployeeWithValidationError -->
        <test-method status="PASS" signature="updateEmployeeWithValidationErrorNonUniqueSSN()[pri:0, instance:com.rip.framework.controller.AppControllerTest@26a7b76d]" name="updateEmployeeWithValidationErrorNonUniqueSSN" duration-ms="1" started-at="2016-09-13T22:17:50Z" finished-at="2016-09-13T22:17:50Z">
          <reporter-output>
          </reporter-output>
        </test-method> <!-- updateEmployeeWithValidationErrorNonUniqueSSN -->
      </class> <!-- com.rip.framework.controller.AppControllerTest -->
    </test> <!-- Command line test -->
  </suite> <!-- Command line suite -->
</testng-results>
