<?xml version="1.0" encoding="UTF-8"?>
<!-- Generated by org.testng.reporters.JUnitXMLReporter -->
<testsuite hostname="DESKTOP-21VU7B1" name="Command line test" tests="23" failures="0" timestamp="10 Sep 2016 11:25:12 GMT" time="3.0" errors="0">
  <testcase name="deleteEmployee" time="0.016" classname="com.rip.sql.controller.AppControllerTest"/>
  <testcase name="editEmployee" time="0.031" classname="com.rip.sql.controller.AppControllerTest"/>
  <testcase name="listEmployees" time="0.0" classname="com.rip.sql.controller.AppControllerTest"/>
  <testcase name="newEmployee" time="0.0" classname="com.rip.sql.controller.AppControllerTest"/>
  <testcase name="saveEmployeeWithSuccess" time="0.0" classname="com.rip.sql.controller.AppControllerTest"/>
  <testcase name="saveEmployeeWithValidationError" time="0.0" classname="com.rip.sql.controller.AppControllerTest"/>
  <testcase name="saveEmployeeWithValidationErrorNonUniqueSSN" time="0.0" classname="com.rip.sql.controller.AppControllerTest"/>
  <testcase name="updateEmployeeWithSuccess" time="0.0" classname="com.rip.sql.controller.AppControllerTest"/>
  <testcase name="updateEmployeeWithValidationError" time="0.0" classname="com.rip.sql.controller.AppControllerTest"/>
  <testcase name="updateEmployeeWithValidationErrorNonUniqueSSN" time="0.0" classname="com.rip.sql.controller.AppControllerTest"/>
  <testcase name="deleteEmployeeByInvalidSsn" time="0.078" classname="com.rip.sql.dao.EmployeeDaoImplTest"/>
  <testcase name="deleteEmployeeBySsn" time="0.0" classname="com.rip.sql.dao.EmployeeDaoImplTest"/>
  <testcase name="findAllEmployees" time="0.0" classname="com.rip.sql.dao.EmployeeDaoImplTest"/>
  <testcase name="findById" time="0.016" classname="com.rip.sql.dao.EmployeeDaoImplTest"/>
  <testcase name="findEmployeeBySsn" time="0.015" classname="com.rip.sql.dao.EmployeeDaoImplTest"/>
  <testcase name="saveEmployee" time="0.031" classname="com.rip.sql.dao.EmployeeDaoImplTest"/>
  <testcase name="deleteEmployeeBySsn" time="0.0" classname="com.rip.sql.service.EmployeeServiceImplTest"/>
  <testcase name="findAllEmployees" time="0.0" classname="com.rip.sql.service.EmployeeServiceImplTest"/>
  <testcase name="findById" time="0.0" classname="com.rip.sql.service.EmployeeServiceImplTest"/>
  <testcase name="findEmployeeBySsn" time="0.0" classname="com.rip.sql.service.EmployeeServiceImplTest"/>
  <testcase name="isEmployeeSsnUnique" time="0.0" classname="com.rip.sql.service.EmployeeServiceImplTest"/>
  <testcase name="saveEmployee" time="0.0" classname="com.rip.sql.service.EmployeeServiceImplTest"/>
  <testcase name="updateEmployee" time="0.0" classname="com.rip.sql.service.EmployeeServiceImplTest"/>
</testsuite> <!-- Command line test -->
