<?xml version="1.0" encoding="UTF-8"?>
<!-- Generated by org.testng.reporters.JUnitXMLReporter -->
<testsuite hostname="DESKTOP-21VU7B1" name="Command line test" tests="23" failures="0" timestamp="10 Sep 2016 14:08:52 GMT" time="2.785" errors="0">
  <testcase name="deleteEmployee" time="0.016" classname="com.rip.sql.controller.AppControllerTest"/>
  <testcase name="editEmployee" time="0.036" classname="com.rip.sql.controller.AppControllerTest"/>
  <testcase name="listEmployees" time="0.006" classname="com.rip.sql.controller.AppControllerTest"/>
  <testcase name="newEmployee" time="0.0" classname="com.rip.sql.controller.AppControllerTest"/>
  <testcase name="saveEmployeeWithSuccess" time="0.001" classname="com.rip.sql.controller.AppControllerTest"/>
  <testcase name="saveEmployeeWithValidationError" time="0.001" classname="com.rip.sql.controller.AppControllerTest"/>
  <testcase name="saveEmployeeWithValidationErrorNonUniqueSSN" time="0.001" classname="com.rip.sql.controller.AppControllerTest"/>
  <testcase name="updateEmployeeWithSuccess" time="0.001" classname="com.rip.sql.controller.AppControllerTest"/>
  <testcase name="updateEmployeeWithValidationError" time="0.0" classname="com.rip.sql.controller.AppControllerTest"/>
  <testcase name="updateEmployeeWithValidationErrorNonUniqueSSN" time="0.0" classname="com.rip.sql.controller.AppControllerTest"/>
  <testcase name="deleteEmployeeByInvalidSsn" time="0.086" classname="com.rip.sql.dao.EmployeeDaoImplTest"/>
  <testcase name="deleteEmployeeBySsn" time="0.002" classname="com.rip.sql.dao.EmployeeDaoImplTest"/>
  <testcase name="findAllEmployees" time="0.002" classname="com.rip.sql.dao.EmployeeDaoImplTest"/>
  <testcase name="findById" time="0.012" classname="com.rip.sql.dao.EmployeeDaoImplTest"/>
  <testcase name="findEmployeeBySsn" time="0.012" classname="com.rip.sql.dao.EmployeeDaoImplTest"/>
  <testcase name="saveEmployee" time="0.017" classname="com.rip.sql.dao.EmployeeDaoImplTest"/>
  <testcase name="deleteEmployeeBySsn" time="0.001" classname="com.rip.sql.service.EmployeeServiceImplTest"/>
  <testcase name="findAllEmployees" time="0.001" classname="com.rip.sql.service.EmployeeServiceImplTest"/>
  <testcase name="findById" time="0.0" classname="com.rip.sql.service.EmployeeServiceImplTest"/>
  <testcase name="findEmployeeBySsn" time="0.0" classname="com.rip.sql.service.EmployeeServiceImplTest"/>
  <testcase name="isEmployeeSsnUnique" time="0.0" classname="com.rip.sql.service.EmployeeServiceImplTest"/>
  <testcase name="saveEmployee" time="0.001" classname="com.rip.sql.service.EmployeeServiceImplTest"/>
  <testcase name="updateEmployee" time="0.001" classname="com.rip.sql.service.EmployeeServiceImplTest"/>
</testsuite> <!-- Command line test -->
