<?xml version="1.0" encoding="UTF-8"?>
<!-- Generated by org.testng.reporters.JUnitReportReporter -->
<testsuite hostname="Kasun" name="io.swagger.codegen.java.jaxrs.AllowableValuesTest" tests="5" failures="0" timestamp="30 Sep 2016 13:54:15 GMT" time="0.005" errors="0">
  <testcase name="annotationsTest" time="0.001" classname="io.swagger.codegen.java.jaxrs.AllowableValuesTest"/>
  <testcase name="annotationsTest" time="0.001" classname="io.swagger.codegen.java.jaxrs.AllowableValuesTest"/>
  <testcase name="annotationsTest" time="0.001" classname="io.swagger.codegen.java.jaxrs.AllowableValuesTest"/>
  <testcase name="annotationsTest" time="0.000" classname="io.swagger.codegen.java.jaxrs.AllowableValuesTest"/>
  <testcase name="annotationsTest" time="0.002" classname="io.swagger.codegen.java.jaxrs.AllowableValuesTest"/>
</testsuite> <!-- io.swagger.codegen.java.jaxrs.AllowableValuesTest -->
