<?xml version="1.0" encoding="UTF-8"?>
<!-- Generated by org.testng.reporters.JUnitXMLReporter -->
<testsuite hostname="Kasun" name="Surefire test" tests="543" failures="0" timestamp="20 Sep 2016 05:50:07 GMT" time="9.57" errors="0">
  <testcase name="checkOptionsHelp" time="0.066" classname="io.swagger.codegen.akkascala.AkkaScalaClientOptionsTest"/>
  <testcase name="checkOptionsHelp" time="0.017" classname="io.swagger.codegen.typescript.typescriptangular2.TypeScriptAngular2ClientOptionsTest"/>
  <testcase name="checkOptionsProcessing" time="0.163" classname="io.swagger.codegen.akkascala.AkkaScalaClientOptionsTest"/>
  <testcase name="checkOptionsProcessing" time="0.068" classname="io.swagger.codegen.typescript.typescriptangular2.TypeScriptAngular2ClientOptionsTest"/>
  <testcase name="arrayModelTest" time="0.204" classname="io.swagger.codegen.typescript.typescriptnode.TypeScriptNodeModelTest"/>
  <testcase name="complexListPropertyTest" time="0.013" classname="io.swagger.codegen.typescript.typescriptnode.TypeScriptNodeModelTest"/>
  <testcase name="complexPropertyTest" time="0.002" classname="io.swagger.codegen.typescript.typescriptnode.TypeScriptNodeModelTest"/>
  <testcase name="listPropertyTest" time="0.013" classname="io.swagger.codegen.typescript.typescriptnode.TypeScriptNodeModelTest"/>
  <testcase name="mapModelTest" time="0.015" classname="io.swagger.codegen.typescript.typescriptnode.TypeScriptNodeModelTest"/>
  <testcase name="simpleModelTest" time="0.003" classname="io.swagger.codegen.typescript.typescriptnode.TypeScriptNodeModelTest"/>
  <testcase name="checkOptionsHelp" time="0.009" classname="io.swagger.codegen.android.AndroidClientOptionsTest"/>
  <testcase name="checkOptionsProcessing" time="0.058" classname="io.swagger.codegen.android.AndroidClientOptionsTest"/>
  <testcase name="arrayModelTest" time="0.005" classname="io.swagger.codegen.typescript.typescriptangular2.TypeScriptAngular2ModelTest"/>
  <testcase name="complexListPropertyTest" time="0.001" classname="io.swagger.codegen.typescript.typescriptangular2.TypeScriptAngular2ModelTest"/>
  <testcase name="complexPropertyTest" time="0.001" classname="io.swagger.codegen.typescript.typescriptangular2.TypeScriptAngular2ModelTest"/>
  <testcase name="listPropertyTest" time="0.002" classname="io.swagger.codegen.typescript.typescriptangular2.TypeScriptAngular2ModelTest"/>
  <testcase name="mapModelTest" time="0.001" classname="io.swagger.codegen.typescript.typescriptangular2.TypeScriptAngular2ModelTest"/>
  <testcase name="simpleModelTest" time="0.001" classname="io.swagger.codegen.typescript.typescriptangular2.TypeScriptAngular2ModelTest"/>
  <testcase name="checkOptionsHelp" time="0.004" classname="io.swagger.codegen.aspnet5.AspNet5ServerOptionsTest"/>
  <testcase name="checkOptionsHelp" time="0.002" classname="io.swagger.codegen.typescript.typescriptnode.TypeScriptNodeClientOptionsTest"/>
  <testcase name="checkOptionsProcessing" time="0.069" classname="io.swagger.codegen.aspnet5.AspNet5ServerOptionsTest"/>
  <testcase name="checkOptionsProcessing" time="0.062" classname="io.swagger.codegen.typescript.typescriptnode.TypeScriptNodeClientOptionsTest"/>
  <testcase name="checkOptionsHelp" time="0.003" classname="io.swagger.codegen.asyncscala.AsyncScalaClientOptionsTest"/>
  <testcase name="checkOptionsProcessing" time="0.057" classname="io.swagger.codegen.asyncscala.AsyncScalaClientOptionsTest"/>
  <testcase name="clientAuthInputTest" time="0.003" classname="io.swagger.codegen.ClientAuthInputTest"/>
  <testcase name="testLoadByFullQualifiedName" time="0.006" classname="io.swagger.codegen.CodegenConfigLoaderTest"/>
  <testcase name="testLoadByFullQualifiedName" time="0.004" classname="io.swagger.codegen.CodegenConfigLoaderTest"/>
  <testcase name="testLoadByFullQualifiedName" time="0.004" classname="io.swagger.codegen.CodegenConfigLoaderTest"/>
  <testcase name="testLoadByFullQualifiedName" time="0.003" classname="io.swagger.codegen.CodegenConfigLoaderTest"/>
  <testcase name="testLoadByFullQualifiedName" time="0.003" classname="io.swagger.codegen.CodegenConfigLoaderTest"/>
  <testcase name="testLoadByFullQualifiedName" time="0.003" classname="io.swagger.codegen.CodegenConfigLoaderTest"/>
  <testcase name="testLoadByFullQualifiedName" time="0.003" classname="io.swagger.codegen.CodegenConfigLoaderTest"/>
  <testcase name="testLoadByFullQualifiedName" time="0.003" classname="io.swagger.codegen.CodegenConfigLoaderTest"/>
  <testcase name="testLoadByFullQualifiedName" time="0.003" classname="io.swagger.codegen.CodegenConfigLoaderTest"/>
  <testcase name="testLoadByFullQualifiedName" time="0.003" classname="io.swagger.codegen.CodegenConfigLoaderTest"/>
  <testcase name="testLoadByFullQualifiedName" time="0.003" classname="io.swagger.codegen.CodegenConfigLoaderTest"/>
  <testcase name="testLoadByFullQualifiedName" time="0.004" classname="io.swagger.codegen.CodegenConfigLoaderTest"/>
  <testcase name="testLoadByFullQualifiedName" time="0.002" classname="io.swagger.codegen.CodegenConfigLoaderTest"/>
  <testcase name="testLoadByFullQualifiedName" time="0.008" classname="io.swagger.codegen.CodegenConfigLoaderTest"/>
  <testcase name="testLoadByFullQualifiedName" time="0.01" classname="io.swagger.codegen.CodegenConfigLoaderTest"/>
  <testcase name="testLoadByFullQualifiedName" time="0.004" classname="io.swagger.codegen.CodegenConfigLoaderTest"/>
  <testcase name="testLoadByFullQualifiedName" time="0.003" classname="io.swagger.codegen.CodegenConfigLoaderTest"/>
  <testcase name="testLoadByFullQualifiedName" time="0.003" classname="io.swagger.codegen.CodegenConfigLoaderTest"/>
  <testcase name="testLoadByFullQualifiedName" time="0.003" classname="io.swagger.codegen.CodegenConfigLoaderTest"/>
  <testcase name="testLoadByFullQualifiedName" time="0.003" classname="io.swagger.codegen.CodegenConfigLoaderTest"/>
  <testcase name="testLoadByFullQualifiedName" time="0.003" classname="io.swagger.codegen.CodegenConfigLoaderTest"/>
  <testcase name="testLoadByFullQualifiedName" time="0.003" classname="io.swagger.codegen.CodegenConfigLoaderTest"/>
  <testcase name="testLoadByFullQualifiedName" time="0.003" classname="io.swagger.codegen.CodegenConfigLoaderTest"/>
  <testcase name="testLoadByFullQualifiedName" time="0.004" classname="io.swagger.codegen.CodegenConfigLoaderTest"/>
  <testcase name="testLoadByFullQualifiedName" time="0.002" classname="io.swagger.codegen.CodegenConfigLoaderTest"/>
  <testcase name="testLoadByFullQualifiedName" time="0.002" classname="io.swagger.codegen.CodegenConfigLoaderTest"/>
  <testcase name="testLoadByFullQualifiedName" time="0.003" classname="io.swagger.codegen.CodegenConfigLoaderTest"/>
  <testcase name="testLoadByFullQualifiedName" time="0.003" classname="io.swagger.codegen.CodegenConfigLoaderTest"/>
  <testcase name="testLoadByFullQualifiedName" time="0.003" classname="io.swagger.codegen.CodegenConfigLoaderTest"/>
  <testcase name="testLoadByFullQualifiedName" time="0.003" classname="io.swagger.codegen.CodegenConfigLoaderTest"/>
  <testcase name="testLoadByFullQualifiedName" time="0.003" classname="io.swagger.codegen.CodegenConfigLoaderTest"/>
  <testcase name="testLoadByFullQualifiedName" time="0.003" classname="io.swagger.codegen.CodegenConfigLoaderTest"/>
  <testcase name="testLoadByFullQualifiedName" time="0.003" classname="io.swagger.codegen.CodegenConfigLoaderTest"/>
  <testcase name="testLoadByFullQualifiedName" time="0.002" classname="io.swagger.codegen.CodegenConfigLoaderTest"/>
  <testcase name="testLoadByFullQualifiedName" time="0.002" classname="io.swagger.codegen.CodegenConfigLoaderTest"/>
  <testcase name="testLoadByFullQualifiedName" time="0.003" classname="io.swagger.codegen.CodegenConfigLoaderTest"/>
  <testcase name="testLoadByFullQualifiedName" time="0.003" classname="io.swagger.codegen.CodegenConfigLoaderTest"/>
  <testcase name="testLoadByFullQualifiedName" time="0.008" classname="io.swagger.codegen.CodegenConfigLoaderTest"/>
  <testcase name="testLoadByFullQualifiedName" time="0.003" classname="io.swagger.codegen.CodegenConfigLoaderTest"/>
  <testcase name="testLoadByFullQualifiedName" time="0.003" classname="io.swagger.codegen.CodegenConfigLoaderTest"/>
  <testcase name="testLoadByFullQualifiedName" time="0.004" classname="io.swagger.codegen.CodegenConfigLoaderTest"/>
  <testcase name="testLoadByFullQualifiedName" time="0.004" classname="io.swagger.codegen.CodegenConfigLoaderTest"/>
  <testcase name="testLoadByFullQualifiedName" time="0.003" classname="io.swagger.codegen.CodegenConfigLoaderTest"/>
  <testcase name="testLoadByFullQualifiedName" time="0.004" classname="io.swagger.codegen.CodegenConfigLoaderTest"/>
  <testcase name="testLoadByFullQualifiedName" time="0.003" classname="io.swagger.codegen.CodegenConfigLoaderTest"/>
  <testcase name="testLoadByFullQualifiedName" time="0.003" classname="io.swagger.codegen.CodegenConfigLoaderTest"/>
  <testcase name="testLoadByFullQualifiedName" time="0.003" classname="io.swagger.codegen.CodegenConfigLoaderTest"/>
  <testcase name="testLoadByFullQualifiedName" time="0.002" classname="io.swagger.codegen.CodegenConfigLoaderTest"/>
  <testcase name="testLoadByFullQualifiedName" time="0.002" classname="io.swagger.codegen.CodegenConfigLoaderTest"/>
  <testcase name="testLoadByFullQualifiedName" time="0.003" classname="io.swagger.codegen.CodegenConfigLoaderTest"/>
  <testcase name="testLoadByFullQualifiedName" time="0.003" classname="io.swagger.codegen.CodegenConfigLoaderTest"/>
  <testcase name="testLoadByFullQualifiedName" time="0.002" classname="io.swagger.codegen.CodegenConfigLoaderTest"/>
  <testcase name="testLoadByFullQualifiedName" time="0.003" classname="io.swagger.codegen.CodegenConfigLoaderTest"/>
  <testcase name="testLoadByFullQualifiedName" time="0.002" classname="io.swagger.codegen.CodegenConfigLoaderTest"/>
  <testcase name="testLoadByName" time="0.001" classname="io.swagger.codegen.CodegenConfigLoaderTest"/>
  <testcase name="testLoadByName" time="0.001" classname="io.swagger.codegen.CodegenConfigLoaderTest"/>
  <testcase name="testLoadByName" time="0.002" classname="io.swagger.codegen.CodegenConfigLoaderTest"/>
  <testcase name="testLoadByName" time="0.002" classname="io.swagger.codegen.CodegenConfigLoaderTest"/>
  <testcase name="testLoadByName" time="0.002" classname="io.swagger.codegen.CodegenConfigLoaderTest"/>
  <testcase name="testLoadByName" time="0.002" classname="io.swagger.codegen.CodegenConfigLoaderTest"/>
  <testcase name="testLoadByName" time="0.002" classname="io.swagger.codegen.CodegenConfigLoaderTest"/>
  <testcase name="testLoadByName" time="0.001" classname="io.swagger.codegen.CodegenConfigLoaderTest"/>
  <testcase name="testLoadByName" time="0.001" classname="io.swagger.codegen.CodegenConfigLoaderTest"/>
  <testcase name="testLoadByName" time="0.0" classname="io.swagger.codegen.CodegenConfigLoaderTest"/>
  <testcase name="testLoadByName" time="0.001" classname="io.swagger.codegen.CodegenConfigLoaderTest"/>
  <testcase name="testLoadByName" time="0.002" classname="io.swagger.codegen.CodegenConfigLoaderTest"/>
  <testcase name="testLoadByName" time="0.002" classname="io.swagger.codegen.CodegenConfigLoaderTest"/>
  <testcase name="testLoadByName" time="0.001" classname="io.swagger.codegen.CodegenConfigLoaderTest"/>
  <testcase name="testLoadByName" time="0.001" classname="io.swagger.codegen.CodegenConfigLoaderTest"/>
  <testcase name="testLoadByName" time="0.002" classname="io.swagger.codegen.CodegenConfigLoaderTest"/>
  <testcase name="testLoadByName" time="0.001" classname="io.swagger.codegen.CodegenConfigLoaderTest"/>
  <testcase name="testLoadByName" time="0.003" classname="io.swagger.codegen.CodegenConfigLoaderTest"/>
  <testcase name="testLoadByName" time="0.008" classname="io.swagger.codegen.CodegenConfigLoaderTest"/>
  <testcase name="testLoadByName" time="0.002" classname="io.swagger.codegen.CodegenConfigLoaderTest"/>
  <testcase name="testLoadByName" time="0.001" classname="io.swagger.codegen.CodegenConfigLoaderTest"/>
  <testcase name="testLoadByName" time="0.003" classname="io.swagger.codegen.CodegenConfigLoaderTest"/>
  <testcase name="testLoadByName" time="0.002" classname="io.swagger.codegen.CodegenConfigLoaderTest"/>
  <testcase name="testLoadByName" time="0.001" classname="io.swagger.codegen.CodegenConfigLoaderTest"/>
  <testcase name="testLoadByName" time="0.001" classname="io.swagger.codegen.CodegenConfigLoaderTest"/>
  <testcase name="testLoadByName" time="0.001" classname="io.swagger.codegen.CodegenConfigLoaderTest"/>
  <testcase name="testLoadByName" time="0.001" classname="io.swagger.codegen.CodegenConfigLoaderTest"/>
  <testcase name="testLoadByName" time="0.002" classname="io.swagger.codegen.CodegenConfigLoaderTest"/>
  <testcase name="testLoadByName" time="0.001" classname="io.swagger.codegen.CodegenConfigLoaderTest"/>
  <testcase name="testLoadByName" time="0.002" classname="io.swagger.codegen.CodegenConfigLoaderTest"/>
  <testcase name="testLoadByName" time="0.001" classname="io.swagger.codegen.CodegenConfigLoaderTest"/>
  <testcase name="testLoadByName" time="0.0" classname="io.swagger.codegen.CodegenConfigLoaderTest"/>
  <testcase name="testLoadByName" time="0.0" classname="io.swagger.codegen.CodegenConfigLoaderTest"/>
  <testcase name="testLoadByName" time="0.001" classname="io.swagger.codegen.CodegenConfigLoaderTest"/>
  <testcase name="testLoadByName" time="0.0" classname="io.swagger.codegen.CodegenConfigLoaderTest"/>
  <testcase name="testLoadByName" time="0.002" classname="io.swagger.codegen.CodegenConfigLoaderTest"/>
  <testcase name="testLoadByName" time="0.003" classname="io.swagger.codegen.CodegenConfigLoaderTest"/>
  <testcase name="testLoadByName" time="0.002" classname="io.swagger.codegen.CodegenConfigLoaderTest"/>
  <testcase name="testLoadByName" time="0.003" classname="io.swagger.codegen.CodegenConfigLoaderTest"/>
  <testcase name="testLoadByName" time="0.003" classname="io.swagger.codegen.CodegenConfigLoaderTest"/>
  <testcase name="testLoadByName" time="0.002" classname="io.swagger.codegen.CodegenConfigLoaderTest"/>
  <testcase name="testLoadByName" time="0.003" classname="io.swagger.codegen.CodegenConfigLoaderTest"/>
  <testcase name="testLoadByName" time="0.001" classname="io.swagger.codegen.CodegenConfigLoaderTest"/>
  <testcase name="testLoadByName" time="0.003" classname="io.swagger.codegen.CodegenConfigLoaderTest"/>
  <testcase name="testLoadByName" time="0.001" classname="io.swagger.codegen.CodegenConfigLoaderTest"/>
  <testcase name="testLoadByName" time="0.001" classname="io.swagger.codegen.CodegenConfigLoaderTest"/>
  <testcase name="testLoadByName" time="0.002" classname="io.swagger.codegen.CodegenConfigLoaderTest"/>
  <testcase name="testLoadByName" time="0.003" classname="io.swagger.codegen.CodegenConfigLoaderTest"/>
  <testcase name="testLoadByName" time="0.003" classname="io.swagger.codegen.CodegenConfigLoaderTest"/>
  <testcase name="testLoadByName" time="0.002" classname="io.swagger.codegen.CodegenConfigLoaderTest"/>
  <testcase name="testLoadByName" time="0.002" classname="io.swagger.codegen.CodegenConfigLoaderTest"/>
  <testcase name="testLoadByName" time="0.001" classname="io.swagger.codegen.CodegenConfigLoaderTest"/>
  <testcase name="testLoadByName" time="0.003" classname="io.swagger.codegen.CodegenConfigLoaderTest"/>
  <testcase name="testLoadByName" time="0.002" classname="io.swagger.codegen.CodegenConfigLoaderTest"/>
  <testcase name="binaryDataTest" time="0.185" classname="io.swagger.codegen.CodegenTest"/>
  <testcase name="discriminatorTest" time="0.015" classname="io.swagger.codegen.CodegenTest"/>
  <testcase name="enumArrayQueryParameterTest" time="0.038" classname="io.swagger.codegen.CodegenTest"/>
  <testcase name="enumQueryParameterTest" time="0.013" classname="io.swagger.codegen.CodegenTest"/>
  <testcase name="fileUploadParamTest" time="0.021" classname="io.swagger.codegen.CodegenTest"/>
  <testcase name="formParamTest" time="0.011" classname="io.swagger.codegen.CodegenTest"/>
  <testcase name="globalConsumesAndProducesTest" time="0.015" classname="io.swagger.codegen.CodegenTest"/>
  <testcase name="localConsumesAndProducesTest" time="0.004" classname="io.swagger.codegen.CodegenTest"/>
  <testcase name="localResetConsumesAndProducesTest" time="0.003" classname="io.swagger.codegen.CodegenTest"/>
  <testcase name="requiredParametersTest" time="0.004" classname="io.swagger.codegen.CodegenTest"/>
  <testcase name="responseSelectionTest1" time="0.007" classname="io.swagger.codegen.CodegenTest"/>
  <testcase name="responseSelectionTest2" time="0.004" classname="io.swagger.codegen.CodegenTest"/>
  <testcase name="testAdditionalProperties" time="0.252" classname="io.swagger.codegen.config.CodegenConfiguratorTest"/>
  <testcase name="testApiPackage" time="0.001" classname="io.swagger.codegen.config.CodegenConfiguratorTest"/>
  <testcase name="testArtifactId" time="0.001" classname="io.swagger.codegen.config.CodegenConfiguratorTest"/>
  <testcase name="testArtifactVersion" time="0.001" classname="io.swagger.codegen.config.CodegenConfiguratorTest"/>
  <testcase name="testDynamicProperties" time="0.001" classname="io.swagger.codegen.config.CodegenConfiguratorTest"/>
  <testcase name="testFromFile" time="0.011" classname="io.swagger.codegen.config.CodegenConfiguratorTest"/>
  <testcase name="testGroupId" time="0.002" classname="io.swagger.codegen.config.CodegenConfiguratorTest"/>
  <testcase name="testImportMappings" time="0.001" classname="io.swagger.codegen.config.CodegenConfiguratorTest"/>
  <testcase name="testInstantiationTypes" time="0.002" classname="io.swagger.codegen.config.CodegenConfiguratorTest"/>
  <testcase name="testInvokerPackage" time="0.001" classname="io.swagger.codegen.config.CodegenConfiguratorTest"/>
  <testcase name="testLanguageSpecificPrimitives" time="0.001" classname="io.swagger.codegen.config.CodegenConfiguratorTest"/>
  <testcase name="testLibrary" time="0.001" classname="io.swagger.codegen.config.CodegenConfiguratorTest"/>
  <testcase name="testModelPackage" time="0.002" classname="io.swagger.codegen.config.CodegenConfiguratorTest"/>
  <testcase name="testSkipOverwrite" time="0.002" classname="io.swagger.codegen.config.CodegenConfiguratorTest"/>
  <testcase name="testSystemProperties" time="0.035" classname="io.swagger.codegen.config.CodegenConfiguratorTest"/>
  <testcase name="testTemplateDir" time="0.004" classname="io.swagger.codegen.config.CodegenConfiguratorTest"/>
  <testcase name="testTypeMappings" time="0.003" classname="io.swagger.codegen.config.CodegenConfiguratorTest"/>
  <testcase name="testVerbose" time="0.023" classname="io.swagger.codegen.config.CodegenConfiguratorTest"/>
  <testcase name="checkOptionsHelp" time="0.105" classname="io.swagger.codegen.csharp.CSharpClientOptionsTest"/>
  <testcase name="checkOptionsProcessing" time="0.083" classname="io.swagger.codegen.csharp.CSharpClientOptionsTest"/>
  <testcase name="arrayModelTest" time="0.003" classname="io.swagger.codegen.csharp.CSharpModelTest"/>
  <testcase name="arrayPropertyCollectionOptionTest" time="0.002" classname="io.swagger.codegen.csharp.CSharpModelTest"/>
  <testcase name="arrayPropertyICollectionOptionTest" time="0.002" classname="io.swagger.codegen.csharp.CSharpModelTest"/>
  <testcase name="arrayPropertyTest" time="0.001" classname="io.swagger.codegen.csharp.CSharpModelTest"/>
  <testcase name="complexListPropertyTest" time="0.001" classname="io.swagger.codegen.csharp.CSharpModelTest"/>
  <testcase name="complexMapPropertyTest" time="0.002" classname="io.swagger.codegen.csharp.CSharpModelTest"/>
  <testcase name="complexPropertyTest" time="0.001" classname="io.swagger.codegen.csharp.CSharpModelTest"/>
  <testcase name="listPropertyTest" time="0.001" classname="io.swagger.codegen.csharp.CSharpModelTest"/>
  <testcase name="mapModelTest" time="0.001" classname="io.swagger.codegen.csharp.CSharpModelTest"/>
  <testcase name="mapPropertyTest" time="0.001" classname="io.swagger.codegen.csharp.CSharpModelTest"/>
  <testcase name="simpleModelTest" time="0.001" classname="io.swagger.codegen.csharp.CSharpModelTest"/>
  <testcase name="checkOptionsHelp" time="0.004" classname="io.swagger.codegen.csharpdotnettwo.CsharpDotNet2ClientOptionsTest"/>
  <testcase name="checkOptionsProcessing" time="0.061" classname="io.swagger.codegen.csharpdotnettwo.CsharpDotNet2ClientOptionsTest"/>
  <testcase name="checkOptionsHelp" time="0.004" classname="io.swagger.codegen.dart.DartClientOptionsTest"/>
  <testcase name="checkOptionsProcessing" time="0.065" classname="io.swagger.codegen.dart.DartClientOptionsTest"/>
  <testcase name="testGenerateUniqueOperationIds" time="0.077" classname="io.swagger.codegen.DefaultGeneratorTest"/>
  <testcase name="testSecurityWithGlobal" time="0.077" classname="io.swagger.codegen.DefaultGeneratorTest"/>
  <testcase name="testSecurityWithoutGlobal" time="0.034" classname="io.swagger.codegen.DefaultGeneratorTest"/>
  <testcase name="testSkipOverwrite" time="0.632" classname="io.swagger.codegen.DefaultGeneratorTest"/>
  <testcase name="recursiveModelsTest" time="0.0" classname="io.swagger.codegen.ExampleGeneratorTest"/>
  <testcase name="checkOptionsHelp" time="0.004" classname="io.swagger.codegen.flash.FlashClienOptionsTest"/>
  <testcase name="checkOptionsProcessing" time="0.07" classname="io.swagger.codegen.flash.FlashClienOptionsTest"/>
  <testcase name="checkOptionsHelp" time="0.005" classname="io.swagger.codegen.go.GoClientOptionsTest"/>
  <testcase name="checkOptionsProcessing" time="0.081" classname="io.swagger.codegen.go.GoClientOptionsTest"/>
  <testcase name="arrayModelTest" time="0.002" classname="io.swagger.codegen.go.GoModelTest"/>
  <testcase name="complexListProperty" time="0.001" classname="io.swagger.codegen.go.GoModelTest"/>
  <testcase name="complexMapProperty" time="0.001" classname="io.swagger.codegen.go.GoModelTest"/>
  <testcase name="complexPropertyTest" time="0.001" classname="io.swagger.codegen.go.GoModelTest"/>
  <testcase name="listPropertyTest" time="0.001" classname="io.swagger.codegen.go.GoModelTest"/>
  <testcase name="mapModelTest" time="0.001" classname="io.swagger.codegen.go.GoModelTest"/>
  <testcase name="mapPropertyTest" time="0.0" classname="io.swagger.codegen.go.GoModelTest"/>
  <testcase name="modelNameTest" time="0.0" classname="io.swagger.codegen.go.GoModelTest"/>
  <testcase name="modelNameTest" time="0.0" classname="io.swagger.codegen.go.GoModelTest"/>
  <testcase name="modelNameTest" time="0.001" classname="io.swagger.codegen.go.GoModelTest"/>
  <testcase name="modelNameTest" time="0.001" classname="io.swagger.codegen.go.GoModelTest"/>
  <testcase name="modelNameTest" time="0.0" classname="io.swagger.codegen.go.GoModelTest"/>
  <testcase name="modelNameTest" time="0.001" classname="io.swagger.codegen.go.GoModelTest"/>
  <testcase name="modelNameTest" time="0.0" classname="io.swagger.codegen.go.GoModelTest"/>
  <testcase name="simpleModelTest" time="0.001" classname="io.swagger.codegen.go.GoModelTest"/>
  <testcase name="checkOptionsHelp" time="0.003" classname="io.swagger.codegen.haskellservant.HaskellServantOptionsTest"/>
  <testcase name="checkOptionsProcessing" time="0.083" classname="io.swagger.codegen.haskellservant.HaskellServantOptionsTest"/>
  <testcase name="modelTest" time="0.001" classname="io.swagger.codegen.haskellservant.HaskellTest"/>
  <testcase name="evaluate" time="0.008" classname="io.swagger.codegen.ignore.CodegenIgnoreProcessorTest"/>
  <testcase name="evaluate" time="0.002" classname="io.swagger.codegen.ignore.CodegenIgnoreProcessorTest"/>
  <testcase name="evaluate" time="0.004" classname="io.swagger.codegen.ignore.CodegenIgnoreProcessorTest"/>
  <testcase name="evaluate" time="0.004" classname="io.swagger.codegen.ignore.CodegenIgnoreProcessorTest"/>
  <testcase name="evaluate" time="0.004" classname="io.swagger.codegen.ignore.CodegenIgnoreProcessorTest"/>
  <testcase name="evaluate" time="0.004" classname="io.swagger.codegen.ignore.CodegenIgnoreProcessorTest"/>
  <testcase name="evaluate" time="0.002" classname="io.swagger.codegen.ignore.CodegenIgnoreProcessorTest"/>
  <testcase name="evaluate" time="0.003" classname="io.swagger.codegen.ignore.CodegenIgnoreProcessorTest"/>
  <testcase name="evaluate" time="0.002" classname="io.swagger.codegen.ignore.CodegenIgnoreProcessorTest"/>
  <testcase name="evaluate" time="0.007" classname="io.swagger.codegen.ignore.CodegenIgnoreProcessorTest"/>
  <testcase name="evaluate" time="0.176" classname="io.swagger.codegen.ignore.CodegenIgnoreProcessorTest"/>
  <testcase name="evaluate" time="0.004" classname="io.swagger.codegen.ignore.CodegenIgnoreProcessorTest"/>
  <testcase name="evaluate" time="0.004" classname="io.swagger.codegen.ignore.CodegenIgnoreProcessorTest"/>
  <testcase name="evaluate" time="0.003" classname="io.swagger.codegen.ignore.CodegenIgnoreProcessorTest"/>
  <testcase name="evaluate" time="0.004" classname="io.swagger.codegen.ignore.CodegenIgnoreProcessorTest"/>
  <testcase name="evaluate" time="0.003" classname="io.swagger.codegen.ignore.CodegenIgnoreProcessorTest"/>
  <testcase name="evaluate" time="0.005" classname="io.swagger.codegen.ignore.CodegenIgnoreProcessorTest"/>
  <testcase name="evaluate" time="0.005" classname="io.swagger.codegen.ignore.CodegenIgnoreProcessorTest"/>
  <testcase name="evaluate" time="0.002" classname="io.swagger.codegen.ignore.CodegenIgnoreProcessorTest"/>
  <testcase name="evaluate" time="0.011" classname="io.swagger.codegen.ignore.CodegenIgnoreProcessorTest"/>
  <testcase name="evaluate" time="0.001" classname="io.swagger.codegen.ignore.CodegenIgnoreProcessorTest"/>
  <testcase name="evaluate" time="0.002" classname="io.swagger.codegen.ignore.CodegenIgnoreProcessorTest"/>
  <testcase name="evaluate" time="0.004" classname="io.swagger.codegen.ignore.CodegenIgnoreProcessorTest"/>
  <testcase name="evaluate" time="0.003" classname="io.swagger.codegen.ignore.CodegenIgnoreProcessorTest"/>
  <testcase name="evaluate" time="0.004" classname="io.swagger.codegen.ignore.CodegenIgnoreProcessorTest"/>
  <testcase name="testMatchComplex" time="0.001" classname="io.swagger.codegen.ignore.rules.FileRuleTest"/>
  <testcase name="testNonMatchComplex" time="0.0" classname="io.swagger.codegen.ignore.rules.FileRuleTest"/>
  <testcase name="parseComment" time="0.0" classname="io.swagger.codegen.ignore.rules.IgnoreLineParserTest"/>
  <testcase name="parseComplex" time="0.0" classname="io.swagger.codegen.ignore.rules.IgnoreLineParserTest"/>
  <testcase name="parseDirectoryMarker" time="0.0" classname="io.swagger.codegen.ignore.rules.IgnoreLineParserTest"/>
  <testcase name="parseEscapedExclamation" time="0.001" classname="io.swagger.codegen.ignore.rules.IgnoreLineParserTest"/>
  <testcase name="parseEscapedSpace" time="0.0" classname="io.swagger.codegen.ignore.rules.IgnoreLineParserTest"/>
  <testcase name="parseMatchAll" time="0.0" classname="io.swagger.codegen.ignore.rules.IgnoreLineParserTest"/>
  <testcase name="parseMatchAny" time="0.0" classname="io.swagger.codegen.ignore.rules.IgnoreLineParserTest"/>
  <testcase name="parseNegate" time="0.001" classname="io.swagger.codegen.ignore.rules.IgnoreLineParserTest"/>
  <testcase name="parseRooted" time="0.0" classname="io.swagger.codegen.ignore.rules.IgnoreLineParserTest"/>
  <testcase name="parseTripleStarPattern" time="0.0" classname="io.swagger.codegen.ignore.rules.IgnoreLineParserTest"/>
  <testcase name="testMatchFilenameAndExtension" time="0.001" classname="io.swagger.codegen.ignore.rules.RootedFileRuleTest"/>
  <testcase name="testMatchFilenameAndExtensionWithExtensionGlob" time="0.0" classname="io.swagger.codegen.ignore.rules.RootedFileRuleTest"/>
  <testcase name="testMatchFilenameAndExtensionWithFilenameGlob" time="0.0" classname="io.swagger.codegen.ignore.rules.RootedFileRuleTest"/>
  <testcase name="testMatchFilenameAndExtensionWithMultiplePeriods" time="0.0" classname="io.swagger.codegen.ignore.rules.RootedFileRuleTest"/>
  <testcase name="testMatchFilenameOnly" time="0.0" classname="io.swagger.codegen.ignore.rules.RootedFileRuleTest"/>
  <testcase name="testMatchFilenameWithGlob" time="0.0" classname="io.swagger.codegen.ignore.rules.RootedFileRuleTest"/>
  <testcase name="testMatchWithoutLeadingForwardSlash" time="0.001" classname="io.swagger.codegen.ignore.rules.RootedFileRuleTest"/>
  <testcase name="testMatchesOnlyRooted" time="0.0" classname="io.swagger.codegen.ignore.rules.RootedFileRuleTest"/>
  <testcase name="testNonMatchFilenameAndExtension" time="0.0" classname="io.swagger.codegen.ignore.rules.RootedFileRuleTest"/>
  <testcase name="testNonMatchFilenameAndExtensionWithFilenameGlob" time="0.0" classname="io.swagger.codegen.ignore.rules.RootedFileRuleTest"/>
  <testcase name="testNonMatchFilenameAndExtensionWithMultiplePeriods" time="0.0" classname="io.swagger.codegen.ignore.rules.RootedFileRuleTest"/>
  <testcase name="testNonMatchFilenameOnly" time="0.0" classname="io.swagger.codegen.ignore.rules.RootedFileRuleTest"/>
  <testcase name="testNonMatchFilenameWithGlob" time="0.0" classname="io.swagger.codegen.ignore.rules.RootedFileRuleTest"/>
  <testcase name="checkOptionsHelp" time="0.003" classname="io.swagger.codegen.inflector.JavaInflectorServerOptionsTest"/>
  <testcase name="checkOptionsProcessing" time="0.115" classname="io.swagger.codegen.inflector.JavaInflectorServerOptionsTest"/>
  <testcase name="notResolveNonModelBodyParameter" time="0.003" classname="io.swagger.codegen.InlineModelResolverTest"/>
  <testcase name="resolveInlineArrayBodyParameter" time="0.001" classname="io.swagger.codegen.InlineModelResolverTest"/>
  <testcase name="resolveInlineArrayModelWithTitle" time="0.0" classname="io.swagger.codegen.InlineModelResolverTest"/>
  <testcase name="resolveInlineArrayModelWithoutTitle" time="0.001" classname="io.swagger.codegen.InlineModelResolverTest"/>
  <testcase name="resolveInlineArrayResponse" time="0.0" classname="io.swagger.codegen.InlineModelResolverTest"/>
  <testcase name="resolveInlineArrayResponseWithTitle" time="0.0" classname="io.swagger.codegen.InlineModelResolverTest"/>
  <testcase name="resolveInlineBodyParameter" time="0.001" classname="io.swagger.codegen.InlineModelResolverTest"/>
  <testcase name="resolveInlineBodyParameterWithTitle" time="0.0" classname="io.swagger.codegen.InlineModelResolverTest"/>
  <testcase name="resolveInlineModel2DifferentInnerModelsWIthSameTitle" time="0.0" classname="io.swagger.codegen.InlineModelResolverTest"/>
  <testcase name="resolveInlineModel2EqualInnerModels" time="0.001" classname="io.swagger.codegen.InlineModelResolverTest"/>
  <testcase name="resolveInlineModelTestWithTitle" time="0.0" classname="io.swagger.codegen.InlineModelResolverTest"/>
  <testcase name="resolveInlineModelTestWithoutTitle" time="0.0" classname="io.swagger.codegen.InlineModelResolverTest"/>
  <testcase name="testArbitraryObjectBodyParam" time="0.0" classname="io.swagger.codegen.InlineModelResolverTest"/>
  <testcase name="testArbitraryObjectBodyParamArrayInline" time="0.004" classname="io.swagger.codegen.InlineModelResolverTest"/>
  <testcase name="testArbitraryObjectBodyParamInline" time="0.0" classname="io.swagger.codegen.InlineModelResolverTest"/>
  <testcase name="testArbitraryObjectBodyParamWithArray" time="0.0" classname="io.swagger.codegen.InlineModelResolverTest"/>
  <testcase name="testArbitraryObjectModelInline" time="0.0" classname="io.swagger.codegen.InlineModelResolverTest"/>
  <testcase name="testArbitraryObjectModelWithArrayInlineWithTitle" time="0.001" classname="io.swagger.codegen.InlineModelResolverTest"/>
  <testcase name="testArbitraryObjectModelWithArrayInlineWithoutTitle" time="0.0" classname="io.swagger.codegen.InlineModelResolverTest"/>
  <testcase name="testArbitraryObjectResponse" time="0.0" classname="io.swagger.codegen.InlineModelResolverTest"/>
  <testcase name="testArbitraryObjectResponseArray" time="0.0" classname="io.swagger.codegen.InlineModelResolverTest"/>
  <testcase name="testArbitraryObjectResponseArrayInline" time="0.0" classname="io.swagger.codegen.InlineModelResolverTest"/>
  <testcase name="testArbitraryObjectResponseMapInline" time="0.001" classname="io.swagger.codegen.InlineModelResolverTest"/>
  <testcase name="testArrayResponse" time="0.0" classname="io.swagger.codegen.InlineModelResolverTest"/>
  <testcase name="testBasicInput" time="0.005" classname="io.swagger.codegen.InlineModelResolverTest"/>
  <testcase name="testInlineMapResponse" time="0.0" classname="io.swagger.codegen.InlineModelResolverTest"/>
  <testcase name="testInlineMapResponseWithObjectProperty" time="0.0" classname="io.swagger.codegen.InlineModelResolverTest"/>
  <testcase name="testInlineResponseModel" time="0.0" classname="io.swagger.codegen.InlineModelResolverTest"/>
  <testcase name="testInlineResponseModelWithTitle" time="0.0" classname="io.swagger.codegen.InlineModelResolverTest"/>
  <testcase name="toEnumVarNameShouldNotShortenUnderScore" time="0.0" classname="io.swagger.codegen.java.AbstractJavaCodegenTest"/>
  <testcase name="checkOptionsHelp" time="0.003" classname="io.swagger.codegen.java.JavaClientOptionsTest"/>
  <testcase name="checkOptionsProcessing" time="0.08" classname="io.swagger.codegen.java.JavaClientOptionsTest"/>
  <testcase name="javaInheritanceTest" time="0.004" classname="io.swagger.codegen.java.JavaInheritanceTest"/>
  <testcase name="javaInheritanceWithDiscriminatorTest" time="0.0" classname="io.swagger.codegen.java.JavaInheritanceTest"/>
  <testcase name="converterTest" time="0.002" classname="io.swagger.codegen.java.JavaModelEnumTest"/>
  <testcase name="overrideEnumTest" time="0.002" classname="io.swagger.codegen.java.JavaModelEnumTest"/>
  <testcase name="arrayModelTest" time="0.002" classname="io.swagger.codegen.java.JavaModelTest"/>
  <testcase name="binaryDataTest" time="0.002" classname="io.swagger.codegen.java.JavaModelTest"/>
  <testcase name="complexListPropertyTest" time="0.0" classname="io.swagger.codegen.java.JavaModelTest"/>
  <testcase name="complexMapPropertyTest" time="0.0" classname="io.swagger.codegen.java.JavaModelTest"/>
  <testcase name="complexPropertiesTest" time="0.001" classname="io.swagger.codegen.java.JavaModelTest"/>
  <testcase name="convertParameterTest" time="0.0" classname="io.swagger.codegen.java.JavaModelTest"/>
  <testcase name="escapeNamesTest" time="0.0" classname="io.swagger.codegen.java.JavaModelTest"/>
  <testcase name="hyphensTest" time="0.0" classname="io.swagger.codegen.java.JavaModelTest"/>
  <testcase name="invalidParamNameTest" time="0.0" classname="io.swagger.codegen.java.JavaModelTest"/>
  <testcase name="list2DPropertyTest" time="0.001" classname="io.swagger.codegen.java.JavaModelTest"/>
  <testcase name="listPropertyTest" time="0.001" classname="io.swagger.codegen.java.JavaModelTest"/>
  <testcase name="mapModelTest" time="0.0" classname="io.swagger.codegen.java.JavaModelTest"/>
  <testcase name="mapPropertyTest" time="0.001" classname="io.swagger.codegen.java.JavaModelTest"/>
  <testcase name="mapWithAnListOfBigDecimalTest" time="0.003" classname="io.swagger.codegen.java.JavaModelTest"/>
  <testcase name="mapWithListPropertyTest" time="0.0" classname="io.swagger.codegen.java.JavaModelTest"/>
  <testcase name="modelNameTest" time="0.0" classname="io.swagger.codegen.java.JavaModelTest"/>
  <testcase name="modelNameTest" time="0.001" classname="io.swagger.codegen.java.JavaModelTest"/>
  <testcase name="modelNameTest" time="0.0" classname="io.swagger.codegen.java.JavaModelTest"/>
  <testcase name="modelNameTest" time="0.0" classname="io.swagger.codegen.java.JavaModelTest"/>
  <testcase name="modelNameTest" time="0.001" classname="io.swagger.codegen.java.JavaModelTest"/>
  <testcase name="modelNameTest" time="0.0" classname="io.swagger.codegen.java.JavaModelTest"/>
  <testcase name="modelNameTest" time="0.001" classname="io.swagger.codegen.java.JavaModelTest"/>
  <testcase name="modelNameTest" time="0.0" classname="io.swagger.codegen.java.JavaModelTest"/>
  <testcase name="secondCharUpperCaseNamesTest" time="0.0" classname="io.swagger.codegen.java.JavaModelTest"/>
  <testcase name="simpleModelTest" time="0.001" classname="io.swagger.codegen.java.JavaModelTest"/>
  <testcase name="squareBracketsTest" time="0.001" classname="io.swagger.codegen.java.JavaModelTest"/>
  <testcase name="upperCaseNamesTest" time="0.0" classname="io.swagger.codegen.java.JavaModelTest"/>
  <testcase name="annotationsTest" time="0.002" classname="io.swagger.codegen.java.jaxrs.AllowableValuesTest"/>
  <testcase name="annotationsTest" time="0.0" classname="io.swagger.codegen.java.jaxrs.AllowableValuesTest"/>
  <testcase name="annotationsTest" time="0.0" classname="io.swagger.codegen.java.jaxrs.AllowableValuesTest"/>
  <testcase name="annotationsTest" time="0.001" classname="io.swagger.codegen.java.jaxrs.AllowableValuesTest"/>
  <testcase name="annotationsTest" time="0.0" classname="io.swagger.codegen.java.jaxrs.AllowableValuesTest"/>
  <testcase name="checkOptionsHelp" time="0.003" classname="io.swagger.codegen.javascript.JavaScriptClientOptionsTest"/>
  <testcase name="checkOptionsProcessing" time="0.08" classname="io.swagger.codegen.javascript.JavaScriptClientOptionsTest"/>
  <testcase name="javascriptInheritanceTest" time="0.003" classname="io.swagger.codegen.javascript.JavaScriptInheritanceTest"/>
  <testcase name="javascriptNoInheritanceTest" time="0.0" classname="io.swagger.codegen.javascript.JavaScriptInheritanceTest"/>
  <testcase name="converterTest" time="0.0" classname="io.swagger.codegen.javascript.JavaScriptModelEnumTest"/>
  <testcase name="enumArrayMdoelTest" time="0.084" classname="io.swagger.codegen.javascript.JavaScriptModelEnumTest"/>
  <testcase name="enumMdoelValueTest" time="0.033" classname="io.swagger.codegen.javascript.JavaScriptModelEnumTest"/>
  <testcase name="overrideEnumTest" time="0.001" classname="io.swagger.codegen.javascript.JavaScriptModelEnumTest"/>
  <testcase name="arrayModelTest" time="0.002" classname="io.swagger.codegen.javascript.JavaScriptModelTest"/>
  <testcase name="binaryDataTest" time="0.001" classname="io.swagger.codegen.javascript.JavaScriptModelTest"/>
  <testcase name="complexListPropertyTest" time="0.001" classname="io.swagger.codegen.javascript.JavaScriptModelTest"/>
  <testcase name="complexMapPropertyTest" time="0.001" classname="io.swagger.codegen.javascript.JavaScriptModelTest"/>
  <testcase name="complexPropertiesTest" time="0.0" classname="io.swagger.codegen.javascript.JavaScriptModelTest"/>
  <testcase name="convertParameterTest" time="0.0" classname="io.swagger.codegen.javascript.JavaScriptModelTest"/>
  <testcase name="escapeNamesTest" time="0.001" classname="io.swagger.codegen.javascript.JavaScriptModelTest"/>
  <testcase name="hyphensTest" time="0.0" classname="io.swagger.codegen.javascript.JavaScriptModelTest"/>
  <testcase name="invalidParamNameTest" time="0.0" classname="io.swagger.codegen.javascript.JavaScriptModelTest"/>
  <testcase name="list2DPropertyTest" time="0.001" classname="io.swagger.codegen.javascript.JavaScriptModelTest"/>
  <testcase name="listPropertyTest" time="0.001" classname="io.swagger.codegen.javascript.JavaScriptModelTest"/>
  <testcase name="mapModelTest" time="0.001" classname="io.swagger.codegen.javascript.JavaScriptModelTest"/>
  <testcase name="mapPropertyTest" time="0.001" classname="io.swagger.codegen.javascript.JavaScriptModelTest"/>
  <testcase name="mapWithListPropertyTest" time="0.001" classname="io.swagger.codegen.javascript.JavaScriptModelTest"/>
  <testcase name="modelNameTest" time="0.0" classname="io.swagger.codegen.javascript.JavaScriptModelTest"/>
  <testcase name="modelNameTest" time="0.0" classname="io.swagger.codegen.javascript.JavaScriptModelTest"/>
  <testcase name="modelNameTest" time="0.0" classname="io.swagger.codegen.javascript.JavaScriptModelTest"/>
  <testcase name="modelNameTest" time="0.001" classname="io.swagger.codegen.javascript.JavaScriptModelTest"/>
  <testcase name="modelNameTest" time="0.0" classname="io.swagger.codegen.javascript.JavaScriptModelTest"/>
  <testcase name="modelNameTest" time="0.0" classname="io.swagger.codegen.javascript.JavaScriptModelTest"/>
  <testcase name="modelNameTest" time="0.0" classname="io.swagger.codegen.javascript.JavaScriptModelTest"/>
  <testcase name="modelNameTest" time="0.0" classname="io.swagger.codegen.javascript.JavaScriptModelTest"/>
  <testcase name="secondCharUpperCaseNamesTest" time="0.001" classname="io.swagger.codegen.javascript.JavaScriptModelTest"/>
  <testcase name="simpleModelTest" time="0.001" classname="io.swagger.codegen.javascript.JavaScriptModelTest"/>
  <testcase name="squareBracketsTest" time="0.0" classname="io.swagger.codegen.javascript.JavaScriptModelTest"/>
  <testcase name="upperCaseNamesTest" time="0.001" classname="io.swagger.codegen.javascript.JavaScriptModelTest"/>
  <testcase name="simpleModelTest" time="0.009" classname="io.swagger.codegen.jaxrs.JaxrsJava8ModelTest"/>
  <testcase name="simpleModelTest" time="0.003" classname="io.swagger.codegen.jaxrs.JaxrsJodaModelTest"/>
  <testcase name="checkOptionsHelp" time="0.005" classname="io.swagger.codegen.jaxrs.JaxRSServerOptionsTest"/>
  <testcase name="checkOptionsProcessing" time="0.135" classname="io.swagger.codegen.jaxrs.JaxRSServerOptionsTest"/>
  <testcase name="booleanOptionsTest" time="0.001" classname="io.swagger.codegen.languages.BooleanOptionsTest"/>
  <testcase name="booleanOptionsTest" time="0.0" classname="io.swagger.codegen.languages.BooleanOptionsTest"/>
  <testcase name="booleanOptionsTest" time="0.0" classname="io.swagger.codegen.languages.BooleanOptionsTest"/>
  <testcase name="booleanOptionsTest" time="0.0" classname="io.swagger.codegen.languages.BooleanOptionsTest"/>
  <testcase name="booleanOptionsTest" time="0.0" classname="io.swagger.codegen.languages.BooleanOptionsTest"/>
  <testcase name="booleanOptionsTest" time="0.001" classname="io.swagger.codegen.languages.BooleanOptionsTest"/>
  <testcase name="booleanOptionsTest" time="0.0" classname="io.swagger.codegen.languages.BooleanOptionsTest"/>
  <testcase name="booleanOptionsTest" time="0.0" classname="io.swagger.codegen.languages.BooleanOptionsTest"/>
  <testcase name="booleanOptionsTest" time="0.0" classname="io.swagger.codegen.languages.BooleanOptionsTest"/>
  <testcase name="booleanOptionsTest" time="0.0" classname="io.swagger.codegen.languages.BooleanOptionsTest"/>
  <testcase name="booleanOptionsTest" time="0.0" classname="io.swagger.codegen.languages.BooleanOptionsTest"/>
  <testcase name="booleanOptionsTest" time="0.0" classname="io.swagger.codegen.languages.BooleanOptionsTest"/>
  <testcase name="booleanOptionsTest" time="0.0" classname="io.swagger.codegen.languages.BooleanOptionsTest"/>
  <testcase name="booleanOptionsTest" time="0.001" classname="io.swagger.codegen.languages.BooleanOptionsTest"/>
  <testcase name="booleanOptionsTest" time="0.0" classname="io.swagger.codegen.languages.BooleanOptionsTest"/>
  <testcase name="booleanOptionsTest" time="0.0" classname="io.swagger.codegen.languages.BooleanOptionsTest"/>
  <testcase name="booleanOptionsTest" time="0.0" classname="io.swagger.codegen.languages.BooleanOptionsTest"/>
  <testcase name="booleanOptionsTest" time="0.001" classname="io.swagger.codegen.languages.BooleanOptionsTest"/>
  <testcase name="booleanOptionsTest" time="0.0" classname="io.swagger.codegen.languages.BooleanOptionsTest"/>
  <testcase name="booleanOptionsTest" time="0.0" classname="io.swagger.codegen.languages.BooleanOptionsTest"/>
  <testcase name="booleanOptionsTest" time="0.0" classname="io.swagger.codegen.languages.BooleanOptionsTest"/>
  <testcase name="booleanOptionsTest" time="0.0" classname="io.swagger.codegen.languages.BooleanOptionsTest"/>
  <testcase name="booleanOptionsTest" time="0.0" classname="io.swagger.codegen.languages.BooleanOptionsTest"/>
  <testcase name="booleanOptionsTest" time="0.0" classname="io.swagger.codegen.languages.BooleanOptionsTest"/>
  <testcase name="booleanOptionsTest" time="0.0" classname="io.swagger.codegen.languages.BooleanOptionsTest"/>
  <testcase name="booleanOptionsTest" time="0.001" classname="io.swagger.codegen.languages.BooleanOptionsTest"/>
  <testcase name="booleanOptionsTest" time="0.0" classname="io.swagger.codegen.languages.BooleanOptionsTest"/>
  <testcase name="booleanOptionsTest" time="0.0" classname="io.swagger.codegen.languages.BooleanOptionsTest"/>
  <testcase name="booleanOptionsTest" time="0.0" classname="io.swagger.codegen.languages.BooleanOptionsTest"/>
  <testcase name="booleanOptionsTest" time="0.0" classname="io.swagger.codegen.languages.BooleanOptionsTest"/>
  <testcase name="booleanOptionsTest" time="0.0" classname="io.swagger.codegen.languages.BooleanOptionsTest"/>
  <testcase name="booleanOptionsTest" time="0.0" classname="io.swagger.codegen.languages.BooleanOptionsTest"/>
  <testcase name="booleanOptionsTest" time="0.0" classname="io.swagger.codegen.languages.BooleanOptionsTest"/>
  <testcase name="booleanOptionsTest" time="0.0" classname="io.swagger.codegen.languages.BooleanOptionsTest"/>
  <testcase name="booleanOptionsTest" time="0.001" classname="io.swagger.codegen.languages.BooleanOptionsTest"/>
  <testcase name="booleanOptionsTest" time="0.0" classname="io.swagger.codegen.languages.BooleanOptionsTest"/>
  <testcase name="booleanOptionsTest" time="0.0" classname="io.swagger.codegen.languages.BooleanOptionsTest"/>
  <testcase name="booleanOptionsTest" time="0.0" classname="io.swagger.codegen.languages.BooleanOptionsTest"/>
  <testcase name="booleanOptionsTest" time="0.0" classname="io.swagger.codegen.languages.BooleanOptionsTest"/>
  <testcase name="booleanOptionsTest" time="0.0" classname="io.swagger.codegen.languages.BooleanOptionsTest"/>
  <testcase name="booleanOptionsTest" time="0.0" classname="io.swagger.codegen.languages.BooleanOptionsTest"/>
  <testcase name="booleanOptionsTest" time="0.0" classname="io.swagger.codegen.languages.BooleanOptionsTest"/>
  <testcase name="booleanOptionsTest" time="0.0" classname="io.swagger.codegen.languages.BooleanOptionsTest"/>
  <testcase name="booleanOptionsTest" time="0.0" classname="io.swagger.codegen.languages.BooleanOptionsTest"/>
  <testcase name="booleanOptionsTest" time="0.0" classname="io.swagger.codegen.languages.BooleanOptionsTest"/>
  <testcase name="booleanOptionsTest" time="0.0" classname="io.swagger.codegen.languages.BooleanOptionsTest"/>
  <testcase name="booleanOptionsTest" time="0.0" classname="io.swagger.codegen.languages.BooleanOptionsTest"/>
  <testcase name="booleanOptionsTest" time="0.0" classname="io.swagger.codegen.languages.BooleanOptionsTest"/>
  <testcase name="booleanOptionsTest" time="0.0" classname="io.swagger.codegen.languages.BooleanOptionsTest"/>
  <testcase name="booleanOptionsTest" time="0.0" classname="io.swagger.codegen.languages.BooleanOptionsTest"/>
  <testcase name="booleanOptionsTest" time="0.0" classname="io.swagger.codegen.languages.BooleanOptionsTest"/>
  <testcase name="booleanOptionsTest" time="0.0" classname="io.swagger.codegen.languages.BooleanOptionsTest"/>
  <testcase name="booleanOptionsTest" time="0.0" classname="io.swagger.codegen.languages.BooleanOptionsTest"/>
  <testcase name="booleanOptionsTest" time="0.0" classname="io.swagger.codegen.languages.BooleanOptionsTest"/>
  <testcase name="testSanitizeTag" time="0.0" classname="io.swagger.codegen.languages.ClojureClientCodegenTest"/>
  <testcase name="testToApiFilename" time="0.001" classname="io.swagger.codegen.languages.ClojureClientCodegenTest"/>
  <testcase name="testToApiName" time="0.0" classname="io.swagger.codegen.languages.ClojureClientCodegenTest"/>
  <testcase name="checkOptionsHelp" time="0.003" classname="io.swagger.codegen.lumen.LumenServerOptionsTest"/>
  <testcase name="checkOptionsProcessing" time="0.106" classname="io.swagger.codegen.lumen.LumenServerOptionsTest"/>
  <testcase name="checkOptionsHelp" time="0.004" classname="io.swagger.codegen.nodejs.NodeJSServerOptionsTest"/>
  <testcase name="checkOptionsProcessing" time="0.072" classname="io.swagger.codegen.nodejs.NodeJSServerOptionsTest"/>
  <testcase name="checkOptionsHelp" time="0.004" classname="io.swagger.codegen.objc.ObjcClientOptionsTest"/>
  <testcase name="checkOptionsProcessing" time="0.079" classname="io.swagger.codegen.objc.ObjcClientOptionsTest"/>
  <testcase name="advancedMapPropertyTest" time="0.004" classname="io.swagger.codegen.objc.ObjcModelTest"/>
  <testcase name="arrayModelTest" time="0.001" classname="io.swagger.codegen.objc.ObjcModelTest"/>
  <testcase name="binaryDataModelTest" time="0.005" classname="io.swagger.codegen.objc.ObjcModelTest"/>
  <testcase name="complexListPropertyTest" time="0.001" classname="io.swagger.codegen.objc.ObjcModelTest"/>
  <testcase name="complexMapPropertyTest" time="0.001" classname="io.swagger.codegen.objc.ObjcModelTest"/>
  <testcase name="complexPropertyTest" time="0.0" classname="io.swagger.codegen.objc.ObjcModelTest"/>
  <testcase name="isArrayModelModelTest" time="0.033" classname="io.swagger.codegen.objc.ObjcModelTest"/>
  <testcase name="issue316Test" time="0.005" classname="io.swagger.codegen.objc.ObjcModelTest"/>
  <testcase name="listPropertyTest" time="0.0" classname="io.swagger.codegen.objc.ObjcModelTest"/>
  <testcase name="mapModelTest" time="0.0" classname="io.swagger.codegen.objc.ObjcModelTest"/>
  <testcase name="mapPropertyTest" time="0.001" classname="io.swagger.codegen.objc.ObjcModelTest"/>
  <testcase name="mixedPropertiesDataModelTest" time="0.02" classname="io.swagger.codegen.objc.ObjcModelTest"/>
  <testcase name="simpleModelTest" time="0.001" classname="io.swagger.codegen.objc.ObjcModelTest"/>
  <testcase name="udidAndPasswordDataModelTest" time="0.019" classname="io.swagger.codegen.objc.ObjcModelTest"/>
  <testcase name="checkOptionsHelp" time="0.003" classname="io.swagger.codegen.perl.PerlClientOptionsTest"/>
  <testcase name="checkOptionsProcessing" time="0.078" classname="io.swagger.codegen.perl.PerlClientOptionsTest"/>
  <testcase name="checkOptionsHelp" time="0.005" classname="io.swagger.codegen.php.PhpClientOptionsTest"/>
  <testcase name="checkOptionsProcessing" time="0.086" classname="io.swagger.codegen.php.PhpClientOptionsTest"/>
  <testcase name="arrayModelTest" time="0.003" classname="io.swagger.codegen.php.PhpModelTest"/>
  <testcase name="complexListProperty" time="0.001" classname="io.swagger.codegen.php.PhpModelTest"/>
  <testcase name="complexMapProperty" time="0.001" classname="io.swagger.codegen.php.PhpModelTest"/>
  <testcase name="complexPropertyTest" time="0.0" classname="io.swagger.codegen.php.PhpModelTest"/>
  <testcase name="enumArrayMdoelTest" time="0.027" classname="io.swagger.codegen.php.PhpModelTest"/>
  <testcase name="enumMdoelValueTest" time="0.018" classname="io.swagger.codegen.php.PhpModelTest"/>
  <testcase name="listPropertyTest" time="0.0" classname="io.swagger.codegen.php.PhpModelTest"/>
  <testcase name="mapModelTest" time="0.0" classname="io.swagger.codegen.php.PhpModelTest"/>
  <testcase name="mapPropertyTest" time="0.001" classname="io.swagger.codegen.php.PhpModelTest"/>
  <testcase name="modelNameTest" time="0.0" classname="io.swagger.codegen.php.PhpModelTest"/>
  <testcase name="modelNameTest" time="0.0" classname="io.swagger.codegen.php.PhpModelTest"/>
  <testcase name="modelNameTest" time="0.0" classname="io.swagger.codegen.php.PhpModelTest"/>
  <testcase name="modelNameTest" time="0.0" classname="io.swagger.codegen.php.PhpModelTest"/>
  <testcase name="modelNameTest" time="0.001" classname="io.swagger.codegen.php.PhpModelTest"/>
  <testcase name="modelNameTest" time="0.0" classname="io.swagger.codegen.php.PhpModelTest"/>
  <testcase name="modelNameTest" time="0.001" classname="io.swagger.codegen.php.PhpModelTest"/>
  <testcase name="simpleModelTest" time="0.001" classname="io.swagger.codegen.php.PhpModelTest"/>
  <testcase name="checkOptionsHelp" time="0.003" classname="io.swagger.codegen.python.PythonClientOptionsTest"/>
  <testcase name="checkOptionsProcessing" time="0.083" classname="io.swagger.codegen.python.PythonClientOptionsTest"/>
  <testcase name="complexListPropertyTest" time="0.003" classname="io.swagger.codegen.python.PythonTest"/>
  <testcase name="complexMapPropertyTest" time="0.001" classname="io.swagger.codegen.python.PythonTest"/>
  <testcase name="complexPropertyTest" time="0.001" classname="io.swagger.codegen.python.PythonTest"/>
  <testcase name="listPropertyTest" time="0.001" classname="io.swagger.codegen.python.PythonTest"/>
  <testcase name="mapPropertyTest" time="0.0" classname="io.swagger.codegen.python.PythonTest"/>
  <testcase name="modelTest" time="0.147" classname="io.swagger.codegen.python.PythonTest"/>
  <testcase name="simpleModelTest" time="0.001" classname="io.swagger.codegen.python.PythonTest"/>
  <testcase name="checkOptionsHelp" time="0.003" classname="io.swagger.codegen.qtfivecpp.Qt5CPPOptionsTest"/>
  <testcase name="checkOptionsProcessing" time="0.078" classname="io.swagger.codegen.qtfivecpp.Qt5CPPOptionsTest"/>
  <testcase name="testGenerateRubyClientWithHtmlEntity" time="0.068" classname="io.swagger.codegen.ruby.RubyClientCodegenTest"/>
  <testcase name="checkOptionsHelp" time="0.006" classname="io.swagger.codegen.ruby.RubyClientOptionsTest"/>
  <testcase name="checkOptionsProcessing" time="0.093" classname="io.swagger.codegen.ruby.RubyClientOptionsTest"/>
  <testcase name="checkOptionsHelp" time="0.004" classname="io.swagger.codegen.scala.ScalaClientOptionsTest"/>
  <testcase name="checkOptionsProcessing" time="0.11" classname="io.swagger.codegen.scala.ScalaClientOptionsTest"/>
  <testcase name="arrayModelTest" time="0.004" classname="io.swagger.codegen.scala.ScalaModelTest"/>
  <testcase name="complexListPropertyTest" time="0.001" classname="io.swagger.codegen.scala.ScalaModelTest"/>
  <testcase name="complexMapPropertyTest" time="0.001" classname="io.swagger.codegen.scala.ScalaModelTest"/>
  <testcase name="complexPropertyTest" time="0.001" classname="io.swagger.codegen.scala.ScalaModelTest"/>
  <testcase name="listPropertyTest" time="0.002" classname="io.swagger.codegen.scala.ScalaModelTest"/>
  <testcase name="mapModelTest" time="0.001" classname="io.swagger.codegen.scala.ScalaModelTest"/>
  <testcase name="mapPropertyTest" time="0.001" classname="io.swagger.codegen.scala.ScalaModelTest"/>
  <testcase name="simpleModelTest" time="0.001" classname="io.swagger.codegen.scala.ScalaModelTest"/>
  <testcase name="checkOptionsHelp" time="0.003" classname="io.swagger.codegen.scalatra.ScalatraServerOptionsTest"/>
  <testcase name="checkOptionsProcessing" time="0.096" classname="io.swagger.codegen.scalatra.ScalatraServerOptionsTest"/>
  <testcase name="checkOptionsHelp" time="0.004" classname="io.swagger.codegen.silex.SilexServerOptionsTest"/>
  <testcase name="checkOptionsProcessing" time="0.078" classname="io.swagger.codegen.silex.SilexServerOptionsTest"/>
  <testcase name="checkOptionsHelp" time="0.004" classname="io.swagger.codegen.sinatra.SinatraServerOptionsTest"/>
  <testcase name="checkOptionsProcessing" time="0.082" classname="io.swagger.codegen.sinatra.SinatraServerOptionsTest"/>
  <testcase name="checkOptionsHelp" time="0.004" classname="io.swagger.codegen.slim.SlimFrameworkServerOptionsTest"/>
  <testcase name="checkOptionsProcessing" time="0.083" classname="io.swagger.codegen.slim.SlimFrameworkServerOptionsTest"/>
  <testcase name="checkOptionsHelp" time="0.004" classname="io.swagger.codegen.spring.SpringOptionsTest"/>
  <testcase name="checkOptionsProcessing" time="0.112" classname="io.swagger.codegen.spring.SpringOptionsTest"/>
  <testcase name="checkOptionsHelp" time="0.003" classname="io.swagger.codegen.staticDocs.StaticDocOptionsTest"/>
  <testcase name="checkOptionsProcessing" time="0.072" classname="io.swagger.codegen.staticDocs.StaticDocOptionsTest"/>
  <testcase name="complexParameterTest" time="0.002" classname="io.swagger.codegen.staticDocs.StaticOperationTest"/>
  <testcase name="listParameterTest" time="0.0" classname="io.swagger.codegen.staticDocs.StaticOperationTest"/>
  <testcase name="stringParameterTest" time="0.0" classname="io.swagger.codegen.staticDocs.StaticOperationTest"/>
  <testcase name="checkOptionsHelp" time="0.002" classname="io.swagger.codegen.statichtml.StaticHtmlOptionsTest"/>
  <testcase name="checkOptionsProcessing" time="0.073" classname="io.swagger.codegen.statichtml.StaticHtmlOptionsTest"/>
  <testcase name="testApiTags" time="0.036" classname="io.swagger.codegen.statichtml.StaticHtmlTagsTest"/>
  <testcase name="checkOptionsHelp" time="0.004" classname="io.swagger.codegen.swagger.SwaggerOptionsTest"/>
  <testcase name="checkOptionsProcessing" time="0.079" classname="io.swagger.codegen.swagger.SwaggerOptionsTest"/>
  <testcase name="swaggerMigratorTest" time="0.164" classname="io.swagger.codegen.SwaggerMigratorTest"/>
  <testcase name="checkOptionsHelp" time="0.004" classname="io.swagger.codegen.swaggeryaml.SwaggerYamlOptionsTest"/>
  <testcase name="checkOptionsProcessing" time="0.073" classname="io.swagger.codegen.swaggeryaml.SwaggerYamlOptionsTest"/>
  <testcase name="binaryDataTest" time="0.008" classname="io.swagger.codegen.swift.SwiftCodegenTest"/>
  <testcase name="shouldNotBreakCorrectName" time="0.0" classname="io.swagger.codegen.swift.SwiftCodegenTest"/>
  <testcase name="testCapitalsWithDash" time="0.001" classname="io.swagger.codegen.swift.SwiftCodegenTest"/>
  <testcase name="testCapitalsWithSpace" time="0.0" classname="io.swagger.codegen.swift.SwiftCodegenTest"/>
  <testcase name="testCapitalsWithUnderscore" time="0.0" classname="io.swagger.codegen.swift.SwiftCodegenTest"/>
  <testcase name="testDefaultPodAuthors" time="0.0" classname="io.swagger.codegen.swift.SwiftCodegenTest"/>
  <testcase name="testLowercaseWithUnderscore" time="0.0" classname="io.swagger.codegen.swift.SwiftCodegenTest"/>
  <testcase name="testPodAuthors" time="0.0" classname="io.swagger.codegen.swift.SwiftCodegenTest"/>
  <testcase name="testSingleWordAllCaps" time="0.0" classname="io.swagger.codegen.swift.SwiftCodegenTest"/>
  <testcase name="testSingleWordLowercase" time="0.0" classname="io.swagger.codegen.swift.SwiftCodegenTest"/>
  <testcase name="simpleModelTest" time="0.001" classname="io.swagger.codegen.swift.SwiftModelTest"/>
  <testcase name="checkOptionsHelp" time="0.003" classname="io.swagger.codegen.swift.SwiftOptionsTest"/>
  <testcase name="checkOptionsProcessing" time="0.084" classname="io.swagger.codegen.swift.SwiftOptionsTest"/>
  <testcase name="checkOptionsHelp" time="0.004" classname="io.swagger.codegen.tizen.TizenClientOptionsTest"/>
  <testcase name="checkOptionsProcessing" time="0.08" classname="io.swagger.codegen.tizen.TizenClientOptionsTest"/>
  <testcase name="checkOptionsHelp" time="0.004" classname="io.swagger.codegen.typescript.fetch.TypeScriptFetchClientOptionsTest"/>
  <testcase name="checkOptionsProcessing" time="0.096" classname="io.swagger.codegen.typescript.fetch.TypeScriptFetchClientOptionsTest"/>
  <testcase name="arrayModelTest" time="0.002" classname="io.swagger.codegen.typescript.fetch.TypeScriptFetchModelTest"/>
  <testcase name="complexListPropertyTest" time="0.0" classname="io.swagger.codegen.typescript.fetch.TypeScriptFetchModelTest"/>
  <testcase name="complexPropertyTest" time="0.0" classname="io.swagger.codegen.typescript.fetch.TypeScriptFetchModelTest"/>
  <testcase name="enumArrayMdoelTest" time="0.026" classname="io.swagger.codegen.typescript.fetch.TypeScriptFetchModelTest"/>
  <testcase name="enumMdoelValueTest" time="0.017" classname="io.swagger.codegen.typescript.fetch.TypeScriptFetchModelTest"/>
  <testcase name="listPropertyTest" time="0.001" classname="io.swagger.codegen.typescript.fetch.TypeScriptFetchModelTest"/>
  <testcase name="mapModelTest" time="0.0" classname="io.swagger.codegen.typescript.fetch.TypeScriptFetchModelTest"/>
  <testcase name="simpleModelTest" time="0.001" classname="io.swagger.codegen.typescript.fetch.TypeScriptFetchModelTest"/>
  <testcase name="checkOptionsHelp" time="0.003" classname="io.swagger.codegen.typescript.typescriptangular.TypeScriptAngularClientOptionsTest"/>
  <testcase name="checkOptionsProcessing" time="0.088" classname="io.swagger.codegen.typescript.typescriptangular.TypeScriptAngularClientOptionsTest"/>
  <testcase name="arrayModelTest" time="0.002" classname="io.swagger.codegen.typescript.typescriptangular.TypeScriptAngularModelTest"/>
  <testcase name="complexListPropertyTest" time="0.001" classname="io.swagger.codegen.typescript.typescriptangular.TypeScriptAngularModelTest"/>
  <testcase name="complexPropertyTest" time="0.0" classname="io.swagger.codegen.typescript.typescriptangular.TypeScriptAngularModelTest"/>
  <testcase name="listPropertyTest" time="0.001" classname="io.swagger.codegen.typescript.typescriptangular.TypeScriptAngularModelTest"/>
  <testcase name="mapModelTest" time="0.0" classname="io.swagger.codegen.typescript.typescriptangular.TypeScriptAngularModelTest"/>
  <testcase name="simpleModelTest" time="0.001" classname="io.swagger.codegen.typescript.typescriptangular.TypeScriptAngularModelTest"/>
</testsuite> <!-- Surefire test -->
