<?xml version="1.0" encoding="UTF-8"?>
<testng-results skipped="0" failed="0" total="23" passed="23">
  <reporter-output>
  </reporter-output>
  <suite name="Command line suite" duration-ms="3346" started-at="2016-09-08T13:11:46Z" finished-at="2016-09-08T13:11:49Z">
    <groups>
    </groups>
    <test name="Command line test" duration-ms="3346" started-at="2016-09-08T13:11:46Z" finished-at="2016-09-08T13:11:49Z">
      <class name="com.rip.sql.dao.EmployeeDaoImplTest">
        <test-method status="PASS" signature="springTestContextBeforeTestClass()[pri:0, instance:com.rip.sql.dao.EmployeeDaoImplTest@32d2fa64]" name="springTestContextBeforeTestClass" is-config="true" duration-ms="2" started-at="2016-09-08T18:41:46Z" finished-at="2016-09-08T18:41:46Z">
          <reporter-output>
          </reporter-output>
        </test-method> <!-- springTestContextBeforeTestClass -->
        <test-method status="PASS" signature="springTestContextPrepareTestInstance()[pri:0, instance:com.rip.sql.dao.EmployeeDaoImplTest@32d2fa64]" name="springTestContextPrepareTestInstance" is-config="true" duration-ms="2257" started-at="2016-09-08T18:41:46Z" depends-on-methods="org.springframework.test.context.testng.AbstractTestNGSpringContextTests.springTestContextBeforeTestClass" finished-at="2016-09-08T18:41:48Z">
          <reporter-output>
          </reporter-output>
        </test-method> <!-- springTestContextPrepareTestInstance -->
        <test-method status="PASS" signature="springTestContextBeforeTestMethod(java.lang.reflect.Method)[pri:0, instance:com.rip.sql.dao.EmployeeDaoImplTest@32d2fa64]" name="springTestContextBeforeTestMethod" is-config="true" duration-ms="72" started-at="2016-09-08T18:41:48Z" finished-at="2016-09-08T18:41:48Z">
          <params>
            <param index="0">
              <value>
                <![CDATA[public void com.rip.sql.dao.EmployeeDaoImplTest.deleteEmployeeByInvalidSsn()]]>
              </value>
            </param>
          </params>
          <reporter-output>
          </reporter-output>
        </test-method> <!-- springTestContextBeforeTestMethod -->
        <test-method status="PASS" signature="setUp()[pri:0, instance:com.rip.sql.dao.EmployeeDaoImplTest@32d2fa64]" name="setUp" is-config="true" duration-ms="152" started-at="2016-09-08T18:41:48Z" finished-at="2016-09-08T18:41:49Z">
          <reporter-output>
          </reporter-output>
        </test-method> <!-- setUp -->
        <test-method status="PASS" signature="deleteEmployeeByInvalidSsn()[pri:0, instance:com.rip.sql.dao.EmployeeDaoImplTest@32d2fa64]" name="deleteEmployeeByInvalidSsn" duration-ms="115" started-at="2016-09-08T18:41:49Z" finished-at="2016-09-08T18:41:49Z">
          <reporter-output>
          </reporter-output>
        </test-method> <!-- deleteEmployeeByInvalidSsn -->
        <test-method status="PASS" signature="springTestContextAfterTestMethod(java.lang.reflect.Method)[pri:0, instance:com.rip.sql.dao.EmployeeDaoImplTest@32d2fa64]" name="springTestContextAfterTestMethod" is-config="true" duration-ms="7" started-at="2016-09-08T18:41:49Z" finished-at="2016-09-08T18:41:49Z">
          <params>
            <param index="0">
              <value>
                <![CDATA[public void com.rip.sql.dao.EmployeeDaoImplTest.deleteEmployeeByInvalidSsn()]]>
              </value>
            </param>
          </params>
          <reporter-output>
          </reporter-output>
        </test-method> <!-- springTestContextAfterTestMethod -->
        <test-method status="PASS" signature="springTestContextBeforeTestMethod(java.lang.reflect.Method)[pri:0, instance:com.rip.sql.dao.EmployeeDaoImplTest@32d2fa64]" name="springTestContextBeforeTestMethod" is-config="true" duration-ms="3" started-at="2016-09-08T18:41:49Z" finished-at="2016-09-08T18:41:49Z">
          <params>
            <param index="0">
              <value>
                <![CDATA[public void com.rip.sql.dao.EmployeeDaoImplTest.deleteEmployeeBySsn()]]>
              </value>
            </param>
          </params>
          <reporter-output>
          </reporter-output>
        </test-method> <!-- springTestContextBeforeTestMethod -->
        <test-method status="PASS" signature="setUp()[pri:0, instance:com.rip.sql.dao.EmployeeDaoImplTest@32d2fa64]" name="setUp" is-config="true" duration-ms="15" started-at="2016-09-08T18:41:49Z" finished-at="2016-09-08T18:41:49Z">
          <reporter-output>
          </reporter-output>
        </test-method> <!-- setUp -->
        <test-method status="PASS" signature="deleteEmployeeBySsn()[pri:0, instance:com.rip.sql.dao.EmployeeDaoImplTest@32d2fa64]" name="deleteEmployeeBySsn" duration-ms="4" started-at="2016-09-08T18:41:49Z" finished-at="2016-09-08T18:41:49Z">
          <reporter-output>
          </reporter-output>
        </test-method> <!-- deleteEmployeeBySsn -->
        <test-method status="PASS" signature="springTestContextAfterTestMethod(java.lang.reflect.Method)[pri:0, instance:com.rip.sql.dao.EmployeeDaoImplTest@32d2fa64]" name="springTestContextAfterTestMethod" is-config="true" duration-ms="6" started-at="2016-09-08T18:41:49Z" finished-at="2016-09-08T18:41:49Z">
          <params>
            <param index="0">
              <value>
                <![CDATA[public void com.rip.sql.dao.EmployeeDaoImplTest.deleteEmployeeBySsn()]]>
              </value>
            </param>
          </params>
          <reporter-output>
          </reporter-output>
        </test-method> <!-- springTestContextAfterTestMethod -->
        <test-method status="PASS" signature="springTestContextBeforeTestMethod(java.lang.reflect.Method)[pri:0, instance:com.rip.sql.dao.EmployeeDaoImplTest@32d2fa64]" name="springTestContextBeforeTestMethod" is-config="true" duration-ms="9" started-at="2016-09-08T18:41:49Z" finished-at="2016-09-08T18:41:49Z">
          <params>
            <param index="0">
              <value>
                <![CDATA[public void com.rip.sql.dao.EmployeeDaoImplTest.findAllEmployees()]]>
              </value>
            </param>
          </params>
          <reporter-output>
          </reporter-output>
        </test-method> <!-- springTestContextBeforeTestMethod -->
        <test-method status="PASS" signature="setUp()[pri:0, instance:com.rip.sql.dao.EmployeeDaoImplTest@32d2fa64]" name="setUp" is-config="true" duration-ms="16" started-at="2016-09-08T18:41:49Z" finished-at="2016-09-08T18:41:49Z">
          <reporter-output>
          </reporter-output>
        </test-method> <!-- setUp -->
        <test-method status="PASS" signature="findAllEmployees()[pri:0, instance:com.rip.sql.dao.EmployeeDaoImplTest@32d2fa64]" name="findAllEmployees" duration-ms="3" started-at="2016-09-08T18:41:49Z" finished-at="2016-09-08T18:41:49Z">
          <reporter-output>
          </reporter-output>
        </test-method> <!-- findAllEmployees -->
        <test-method status="PASS" signature="springTestContextAfterTestMethod(java.lang.reflect.Method)[pri:0, instance:com.rip.sql.dao.EmployeeDaoImplTest@32d2fa64]" name="springTestContextAfterTestMethod" is-config="true" duration-ms="2" started-at="2016-09-08T18:41:49Z" finished-at="2016-09-08T18:41:49Z">
          <params>
            <param index="0">
              <value>
                <![CDATA[public void com.rip.sql.dao.EmployeeDaoImplTest.findAllEmployees()]]>
              </value>
            </param>
          </params>
          <reporter-output>
          </reporter-output>
        </test-method> <!-- springTestContextAfterTestMethod -->
        <test-method status="PASS" signature="springTestContextBeforeTestMethod(java.lang.reflect.Method)[pri:0, instance:com.rip.sql.dao.EmployeeDaoImplTest@32d2fa64]" name="springTestContextBeforeTestMethod" is-config="true" duration-ms="3" started-at="2016-09-08T18:41:49Z" finished-at="2016-09-08T18:41:49Z">
          <params>
            <param index="0">
              <value>
                <![CDATA[public void com.rip.sql.dao.EmployeeDaoImplTest.findById()]]>
              </value>
            </param>
          </params>
          <reporter-output>
          </reporter-output>
        </test-method> <!-- springTestContextBeforeTestMethod -->
        <test-method status="PASS" signature="setUp()[pri:0, instance:com.rip.sql.dao.EmployeeDaoImplTest@32d2fa64]" name="setUp" is-config="true" duration-ms="14" started-at="2016-09-08T18:41:49Z" finished-at="2016-09-08T18:41:49Z">
          <reporter-output>
          </reporter-output>
        </test-method> <!-- setUp -->
        <test-method status="PASS" signature="findById()[pri:0, instance:com.rip.sql.dao.EmployeeDaoImplTest@32d2fa64]" name="findById" duration-ms="16" started-at="2016-09-08T18:41:49Z" finished-at="2016-09-08T18:41:49Z">
          <reporter-output>
          </reporter-output>
        </test-method> <!-- findById -->
        <test-method status="PASS" signature="springTestContextAfterTestMethod(java.lang.reflect.Method)[pri:0, instance:com.rip.sql.dao.EmployeeDaoImplTest@32d2fa64]" name="springTestContextAfterTestMethod" is-config="true" duration-ms="3" started-at="2016-09-08T18:41:49Z" finished-at="2016-09-08T18:41:49Z">
          <params>
            <param index="0">
              <value>
                <![CDATA[public void com.rip.sql.dao.EmployeeDaoImplTest.findById()]]>
              </value>
            </param>
          </params>
          <reporter-output>
          </reporter-output>
        </test-method> <!-- springTestContextAfterTestMethod -->
        <test-method status="PASS" signature="springTestContextBeforeTestMethod(java.lang.reflect.Method)[pri:0, instance:com.rip.sql.dao.EmployeeDaoImplTest@32d2fa64]" name="springTestContextBeforeTestMethod" is-config="true" duration-ms="3" started-at="2016-09-08T18:41:49Z" finished-at="2016-09-08T18:41:49Z">
          <params>
            <param index="0">
              <value>
                <![CDATA[public void com.rip.sql.dao.EmployeeDaoImplTest.findEmployeeBySsn()]]>
              </value>
            </param>
          </params>
          <reporter-output>
          </reporter-output>
        </test-method> <!-- springTestContextBeforeTestMethod -->
        <test-method status="PASS" signature="setUp()[pri:0, instance:com.rip.sql.dao.EmployeeDaoImplTest@32d2fa64]" name="setUp" is-config="true" duration-ms="13" started-at="2016-09-08T18:41:49Z" finished-at="2016-09-08T18:41:49Z">
          <reporter-output>
          </reporter-output>
        </test-method> <!-- setUp -->
        <test-method status="PASS" signature="findEmployeeBySsn()[pri:0, instance:com.rip.sql.dao.EmployeeDaoImplTest@32d2fa64]" name="findEmployeeBySsn" duration-ms="17" started-at="2016-09-08T18:41:49Z" finished-at="2016-09-08T18:41:49Z">
          <reporter-output>
          </reporter-output>
        </test-method> <!-- findEmployeeBySsn -->
        <test-method status="PASS" signature="springTestContextAfterTestMethod(java.lang.reflect.Method)[pri:0, instance:com.rip.sql.dao.EmployeeDaoImplTest@32d2fa64]" name="springTestContextAfterTestMethod" is-config="true" duration-ms="2" started-at="2016-09-08T18:41:49Z" finished-at="2016-09-08T18:41:49Z">
          <params>
            <param index="0">
              <value>
                <![CDATA[public void com.rip.sql.dao.EmployeeDaoImplTest.findEmployeeBySsn()]]>
              </value>
            </param>
          </params>
          <reporter-output>
          </reporter-output>
        </test-method> <!-- springTestContextAfterTestMethod -->
        <test-method status="PASS" signature="springTestContextBeforeTestMethod(java.lang.reflect.Method)[pri:0, instance:com.rip.sql.dao.EmployeeDaoImplTest@32d2fa64]" name="springTestContextBeforeTestMethod" is-config="true" duration-ms="13" started-at="2016-09-08T18:41:49Z" finished-at="2016-09-08T18:41:49Z">
          <params>
            <param index="0">
              <value>
                <![CDATA[public void com.rip.sql.dao.EmployeeDaoImplTest.saveEmployee()]]>
              </value>
            </param>
          </params>
          <reporter-output>
          </reporter-output>
        </test-method> <!-- springTestContextBeforeTestMethod -->
        <test-method status="PASS" signature="setUp()[pri:0, instance:com.rip.sql.dao.EmployeeDaoImplTest@32d2fa64]" name="setUp" is-config="true" duration-ms="17" started-at="2016-09-08T18:41:49Z" finished-at="2016-09-08T18:41:49Z">
          <reporter-output>
          </reporter-output>
        </test-method> <!-- setUp -->
        <test-method status="PASS" signature="saveEmployee()[pri:0, instance:com.rip.sql.dao.EmployeeDaoImplTest@32d2fa64]" name="saveEmployee" duration-ms="21" started-at="2016-09-08T18:41:49Z" finished-at="2016-09-08T18:41:49Z">
          <reporter-output>
          </reporter-output>
        </test-method> <!-- saveEmployee -->
        <test-method status="PASS" signature="springTestContextAfterTestMethod(java.lang.reflect.Method)[pri:0, instance:com.rip.sql.dao.EmployeeDaoImplTest@32d2fa64]" name="springTestContextAfterTestMethod" is-config="true" duration-ms="3" started-at="2016-09-08T18:41:49Z" finished-at="2016-09-08T18:41:49Z">
          <params>
            <param index="0">
              <value>
                <![CDATA[public void com.rip.sql.dao.EmployeeDaoImplTest.saveEmployee()]]>
              </value>
            </param>
          </params>
          <reporter-output>
          </reporter-output>
        </test-method> <!-- springTestContextAfterTestMethod -->
        <test-method status="PASS" signature="springTestContextAfterTestClass()[pri:0, instance:com.rip.sql.dao.EmployeeDaoImplTest@32d2fa64]" name="springTestContextAfterTestClass" is-config="true" duration-ms="0" started-at="2016-09-08T18:41:49Z" finished-at="2016-09-08T18:41:49Z">
          <reporter-output>
          </reporter-output>
        </test-method> <!-- springTestContextAfterTestClass -->
      </class> <!-- com.rip.sql.dao.EmployeeDaoImplTest -->
      <class name="com.rip.sql.service.EmployeeServiceImplTest">
        <test-method status="PASS" signature="setUp()[pri:0, instance:com.rip.sql.service.EmployeeServiceImplTest@60285225]" name="setUp" is-config="true" duration-ms="8" started-at="2016-09-08T18:41:49Z" finished-at="2016-09-08T18:41:49Z">
          <reporter-output>
          </reporter-output>
        </test-method> <!-- setUp -->
        <test-method status="PASS" signature="deleteEmployeeBySsn()[pri:0, instance:com.rip.sql.service.EmployeeServiceImplTest@60285225]" name="deleteEmployeeBySsn" duration-ms="1" started-at="2016-09-08T18:41:49Z" finished-at="2016-09-08T18:41:49Z">
          <reporter-output>
          </reporter-output>
        </test-method> <!-- deleteEmployeeBySsn -->
        <test-method status="PASS" signature="findAllEmployees()[pri:0, instance:com.rip.sql.service.EmployeeServiceImplTest@60285225]" name="findAllEmployees" duration-ms="0" started-at="2016-09-08T18:41:49Z" finished-at="2016-09-08T18:41:49Z">
          <reporter-output>
          </reporter-output>
        </test-method> <!-- findAllEmployees -->
        <test-method status="PASS" signature="findEmployeeBySsn()[pri:0, instance:com.rip.sql.service.EmployeeServiceImplTest@60285225]" name="findEmployeeBySsn" duration-ms="1" started-at="2016-09-08T18:41:49Z" finished-at="2016-09-08T18:41:49Z">
          <reporter-output>
          </reporter-output>
        </test-method> <!-- findEmployeeBySsn -->
        <test-method status="PASS" signature="findById()[pri:0, instance:com.rip.sql.service.EmployeeServiceImplTest@60285225]" name="findById" duration-ms="0" started-at="2016-09-08T18:41:49Z" finished-at="2016-09-08T18:41:49Z">
          <reporter-output>
          </reporter-output>
        </test-method> <!-- findById -->
        <test-method status="PASS" signature="isEmployeeSsnUnique()[pri:0, instance:com.rip.sql.service.EmployeeServiceImplTest@60285225]" name="isEmployeeSsnUnique" duration-ms="0" started-at="2016-09-08T18:41:49Z" finished-at="2016-09-08T18:41:49Z">
          <reporter-output>
          </reporter-output>
        </test-method> <!-- isEmployeeSsnUnique -->
        <test-method status="PASS" signature="saveEmployee()[pri:0, instance:com.rip.sql.service.EmployeeServiceImplTest@60285225]" name="saveEmployee" duration-ms="1" started-at="2016-09-08T18:41:49Z" finished-at="2016-09-08T18:41:49Z">
          <reporter-output>
          </reporter-output>
        </test-method> <!-- saveEmployee -->
        <test-method status="PASS" signature="updateEmployee()[pri:0, instance:com.rip.sql.service.EmployeeServiceImplTest@60285225]" name="updateEmployee" duration-ms="1" started-at="2016-09-08T18:41:49Z" finished-at="2016-09-08T18:41:49Z">
          <reporter-output>
          </reporter-output>
        </test-method> <!-- updateEmployee -->
      </class> <!-- com.rip.sql.service.EmployeeServiceImplTest -->
      <class name="com.rip.sql.controller.AppControllerTest">
        <test-method status="PASS" signature="setUp()[pri:0, instance:com.rip.sql.controller.AppControllerTest@7113b13f]" name="setUp" is-config="true" duration-ms="452" started-at="2016-09-08T18:41:46Z" finished-at="2016-09-08T18:41:46Z">
          <reporter-output>
          </reporter-output>
        </test-method> <!-- setUp -->
        <test-method status="PASS" signature="deleteEmployee()[pri:0, instance:com.rip.sql.controller.AppControllerTest@7113b13f]" name="deleteEmployee" duration-ms="18" started-at="2016-09-08T18:41:46Z" finished-at="2016-09-08T18:41:46Z">
          <reporter-output>
          </reporter-output>
        </test-method> <!-- deleteEmployee -->
        <test-method status="PASS" signature="editEmployee()[pri:0, instance:com.rip.sql.controller.AppControllerTest@7113b13f]" name="editEmployee" duration-ms="42" started-at="2016-09-08T18:41:46Z" finished-at="2016-09-08T18:41:46Z">
          <reporter-output>
          </reporter-output>
        </test-method> <!-- editEmployee -->
        <test-method status="PASS" signature="listEmployees()[pri:0, instance:com.rip.sql.controller.AppControllerTest@7113b13f]" name="listEmployees" duration-ms="6" started-at="2016-09-08T18:41:46Z" finished-at="2016-09-08T18:41:46Z">
          <reporter-output>
          </reporter-output>
        </test-method> <!-- listEmployees -->
        <test-method status="PASS" signature="newEmployee()[pri:0, instance:com.rip.sql.controller.AppControllerTest@7113b13f]" name="newEmployee" duration-ms="1" started-at="2016-09-08T18:41:46Z" finished-at="2016-09-08T18:41:46Z">
          <reporter-output>
          </reporter-output>
        </test-method> <!-- newEmployee -->
        <test-method status="PASS" signature="saveEmployeeWithSuccess()[pri:0, instance:com.rip.sql.controller.AppControllerTest@7113b13f]" name="saveEmployeeWithSuccess" duration-ms="1" started-at="2016-09-08T18:41:46Z" finished-at="2016-09-08T18:41:46Z">
          <reporter-output>
          </reporter-output>
        </test-method> <!-- saveEmployeeWithSuccess -->
        <test-method status="PASS" signature="saveEmployeeWithValidationError()[pri:0, instance:com.rip.sql.controller.AppControllerTest@7113b13f]" name="saveEmployeeWithValidationError" duration-ms="1" started-at="2016-09-08T18:41:46Z" finished-at="2016-09-08T18:41:46Z">
          <reporter-output>
          </reporter-output>
        </test-method> <!-- saveEmployeeWithValidationError -->
        <test-method status="PASS" signature="saveEmployeeWithValidationErrorNonUniqueSSN()[pri:0, instance:com.rip.sql.controller.AppControllerTest@7113b13f]" name="saveEmployeeWithValidationErrorNonUniqueSSN" duration-ms="2" started-at="2016-09-08T18:41:46Z" finished-at="2016-09-08T18:41:46Z">
          <reporter-output>
          </reporter-output>
        </test-method> <!-- saveEmployeeWithValidationErrorNonUniqueSSN -->
        <test-method status="PASS" signature="updateEmployeeWithSuccess()[pri:0, instance:com.rip.sql.controller.AppControllerTest@7113b13f]" name="updateEmployeeWithSuccess" duration-ms="1" started-at="2016-09-08T18:41:46Z" finished-at="2016-09-08T18:41:46Z">
          <reporter-output>
          </reporter-output>
        </test-method> <!-- updateEmployeeWithSuccess -->
        <test-method status="PASS" signature="updateEmployeeWithValidationError()[pri:0, instance:com.rip.sql.controller.AppControllerTest@7113b13f]" name="updateEmployeeWithValidationError" duration-ms="1" started-at="2016-09-08T18:41:46Z" finished-at="2016-09-08T18:41:46Z">
          <reporter-output>
          </reporter-output>
        </test-method> <!-- updateEmployeeWithValidationError -->
        <test-method status="PASS" signature="updateEmployeeWithValidationErrorNonUniqueSSN()[pri:0, instance:com.rip.sql.controller.AppControllerTest@7113b13f]" name="updateEmployeeWithValidationErrorNonUniqueSSN" duration-ms="1" started-at="2016-09-08T18:41:46Z" finished-at="2016-09-08T18:41:46Z">
          <reporter-output>
          </reporter-output>
        </test-method> <!-- updateEmployeeWithValidationErrorNonUniqueSSN -->
      </class> <!-- com.rip.sql.controller.AppControllerTest -->
    </test> <!-- Command line test -->
  </suite> <!-- Command line suite -->
</testng-results>
